[0.000000] (-) TimerEvent: {}
[0.000059] (feixi_ros2_control) JobQueued: {'identifier': 'feixi_ros2_control', 'dependencies': OrderedDict()}
[0.000436] (feixi_ros2_control) JobStarted: {'identifier': 'feixi_ros2_control'}
[0.007523] (feixi_ros2_control) JobProgress: {'identifier': 'feixi_ros2_control', 'progress': 'cmake'}
[0.008085] (feixi_ros2_control) JobProgress: {'identifier': 'feixi_ros2_control', 'progress': 'build'}
[0.008517] (feixi_ros2_control) Command: {'cmd': ['/usr/bin/cmake', '--build', '/home/star/program/real/programming/grinding/ros2_build_ws/build/feixi_ros2_control', '--', '-j20', '-l20'], 'cwd': '/home/star/program/real/programming/grinding/ros2_build_ws/build/feixi_ros2_control', 'env': OrderedDict({'GJS_DEBUG_TOPICS': 'JS ERROR;JS LOG', 'npm_config_devdir': '/tmp/cursor-sandbox-cache/38a69e94157fa1e965d8138afaf05ecb/node-gyp', 'LESSOPEN': '| /usr/bin/lesspipe %s', 'VSCODE_CWD': '/home/star', 'CURSOR_EXTENSION_HOST_ROLE': 'agent-exec', 'VSCODE_ESM_ENTRYPOINT': 'vs/workbench/api/node/extensionHostProcess', 'PUPPETEER_CACHE_DIR': '/tmp/cursor-sandbox-cache/38a69e94157fa1e965d8138afaf05ecb/puppeteer', 'USER': 'star', 'VSCODE_NLS_CONFIG': '{"userLocale":"en-us","osLocale":"zh-cn","resolvedLanguage":"en","defaultMessagesFile":"/usr/share/cursor/resources/app/out/nls.messages.json","locale":"en-us","availableLanguages":{}}', 'GZ_CONFIG_PATH': '/opt/ros/jazzy/opt/sdformat_vendor/share/gz', 'CARGO_TARGET_DIR': '/tmp/cursor-sandbox-cache/38a69e94157fa1e965d8138afaf05ecb/cargo-target', 'CCACHE_DIR': '/tmp/cursor-sandbox-cache/38a69e94157fa1e965d8138afaf05ecb/ccache', 'VSCODE_HANDLES_UNCAUGHT_ERRORS': 'true', 'XDG_SESSION_TYPE': 'x11', 'CURSOR_RIPGREP_PATH': '/usr/share/cursor/resources/app/node_modules/@vscode/ripgrep/bin/rg', 'PIP_CACHE_DIR': '/tmp/cursor-sandbox-cache/38a69e94157fa1e965d8138afaf05ecb/pip', 'NUGET_PACKAGES': '/tmp/cursor-sandbox-cache/38a69e94157fa1e965d8138afaf05ecb/nuget', 'HOMEBREW_CACHE': '/tmp/cursor-sandbox-cache/38a69e94157fa1e965d8138afaf05ecb/homebrew', 'CLUTTER_DISABLE_MIPMAPPED_TEXT': '1', 'SHLVL': '1', 'LD_LIBRARY_PATH': '/home/star/program/real/programming/grinding/ros2_build_ws/install/feixi_ros2_control/lib:/home/star/mujoco/lib:/opt/ros/jazzy/opt/sdformat_vendor/lib:/opt/ros/jazzy/opt/rviz_ogre_vendor/lib:/opt/ros/jazzy/lib/x86_64-linux-gnu:/opt/ros/jazzy/opt/gz_math_vendor/lib:/opt/ros/jazzy/opt/gz_utils_vendor/lib:/opt/ros/jazzy/opt/gz_tools_vendor/lib:/opt/ros/jazzy/opt/gz_cmake_vendor/lib:/opt/ros/jazzy/lib:/home/star/mujoco/lib::/home/star/.mujoco/mujoco210/bin:/home/star/.mujoco/mujoco210/bin', 'HOME': '/home/star', 'CHROME_DESKTOP': 'cursor.desktop', 'OLDPWD': '/home/star/program/real/programming/grinding/ros2_build_ws', 'DESKTOP_SESSION': 'ubuntu', 'VSCODE_IPC_HOOK': '/run/user/1000/vscode-f9916691-3.2.-main.sock', 'GIO_LAUNCHED_DESKTOP_FILE': '/usr/share/applications/cursor.desktop', 'ROS_PYTHON_VERSION': '3', 'GNOME_SHELL_SESSION_MODE': 'ubuntu', 'GTK_MODULES': 'gail:atk-bridge', 'CURSOR_ORIG_UID': '1000', 'CURSOR_WORKSPACE_LABEL': 'grinding', 'MANAGERPID': '2196', 'SYSTEMD_EXEC_PID': '2513', 'ROS_LOG_DIR': '/tmp/ros2_smoke2', 'GSM_SKIP_SSH_AGENT_WORKAROUND': 'true', 'NO_COLOR': '1', 'CONDA_PKGS_DIRS': '/tmp/cursor-sandbox-cache/38a69e94157fa1e965d8138afaf05ecb/conda', 'DBUS_SESSION_BUS_ADDRESS': 'unix:path=/run/user/1000/bus', 'GIO_LAUNCHED_DESKTOP_FILE_PID': '7472', 'VSCODE_CRASH_REPORTER_PROCESS_TYPE': 'extensionHost', 'DEBUGINFOD_URLS': 'https://debuginfod.ubuntu.com', 'COMPOSER_HOME': '/tmp/cursor-sandbox-cache/38a69e94157fa1e965d8138afaf05ecb/composer', 'COLCON_PREFIX_PATH': '/home/star/program/real/programming/grinding/ros2_build_ws/install', 'ROS_DISTRO': 'jazzy', 'LOGNAME': 'star', 'FORCE_COLOR': '0', 'JOURNAL_STREAM': '9:30410', 'BUN_INSTALL_CACHE_DIR': '/tmp/cursor-sandbox-cache/38a69e94157fa1e965d8138afaf05ecb/bun', '_': '/usr/bin/colcon', 'ROS_VERSION': '2', 'MEMORY_PRESSURE_WATCH': '/sys/fs/cgroup/user.slice/user-1000.slice/user@1000.service/session.slice/org.gnome.Shell@x11.service/memory.pressure', 'CURSOR_LAYOUT': 'unifiedAgent', 'GOMODCACHE': '/tmp/cursor-sandbox-cache/38a69e94157fa1e965d8138afaf05ecb/go-mod', 'XDG_SESSION_CLASS': 'user', 'USERNAME': 'star', 'CP_HOME_DIR': '/tmp/cursor-sandbox-cache/38a69e94157fa1e965d8138afaf05ecb/cocoapods', 'TERM': 'dumb', 'GNOME_DESKTOP_SESSION_ID': 'this-is-deprecated', 'FC_FONTATIONS': '1', 'WINDOWPATH': '2', 'POETRY_CACHE_DIR': '/tmp/cursor-sandbox-cache/38a69e94157fa1e965d8138afaf05ecb/poetry', 'PATH': '/usr/share/cursor/resources/app/resources/helpers:/opt/ros/jazzy/opt/gz_tools_vendor/bin:/opt/ros/jazzy/bin:/usr/local/sbin:/usr/local/bin:/usr/sbin:/usr/bin:/sbin:/bin:/usr/games:/usr/local/games:/snap/bin:/snap/bin', 'SESSION_MANAGER': 'local/star-host:@/tmp/.ICE-unix/2483,unix/star-host:/tmp/.ICE-unix/2483', 'YARN_CACHE_FOLDER': '/tmp/cursor-sandbox-cache/38a69e94157fa1e965d8138afaf05ecb/yarn', 'INVOCATION_ID': '74c00cd418c441e3bb318744b3d91e09', 'UV_CACHE_DIR': '/tmp/cursor-sandbox-cache/38a69e94157fa1e965d8138afaf05ecb/uv', 'XDG_MENU_PREFIX': 'gnome-', 'VSCODE_PROCESS_TITLE': 'extension-host (agent-exec) grinding [1-4]', 'MUJOCO_DIR': '/home/star/mujoco', 'PLAYWRIGHT_BROWSERS_PATH': '/tmp/cursor-sandbox-cache/38a69e94157fa1e965d8138afaf05ecb/playwright', 'XDG_RUNTIME_DIR': '/run/user/1000', 'BUNDLE_PATH': '/tmp/cursor-sandbox-cache/38a69e94157fa1e965d8138afaf05ecb/bundle', 'GDK_BACKEND': 'x11', 'MUJOCO_PY_MUJOCO_PATH': '/home/star/.mujoco/mujoco210', 'CURSOR_AGENT': '1', 'DISPLAY': ':1', 'LANG': 'zh_CN.UTF-8', 'XDG_CURRENT_DESKTOP': 'ubuntu:GNOME', 'NX_CACHE_DIRECTORY': '/tmp/cursor-sandbox-cache/38a69e94157fa1e965d8138afaf05ecb/nx', 'XMODIFIERS': '@im=ibus', 'XDG_SESSION_DESKTOP': 'ubuntu', 'XAUTHORITY': '/run/user/1000/gdm/Xauthority', 'LS_COLORS': '', 'SBX_CHROME_API_RQ': '1', 'CYPRESS_CACHE_FOLDER': '/tmp/cursor-sandbox-cache/38a69e94157fa1e965d8138afaf05ecb/cypress', 'SSH_AUTH_SOCK': '/run/user/1000/keyring/ssh', 'PNPM_STORE_PATH': '/tmp/cursor-sandbox-cache/38a69e94157fa1e965d8138afaf05ecb/pnpm-store', 'AMENT_PREFIX_PATH': '/home/star/program/real/programming/grinding/ros2_build_ws/install/feixi_ros2_control:/opt/ros/jazzy', 'SHELL': '/bin/bash', 'GOCACHE': '/tmp/cursor-sandbox-cache/38a69e94157fa1e965d8138afaf05ecb/go-build', 'QT_ACCESSIBILITY': '1', 'ELECTRON_RUN_AS_NODE': '1', 'GDMSESSION': 'ubuntu', 'LESSCLOSE': '/usr/bin/lesspipe %s %s', 'GPG_AGENT_INFO': '/run/user/1000/gnupg/S.gpg-agent:0:1', 'GJS_DEBUG_OUTPUT': 'stderr', 'ROS_AUTOMATIC_DISCOVERY_RANGE': 'SUBNET', 'QT_IM_MODULE': 'ibus', 'NPM_CONFIG_CACHE': '/tmp/cursor-sandbox-cache/38a69e94157fa1e965d8138afaf05ecb/npm', 'PWD': '/home/star/program/real/programming/grinding/ros2_build_ws/build/feixi_ros2_control', 'GRADLE_USER_HOME': '/tmp/cursor-sandbox-cache/38a69e94157fa1e965d8138afaf05ecb/gradle', 'XDG_CONFIG_DIRS': '/etc/xdg/xdg-ubuntu:/etc/xdg', 'VSCODE_CODE_CACHE_PATH': '/home/star/.config/Cursor/CachedData/e9ee1339915a927dfb2df4a836dd9c8337e17cc0', 'CURSOR_ORIG_GID': '1000', 'XDG_DATA_DIRS': '/usr/share/ubuntu:/usr/share/gnome:/usr/local/share/:/usr/share/:/var/lib/snapd/desktop', 'PYTHONPATH': '/opt/ros/jazzy/lib/python3.12/site-packages', 'TURBO_CACHE_DIR': '/tmp/cursor-sandbox-cache/38a69e94157fa1e965d8138afaf05ecb/turbo', 'COLCON': '1', '_ZO_DOCTOR': '0', 'MEMORY_PRESSURE_WRITE': 'c29tZSAyMDAwMDAgMjAwMDAwMAA=', 'GEM_SPEC_CACHE': '/tmp/cursor-sandbox-cache/38a69e94157fa1e965d8138afaf05ecb/gem-specs', 'CMAKE_PREFIX_PATH': '/home/star/program/real/programming/grinding/ros2_build_ws/install/feixi_ros2_control:/opt/ros/jazzy/opt/sdformat_vendor:/opt/ros/jazzy/opt/gz_math_vendor:/opt/ros/jazzy/opt/gz_utils_vendor:/opt/ros/jazzy/opt/gz_tools_vendor:/opt/ros/jazzy/opt/gz_cmake_vendor:/opt/ros/jazzy', 'VSCODE_PID': '7472'}), 'shell': False}
[0.061850] (feixi_ros2_control) StdoutLine: {'line': b'[ 33%] Building CXX object CMakeFiles/feixi_mujoco_hardware_plugin.dir/src/feixi_mujoco_hardware.cpp.o\n'}
[0.099635] (-) TimerEvent: {}
[0.199793] (-) TimerEvent: {}
[0.299949] (-) TimerEvent: {}
[0.400120] (-) TimerEvent: {}
[0.500306] (-) TimerEvent: {}
[0.600462] (-) TimerEvent: {}
[0.700580] (-) TimerEvent: {}
[0.800733] (-) TimerEvent: {}
[0.900909] (-) TimerEvent: {}
[1.001100] (-) TimerEvent: {}
[1.101250] (-) TimerEvent: {}
[1.201455] (-) TimerEvent: {}
[1.301658] (-) TimerEvent: {}
[1.401844] (-) TimerEvent: {}
[1.502034] (-) TimerEvent: {}
[1.602243] (-) TimerEvent: {}
[1.702477] (-) TimerEvent: {}
[1.802687] (-) TimerEvent: {}
[1.902884] (-) TimerEvent: {}
[2.003087] (-) TimerEvent: {}
[2.103299] (-) TimerEvent: {}
[2.203513] (-) TimerEvent: {}
[2.303717] (-) TimerEvent: {}
[2.403911] (-) TimerEvent: {}
[2.504120] (-) TimerEvent: {}
[2.604317] (-) TimerEvent: {}
[2.704611] (-) TimerEvent: {}
[2.804803] (-) TimerEvent: {}
[2.905022] (-) TimerEvent: {}
[3.005250] (-) TimerEvent: {}
[3.105444] (-) TimerEvent: {}
[3.205681] (-) TimerEvent: {}
[3.305884] (-) TimerEvent: {}
[3.406111] (-) TimerEvent: {}
[3.506314] (-) TimerEvent: {}
[3.606517] (-) TimerEvent: {}
[3.706752] (-) TimerEvent: {}
[3.730996] (feixi_ros2_control) StdoutLine: {'line': b'[ 66%] Linking CXX shared library libfeixi_mujoco_hardware_plugin.so\n'}
[3.806847] (-) TimerEvent: {}
[3.859314] (feixi_ros2_control) StdoutLine: {'line': b'[100%] Built target feixi_mujoco_hardware_plugin\n'}
[3.868454] (feixi_ros2_control) CommandEnded: {'returncode': 0}
[3.869019] (feixi_ros2_control) JobProgress: {'identifier': 'feixi_ros2_control', 'progress': 'install'}
[3.875926] (feixi_ros2_control) Command: {'cmd': ['/usr/bin/cmake', '--install', '/home/star/program/real/programming/grinding/ros2_build_ws/build/feixi_ros2_control'], 'cwd': '/home/star/program/real/programming/grinding/ros2_build_ws/build/feixi_ros2_control', 'env': OrderedDict({'GJS_DEBUG_TOPICS': 'JS ERROR;JS LOG', 'npm_config_devdir': '/tmp/cursor-sandbox-cache/38a69e94157fa1e965d8138afaf05ecb/node-gyp', 'LESSOPEN': '| /usr/bin/lesspipe %s', 'VSCODE_CWD': '/home/star', 'CURSOR_EXTENSION_HOST_ROLE': 'agent-exec', 'VSCODE_ESM_ENTRYPOINT': 'vs/workbench/api/node/extensionHostProcess', 'PUPPETEER_CACHE_DIR': '/tmp/cursor-sandbox-cache/38a69e94157fa1e965d8138afaf05ecb/puppeteer', 'USER': 'star', 'VSCODE_NLS_CONFIG': '{"userLocale":"en-us","osLocale":"zh-cn","resolvedLanguage":"en","defaultMessagesFile":"/usr/share/cursor/resources/app/out/nls.messages.json","locale":"en-us","availableLanguages":{}}', 'GZ_CONFIG_PATH': '/opt/ros/jazzy/opt/sdformat_vendor/share/gz', 'CARGO_TARGET_DIR': '/tmp/cursor-sandbox-cache/38a69e94157fa1e965d8138afaf05ecb/cargo-target', 'CCACHE_DIR': '/tmp/cursor-sandbox-cache/38a69e94157fa1e965d8138afaf05ecb/ccache', 'VSCODE_HANDLES_UNCAUGHT_ERRORS': 'true', 'XDG_SESSION_TYPE': 'x11', 'CURSOR_RIPGREP_PATH': '/usr/share/cursor/resources/app/node_modules/@vscode/ripgrep/bin/rg', 'PIP_CACHE_DIR': '/tmp/cursor-sandbox-cache/38a69e94157fa1e965d8138afaf05ecb/pip', 'NUGET_PACKAGES': '/tmp/cursor-sandbox-cache/38a69e94157fa1e965d8138afaf05ecb/nuget', 'HOMEBREW_CACHE': '/tmp/cursor-sandbox-cache/38a69e94157fa1e965d8138afaf05ecb/homebrew', 'CLUTTER_DISABLE_MIPMAPPED_TEXT': '1', 'SHLVL': '1', 'LD_LIBRARY_PATH': '/home/star/program/real/programming/grinding/ros2_build_ws/install/feixi_ros2_control/lib:/home/star/mujoco/lib:/opt/ros/jazzy/opt/sdformat_vendor/lib:/opt/ros/jazzy/opt/rviz_ogre_vendor/lib:/opt/ros/jazzy/lib/x86_64-linux-gnu:/opt/ros/jazzy/opt/gz_math_vendor/lib:/opt/ros/jazzy/opt/gz_utils_vendor/lib:/opt/ros/jazzy/opt/gz_tools_vendor/lib:/opt/ros/jazzy/opt/gz_cmake_vendor/lib:/opt/ros/jazzy/lib:/home/star/mujoco/lib::/home/star/.mujoco/mujoco210/bin:/home/star/.mujoco/mujoco210/bin', 'HOME': '/home/star', 'CHROME_DESKTOP': 'cursor.desktop', 'OLDPWD': '/home/star/program/real/programming/grinding/ros2_build_ws', 'DESKTOP_SESSION': 'ubuntu', 'VSCODE_IPC_HOOK': '/run/user/1000/vscode-f9916691-3.2.-main.sock', 'GIO_LAUNCHED_DESKTOP_FILE': '/usr/share/applications/cursor.desktop', 'ROS_PYTHON_VERSION': '3', 'GNOME_SHELL_SESSION_MODE': 'ubuntu', 'GTK_MODULES': 'gail:atk-bridge', 'CURSOR_ORIG_UID': '1000', 'CURSOR_WORKSPACE_LABEL': 'grinding', 'MANAGERPID': '2196', 'SYSTEMD_EXEC_PID': '2513', 'ROS_LOG_DIR': '/tmp/ros2_smoke2', 'GSM_SKIP_SSH_AGENT_WORKAROUND': 'true', 'NO_COLOR': '1', 'CONDA_PKGS_DIRS': '/tmp/cursor-sandbox-cache/38a69e94157fa1e965d8138afaf05ecb/conda', 'DBUS_SESSION_BUS_ADDRESS': 'unix:path=/run/user/1000/bus', 'GIO_LAUNCHED_DESKTOP_FILE_PID': '7472', 'VSCODE_CRASH_REPORTER_PROCESS_TYPE': 'extensionHost', 'DEBUGINFOD_URLS': 'https://debuginfod.ubuntu.com', 'COMPOSER_HOME': '/tmp/cursor-sandbox-cache/38a69e94157fa1e965d8138afaf05ecb/composer', 'COLCON_PREFIX_PATH': '/home/star/program/real/programming/grinding/ros2_build_ws/install', 'ROS_DISTRO': 'jazzy', 'LOGNAME': 'star', 'FORCE_COLOR': '0', 'JOURNAL_STREAM': '9:30410', 'BUN_INSTALL_CACHE_DIR': '/tmp/cursor-sandbox-cache/38a69e94157fa1e965d8138afaf05ecb/bun', '_': '/usr/bin/colcon', 'ROS_VERSION': '2', 'MEMORY_PRESSURE_WATCH': '/sys/fs/cgroup/user.slice/user-1000.slice/user@1000.service/session.slice/org.gnome.Shell@x11.service/memory.pressure', 'CURSOR_LAYOUT': 'unifiedAgent', 'GOMODCACHE': '/tmp/cursor-sandbox-cache/38a69e94157fa1e965d8138afaf05ecb/go-mod', 'XDG_SESSION_CLASS': 'user', 'USERNAME': 'star', 'CP_HOME_DIR': '/tmp/cursor-sandbox-cache/38a69e94157fa1e965d8138afaf05ecb/cocoapods', 'TERM': 'dumb', 'GNOME_DESKTOP_SESSION_ID': 'this-is-deprecated', 'FC_FONTATIONS': '1', 'WINDOWPATH': '2', 'POETRY_CACHE_DIR': '/tmp/cursor-sandbox-cache/38a69e94157fa1e965d8138afaf05ecb/poetry', 'PATH': '/usr/share/cursor/resources/app/resources/helpers:/opt/ros/jazzy/opt/gz_tools_vendor/bin:/opt/ros/jazzy/bin:/usr/local/sbin:/usr/local/bin:/usr/sbin:/usr/bin:/sbin:/bin:/usr/games:/usr/local/games:/snap/bin:/snap/bin', 'SESSION_MANAGER': 'local/star-host:@/tmp/.ICE-unix/2483,unix/star-host:/tmp/.ICE-unix/2483', 'YARN_CACHE_FOLDER': '/tmp/cursor-sandbox-cache/38a69e94157fa1e965d8138afaf05ecb/yarn', 'INVOCATION_ID': '74c00cd418c441e3bb318744b3d91e09', 'UV_CACHE_DIR': '/tmp/cursor-sandbox-cache/38a69e94157fa1e965d8138afaf05ecb/uv', 'XDG_MENU_PREFIX': 'gnome-', 'VSCODE_PROCESS_TITLE': 'extension-host (agent-exec) grinding [1-4]', 'MUJOCO_DIR': '/home/star/mujoco', 'PLAYWRIGHT_BROWSERS_PATH': '/tmp/cursor-sandbox-cache/38a69e94157fa1e965d8138afaf05ecb/playwright', 'XDG_RUNTIME_DIR': '/run/user/1000', 'BUNDLE_PATH': '/tmp/cursor-sandbox-cache/38a69e94157fa1e965d8138afaf05ecb/bundle', 'GDK_BACKEND': 'x11', 'MUJOCO_PY_MUJOCO_PATH': '/home/star/.mujoco/mujoco210', 'CURSOR_AGENT': '1', 'DISPLAY': ':1', 'LANG': 'zh_CN.UTF-8', 'XDG_CURRENT_DESKTOP': 'ubuntu:GNOME', 'NX_CACHE_DIRECTORY': '/tmp/cursor-sandbox-cache/38a69e94157fa1e965d8138afaf05ecb/nx', 'XMODIFIERS': '@im=ibus', 'XDG_SESSION_DESKTOP': 'ubuntu', 'XAUTHORITY': '/run/user/1000/gdm/Xauthority', 'LS_COLORS': '', 'SBX_CHROME_API_RQ': '1', 'CYPRESS_CACHE_FOLDER': '/tmp/cursor-sandbox-cache/38a69e94157fa1e965d8138afaf05ecb/cypress', 'SSH_AUTH_SOCK': '/run/user/1000/keyring/ssh', 'PNPM_STORE_PATH': '/tmp/cursor-sandbox-cache/38a69e94157fa1e965d8138afaf05ecb/pnpm-store', 'AMENT_PREFIX_PATH': '/home/star/program/real/programming/grinding/ros2_build_ws/install/feixi_ros2_control:/opt/ros/jazzy', 'SHELL': '/bin/bash', 'GOCACHE': '/tmp/cursor-sandbox-cache/38a69e94157fa1e965d8138afaf05ecb/go-build', 'QT_ACCESSIBILITY': '1', 'ELECTRON_RUN_AS_NODE': '1', 'GDMSESSION': 'ubuntu', 'LESSCLOSE': '/usr/bin/lesspipe %s %s', 'GPG_AGENT_INFO': '/run/user/1000/gnupg/S.gpg-agent:0:1', 'GJS_DEBUG_OUTPUT': 'stderr', 'ROS_AUTOMATIC_DISCOVERY_RANGE': 'SUBNET', 'QT_IM_MODULE': 'ibus', 'NPM_CONFIG_CACHE': '/tmp/cursor-sandbox-cache/38a69e94157fa1e965d8138afaf05ecb/npm', 'PWD': '/home/star/program/real/programming/grinding/ros2_build_ws/build/feixi_ros2_control', 'GRADLE_USER_HOME': '/tmp/cursor-sandbox-cache/38a69e94157fa1e965d8138afaf05ecb/gradle', 'XDG_CONFIG_DIRS': '/etc/xdg/xdg-ubuntu:/etc/xdg', 'VSCODE_CODE_CACHE_PATH': '/home/star/.config/Cursor/CachedData/e9ee1339915a927dfb2df4a836dd9c8337e17cc0', 'CURSOR_ORIG_GID': '1000', 'XDG_DATA_DIRS': '/usr/share/ubuntu:/usr/share/gnome:/usr/local/share/:/usr/share/:/var/lib/snapd/desktop', 'PYTHONPATH': '/opt/ros/jazzy/lib/python3.12/site-packages', 'TURBO_CACHE_DIR': '/tmp/cursor-sandbox-cache/38a69e94157fa1e965d8138afaf05ecb/turbo', 'COLCON': '1', '_ZO_DOCTOR': '0', 'MEMORY_PRESSURE_WRITE': 'c29tZSAyMDAwMDAgMjAwMDAwMAA=', 'GEM_SPEC_CACHE': '/tmp/cursor-sandbox-cache/38a69e94157fa1e965d8138afaf05ecb/gem-specs', 'CMAKE_PREFIX_PATH': '/home/star/program/real/programming/grinding/ros2_build_ws/install/feixi_ros2_control:/opt/ros/jazzy/opt/sdformat_vendor:/opt/ros/jazzy/opt/gz_math_vendor:/opt/ros/jazzy/opt/gz_utils_vendor:/opt/ros/jazzy/opt/gz_tools_vendor:/opt/ros/jazzy/opt/gz_cmake_vendor:/opt/ros/jazzy', 'VSCODE_PID': '7472'}), 'shell': False}
[3.883742] (feixi_ros2_control) StdoutLine: {'line': b'-- Install configuration: "Release"\n'}
[3.883981] (feixi_ros2_control) StdoutLine: {'line': b'-- Up-to-date: /home/star/program/real/programming/grinding/ros2_build_ws/install/feixi_ros2_control/share/feixi_ros2_control/feixi_mujoco_hardware.xml\n'}
[3.884115] (feixi_ros2_control) StdoutLine: {'line': b'-- Up-to-date: /home/star/program/real/programming/grinding/ros2_build_ws/install/feixi_ros2_control/include\n'}
[3.884284] (feixi_ros2_control) StdoutLine: {'line': b'-- Up-to-date: /home/star/program/real/programming/grinding/ros2_build_ws/install/feixi_ros2_control/include/feixi_ros2_control\n'}
[3.884618] (feixi_ros2_control) StdoutLine: {'line': b'-- Up-to-date: /home/star/program/real/programming/grinding/ros2_build_ws/install/feixi_ros2_control/include/feixi_ros2_control/mj_view.hpp\n'}
[3.885006] (feixi_ros2_control) StdoutLine: {'line': b'-- Up-to-date: /home/star/program/real/programming/grinding/ros2_build_ws/install/feixi_ros2_control/include/feixi_ros2_control/feixi_mujoco_hardware.hpp\n'}
[3.885302] (feixi_ros2_control) StdoutLine: {'line': b'-- Installing: /home/star/program/real/programming/grinding/ros2_build_ws/install/feixi_ros2_control/lib/libfeixi_mujoco_hardware_plugin.so\n'}
[3.885552] (feixi_ros2_control) StdoutLine: {'line': b'-- Set non-toolchain portion of runtime path of "/home/star/program/real/programming/grinding/ros2_build_ws/install/feixi_ros2_control/lib/libfeixi_mujoco_hardware_plugin.so" to ""\n'}
[3.885836] (feixi_ros2_control) StdoutLine: {'line': b'-- Up-to-date: /home/star/program/real/programming/grinding/ros2_build_ws/install/feixi_ros2_control/share/feixi_ros2_control/urdf\n'}
[3.885910] (feixi_ros2_control) StdoutLine: {'line': b'-- Up-to-date: /home/star/program/real/programming/grinding/ros2_build_ws/install/feixi_ros2_control/share/feixi_ros2_control/urdf/feixi_mock.urdf.xacro\n'}
[3.885966] (feixi_ros2_control) StdoutLine: {'line': b'-- Up-to-date: /home/star/program/real/programming/grinding/ros2_build_ws/install/feixi_ros2_control/share/feixi_ros2_control/urdf/feixi.urdf.xacro\n'}
[3.886024] (feixi_ros2_control) StdoutLine: {'line': b'-- Up-to-date: /home/star/program/real/programming/grinding/ros2_build_ws/install/feixi_ros2_control/share/feixi_ros2_control/launch\n'}
[3.886077] (feixi_ros2_control) StdoutLine: {'line': b'-- Up-to-date: /home/star/program/real/programming/grinding/ros2_build_ws/install/feixi_ros2_control/share/feixi_ros2_control/launch/feixi_mujoco_ros2_control.launch.py\n'}
[3.886125] (feixi_ros2_control) StdoutLine: {'line': b'-- Up-to-date: /home/star/program/real/programming/grinding/ros2_build_ws/install/feixi_ros2_control/share/feixi_ros2_control/launch/feixi_mock_ros2_control.launch.py\n'}
[3.886175] (feixi_ros2_control) StdoutLine: {'line': b'-- Up-to-date: /home/star/program/real/programming/grinding/ros2_build_ws/install/feixi_ros2_control/share/feixi_ros2_control/config\n'}
[3.886229] (feixi_ros2_control) StdoutLine: {'line': b'-- Up-to-date: /home/star/program/real/programming/grinding/ros2_build_ws/install/feixi_ros2_control/share/feixi_ros2_control/config/feixi_forward_position_controller.yaml\n'}
[3.886282] (feixi_ros2_control) StdoutLine: {'line': b'-- Up-to-date: /home/star/program/real/programming/grinding/ros2_build_ws/install/feixi_ros2_control/share/feixi_ros2_control/config/feixi_joint_trajectory_arm7_mock.yaml\n'}
[3.886330] (feixi_ros2_control) StdoutLine: {'line': b'-- Up-to-date: /home/star/program/real/programming/grinding/ros2_build_ws/install/feixi_ros2_control/share/feixi_ros2_control/config/feixi_joint_trajectory_controller.yaml\n'}
[3.886641] (feixi_ros2_control) StdoutLine: {'line': b'-- Up-to-date: /home/star/program/real/programming/grinding/ros2_build_ws/install/feixi_ros2_control/share/feixi_ros2_control/config/ros2_controllers.yaml\n'}
[3.886719] (feixi_ros2_control) StdoutLine: {'line': b'-- Up-to-date: /home/star/program/real/programming/grinding/ros2_build_ws/install/feixi_ros2_control/share/feixi_ros2_control/config/feixi_joint_trajectory_effort.yaml\n'}
[3.886767] (feixi_ros2_control) StdoutLine: {'line': b'-- Up-to-date: /home/star/program/real/programming/grinding/ros2_build_ws/install/feixi_ros2_control/lib/feixi_ros2_control/send_feixi_demo_trajectory\n'}
[3.886813] (feixi_ros2_control) StdoutLine: {'line': b'-- Up-to-date: /home/star/program/real/programming/grinding/ros2_build_ws/install/feixi_ros2_control/lib/feixi_ros2_control/stream_feixi_joint_commands\n'}
[3.886857] (feixi_ros2_control) StdoutLine: {'line': b'-- Up-to-date: /home/star/program/real/programming/grinding/ros2_build_ws/install/feixi_ros2_control/share/feixi_ros2_control/scenes\n'}
[3.886937] (feixi_ros2_control) StdoutLine: {'line': b'-- Up-to-date: /home/star/program/real/programming/grinding/ros2_build_ws/install/feixi_ros2_control/share/feixi_ros2_control/scenes/models\n'}
[3.886984] (feixi_ros2_control) StdoutLine: {'line': b'-- Up-to-date: /home/star/program/real/programming/grinding/ros2_build_ws/install/feixi_ros2_control/share/feixi_ros2_control/scenes/models/feixi\n'}
[3.887028] (feixi_ros2_control) StdoutLine: {'line': b'-- Up-to-date: /home/star/program/real/programming/grinding/ros2_build_ws/install/feixi_ros2_control/share/feixi_ros2_control/scenes/models/feixi/feixi_with_gripper.xml\n'}
[3.887106] (feixi_ros2_control) StdoutLine: {'line': b'-- Up-to-date: /home/star/program/real/programming/grinding/ros2_build_ws/install/feixi_ros2_control/share/feixi_ros2_control/scenes/models/feixi/collision\n'}
[3.887237] (feixi_ros2_control) StdoutLine: {'line': b'-- Up-to-date: /home/star/program/real/programming/grinding/ros2_build_ws/install/feixi_ros2_control/share/feixi_ros2_control/scenes/models/feixi/collision/link6.stl\n'}
[3.887286] (feixi_ros2_control) StdoutLine: {'line': b'-- Up-to-date: /home/star/program/real/programming/grinding/ros2_build_ws/install/feixi_ros2_control/share/feixi_ros2_control/scenes/models/feixi/collision/link1.stl\n'}
[3.887332] (feixi_ros2_control) StdoutLine: {'line': b'-- Up-to-date: /home/star/program/real/programming/grinding/ros2_build_ws/install/feixi_ros2_control/share/feixi_ros2_control/scenes/models/feixi/collision/link7.stl\n'}
[3.887379] (feixi_ros2_control) StdoutLine: {'line': b'-- Up-to-date: /home/star/program/real/programming/grinding/ros2_build_ws/install/feixi_ros2_control/share/feixi_ros2_control/scenes/models/feixi/collision/link4.stl\n'}
[3.887424] (feixi_ros2_control) StdoutLine: {'line': b'-- Up-to-date: /home/star/program/real/programming/grinding/ros2_build_ws/install/feixi_ros2_control/share/feixi_ros2_control/scenes/models/feixi/collision/link3.stl\n'}
[3.887474] (feixi_ros2_control) StdoutLine: {'line': b'-- Up-to-date: /home/star/program/real/programming/grinding/ros2_build_ws/install/feixi_ros2_control/share/feixi_ros2_control/scenes/models/feixi/collision/link2.stl\n'}
[3.887520] (feixi_ros2_control) StdoutLine: {'line': b'-- Up-to-date: /home/star/program/real/programming/grinding/ros2_build_ws/install/feixi_ros2_control/share/feixi_ros2_control/scenes/models/feixi/collision/link5.stl\n'}
[3.887574] (feixi_ros2_control) StdoutLine: {'line': b'-- Up-to-date: /home/star/program/real/programming/grinding/ros2_build_ws/install/feixi_ros2_control/share/feixi_ros2_control/scenes/models/feixi/collision/link0.stl\n'}
[3.887622] (feixi_ros2_control) StdoutLine: {'line': b'-- Up-to-date: /home/star/program/real/programming/grinding/ros2_build_ws/install/feixi_ros2_control/share/feixi_ros2_control/scenes/models/feixi/visual\n'}
[3.887669] (feixi_ros2_control) StdoutLine: {'line': b'-- Up-to-date: /home/star/program/real/programming/grinding/ros2_build_ws/install/feixi_ros2_control/share/feixi_ros2_control/scenes/models/feixi/visual/link2.obj\n'}
[3.887718] (feixi_ros2_control) StdoutLine: {'line': b'-- Up-to-date: /home/star/program/real/programming/grinding/ros2_build_ws/install/feixi_ros2_control/share/feixi_ros2_control/scenes/models/feixi/visual/link5.mtl\n'}
[3.887763] (feixi_ros2_control) StdoutLine: {'line': b'-- Up-to-date: /home/star/program/real/programming/grinding/ros2_build_ws/install/feixi_ros2_control/share/feixi_ros2_control/scenes/models/feixi/visual/link1.obj\n'}
[3.887808] (feixi_ros2_control) StdoutLine: {'line': b'-- Up-to-date: /home/star/program/real/programming/grinding/ros2_build_ws/install/feixi_ros2_control/share/feixi_ros2_control/scenes/models/feixi/visual/link0.obj\n'}
[3.887853] (feixi_ros2_control) StdoutLine: {'line': b'-- Up-to-date: /home/star/program/real/programming/grinding/ros2_build_ws/install/feixi_ros2_control/share/feixi_ros2_control/scenes/models/feixi/visual/link3.mtl\n'}
[3.887897] (feixi_ros2_control) StdoutLine: {'line': b'-- Up-to-date: /home/star/program/real/programming/grinding/ros2_build_ws/install/feixi_ros2_control/share/feixi_ros2_control/scenes/models/feixi/visual/ring.mtl\n'}
[3.887943] (feixi_ros2_control) StdoutLine: {'line': b'-- Up-to-date: /home/star/program/real/programming/grinding/ros2_build_ws/install/feixi_ros2_control/share/feixi_ros2_control/scenes/models/feixi/visual/link5.obj\n'}
[3.887990] (feixi_ros2_control) StdoutLine: {'line': b'-- Up-to-date: /home/star/program/real/programming/grinding/ros2_build_ws/install/feixi_ros2_control/share/feixi_ros2_control/scenes/models/feixi/visual/link4.obj\n'}
[3.888035] (feixi_ros2_control) StdoutLine: {'line': b'-- Up-to-date: /home/star/program/real/programming/grinding/ros2_build_ws/install/feixi_ros2_control/share/feixi_ros2_control/scenes/models/feixi/visual/link2.mtl\n'}
[3.888079] (feixi_ros2_control) StdoutLine: {'line': b'-- Up-to-date: /home/star/program/real/programming/grinding/ros2_build_ws/install/feixi_ros2_control/share/feixi_ros2_control/scenes/models/feixi/visual/link7.obj\n'}
[3.888124] (feixi_ros2_control) StdoutLine: {'line': b'-- Up-to-date: /home/star/program/real/programming/grinding/ros2_build_ws/install/feixi_ros2_control/share/feixi_ros2_control/scenes/models/feixi/visual/ring.obj\n'}
[3.888169] (feixi_ros2_control) StdoutLine: {'line': b'-- Up-to-date: /home/star/program/real/programming/grinding/ros2_build_ws/install/feixi_ros2_control/share/feixi_ros2_control/scenes/models/feixi/visual/link4.mtl\n'}
[3.888214] (feixi_ros2_control) StdoutLine: {'line': b'-- Up-to-date: /home/star/program/real/programming/grinding/ros2_build_ws/install/feixi_ros2_control/share/feixi_ros2_control/scenes/models/feixi/visual/link7.mtl\n'}
[3.888259] (feixi_ros2_control) StdoutLine: {'line': b'-- Up-to-date: /home/star/program/real/programming/grinding/ros2_build_ws/install/feixi_ros2_control/share/feixi_ros2_control/scenes/models/feixi/visual/link3.obj\n'}
[3.888305] (feixi_ros2_control) StdoutLine: {'line': b'-- Up-to-date: /home/star/program/real/programming/grinding/ros2_build_ws/install/feixi_ros2_control/share/feixi_ros2_control/scenes/models/feixi/visual/link6.obj\n'}
[3.888350] (feixi_ros2_control) StdoutLine: {'line': b'-- Up-to-date: /home/star/program/real/programming/grinding/ros2_build_ws/install/feixi_ros2_control/share/feixi_ros2_control/scenes/models/feixi/visual/link1.mtl\n'}
[3.888423] (feixi_ros2_control) StdoutLine: {'line': b'-- Up-to-date: /home/star/program/real/programming/grinding/ros2_build_ws/install/feixi_ros2_control/share/feixi_ros2_control/scenes/models/feixi/visual/link0.mtl\n'}
[3.888472] (feixi_ros2_control) StdoutLine: {'line': b'-- Up-to-date: /home/star/program/real/programming/grinding/ros2_build_ws/install/feixi_ros2_control/share/feixi_ros2_control/scenes/models/feixi/visual/link6.mtl\n'}
[3.888517] (feixi_ros2_control) StdoutLine: {'line': b'-- Up-to-date: /home/star/program/real/programming/grinding/ros2_build_ws/install/feixi_ros2_control/share/feixi_ros2_control/scenes/models/feixi/feixi_model.xml\n'}
[3.888576] (feixi_ros2_control) StdoutLine: {'line': b'-- Up-to-date: /home/star/program/real/programming/grinding/ros2_build_ws/install/feixi_ros2_control/share/feixi_ros2_control/scenes/models/hand\n'}
[3.888628] (feixi_ros2_control) StdoutLine: {'line': b'-- Up-to-date: /home/star/program/real/programming/grinding/ros2_build_ws/install/feixi_ros2_control/share/feixi_ros2_control/scenes/models/hand/hand.xml\n'}
[3.888673] (feixi_ros2_control) StdoutLine: {'line': b'-- Up-to-date: /home/star/program/real/programming/grinding/ros2_build_ws/install/feixi_ros2_control/share/feixi_ros2_control/scenes/models/hand/collision\n'}
[3.888720] (feixi_ros2_control) StdoutLine: {'line': b'-- Up-to-date: /home/star/program/real/programming/grinding/ros2_build_ws/install/feixi_ros2_control/share/feixi_ros2_control/scenes/models/hand/collision/right_inner_knuckle.stl\n'}
[3.888765] (feixi_ros2_control) StdoutLine: {'line': b'-- Up-to-date: /home/star/program/real/programming/grinding/ros2_build_ws/install/feixi_ros2_control/share/feixi_ros2_control/scenes/models/hand/collision/right_outer_knuckle.stl\n'}
[3.888810] (feixi_ros2_control) StdoutLine: {'line': b'-- Up-to-date: /home/star/program/real/programming/grinding/ros2_build_ws/install/feixi_ros2_control/share/feixi_ros2_control/scenes/models/hand/collision/right_finger.stl\n'}
[3.888857] (feixi_ros2_control) StdoutLine: {'line': b'-- Up-to-date: /home/star/program/real/programming/grinding/ros2_build_ws/install/feixi_ros2_control/share/feixi_ros2_control/scenes/models/hand/collision/left_outer_knuckle.stl\n'}
[3.888908] (feixi_ros2_control) StdoutLine: {'line': b'-- Up-to-date: /home/star/program/real/programming/grinding/ros2_build_ws/install/feixi_ros2_control/share/feixi_ros2_control/scenes/models/hand/collision/left_finger.stl\n'}
[3.888948] (feixi_ros2_control) StdoutLine: {'line': b'-- Up-to-date: /home/star/program/real/programming/grinding/ros2_build_ws/install/feixi_ros2_control/share/feixi_ros2_control/scenes/models/hand/collision/left_inner_knuckle.stl\n'}
[3.888989] (feixi_ros2_control) StdoutLine: {'line': b'-- Up-to-date: /home/star/program/real/programming/grinding/ros2_build_ws/install/feixi_ros2_control/share/feixi_ros2_control/scenes/models/hand/collision/base_link.stl\n'}
[3.889028] (feixi_ros2_control) StdoutLine: {'line': b'-- Up-to-date: /home/star/program/real/programming/grinding/ros2_build_ws/install/feixi_ros2_control/share/feixi_ros2_control/scenes/models/hand/visual\n'}
[3.889093] (feixi_ros2_control) StdoutLine: {'line': b'-- Up-to-date: /home/star/program/real/programming/grinding/ros2_build_ws/install/feixi_ros2_control/share/feixi_ros2_control/scenes/models/hand/visual/right_inner_knuckle.stl\n'}
[3.889146] (feixi_ros2_control) StdoutLine: {'line': b'-- Up-to-date: /home/star/program/real/programming/grinding/ros2_build_ws/install/feixi_ros2_control/share/feixi_ros2_control/scenes/models/hand/visual/right_outer_knuckle.stl\n'}
[3.889187] (feixi_ros2_control) StdoutLine: {'line': b'-- Up-to-date: /home/star/program/real/programming/grinding/ros2_build_ws/install/feixi_ros2_control/share/feixi_ros2_control/scenes/models/hand/visual/right_finger.stl\n'}
[3.889226] (feixi_ros2_control) StdoutLine: {'line': b'-- Up-to-date: /home/star/program/real/programming/grinding/ros2_build_ws/install/feixi_ros2_control/share/feixi_ros2_control/scenes/models/hand/visual/left_outer_knuckle.stl\n'}
[3.889263] (feixi_ros2_control) StdoutLine: {'line': b'-- Up-to-date: /home/star/program/real/programming/grinding/ros2_build_ws/install/feixi_ros2_control/share/feixi_ros2_control/scenes/models/hand/visual/left_finger.stl\n'}
[3.889303] (feixi_ros2_control) StdoutLine: {'line': b'-- Up-to-date: /home/star/program/real/programming/grinding/ros2_build_ws/install/feixi_ros2_control/share/feixi_ros2_control/scenes/models/hand/visual/left_inner_knuckle.stl\n'}
[3.889342] (feixi_ros2_control) StdoutLine: {'line': b'-- Up-to-date: /home/star/program/real/programming/grinding/ros2_build_ws/install/feixi_ros2_control/share/feixi_ros2_control/scenes/models/hand/visual/base_link.stl\n'}
[3.889381] (feixi_ros2_control) StdoutLine: {'line': b'-- Up-to-date: /home/star/program/real/programming/grinding/ros2_build_ws/install/feixi_ros2_control/share/feixi_ros2_control/scenes/arm_with_gripper.xml\n'}
[3.889420] (feixi_ros2_control) StdoutLine: {'line': b'-- Up-to-date: /home/star/program/real/programming/grinding/ros2_build_ws/install/feixi_ros2_control/share/feixi_ros2_control/scenes/arm_only.xml\n'}
[3.889458] (feixi_ros2_control) StdoutLine: {'line': b'-- Up-to-date: /home/star/program/real/programming/grinding/ros2_build_ws/install/feixi_ros2_control/share/feixi_ros2_control/environment/library_path.sh\n'}
[3.889496] (feixi_ros2_control) StdoutLine: {'line': b'-- Up-to-date: /home/star/program/real/programming/grinding/ros2_build_ws/install/feixi_ros2_control/share/feixi_ros2_control/environment/library_path.dsv\n'}
[3.889545] (feixi_ros2_control) StdoutLine: {'line': b'-- Up-to-date: /home/star/program/real/programming/grinding/ros2_build_ws/install/feixi_ros2_control/share/ament_index/resource_index/package_run_dependencies/feixi_ros2_control\n'}
[3.889698] (feixi_ros2_control) StdoutLine: {'line': b'-- Up-to-date: /home/star/program/real/programming/grinding/ros2_build_ws/install/feixi_ros2_control/share/ament_index/resource_index/parent_prefix_path/feixi_ros2_control\n'}
[3.889901] (feixi_ros2_control) StdoutLine: {'line': b'-- Up-to-date: /home/star/program/real/programming/grinding/ros2_build_ws/install/feixi_ros2_control/share/feixi_ros2_control/environment/ament_prefix_path.sh\n'}
[3.890034] (feixi_ros2_control) StdoutLine: {'line': b'-- Up-to-date: /home/star/program/real/programming/grinding/ros2_build_ws/install/feixi_ros2_control/share/feixi_ros2_control/environment/ament_prefix_path.dsv\n'}
[3.890156] (feixi_ros2_control) StdoutLine: {'line': b'-- Up-to-date: /home/star/program/real/programming/grinding/ros2_build_ws/install/feixi_ros2_control/share/feixi_ros2_control/environment/path.sh\n'}
[3.890600] (feixi_ros2_control) StdoutLine: {'line': b'-- Up-to-date: /home/star/program/real/programming/grinding/ros2_build_ws/install/feixi_ros2_control/share/feixi_ros2_control/environment/path.dsv\n'}
[3.890935] (feixi_ros2_control) StdoutLine: {'line': b'-- Up-to-date: /home/star/program/real/programming/grinding/ros2_build_ws/install/feixi_ros2_control/share/feixi_ros2_control/local_setup.bash\n'}
[3.891210] (feixi_ros2_control) StdoutLine: {'line': b'-- Up-to-date: /home/star/program/real/programming/grinding/ros2_build_ws/install/feixi_ros2_control/share/feixi_ros2_control/local_setup.sh\n'}
[3.891417] (feixi_ros2_control) StdoutLine: {'line': b'-- Up-to-date: /home/star/program/real/programming/grinding/ros2_build_ws/install/feixi_ros2_control/share/feixi_ros2_control/local_setup.zsh\n'}
[3.891522] (feixi_ros2_control) StdoutLine: {'line': b'-- Up-to-date: /home/star/program/real/programming/grinding/ros2_build_ws/install/feixi_ros2_control/share/feixi_ros2_control/local_setup.dsv\n'}
[3.891721] (feixi_ros2_control) StdoutLine: {'line': b'-- Installing: /home/star/program/real/programming/grinding/ros2_build_ws/install/feixi_ros2_control/share/feixi_ros2_control/package.dsv\n'}
[3.891807] (feixi_ros2_control) StdoutLine: {'line': b'-- Up-to-date: /home/star/program/real/programming/grinding/ros2_build_ws/install/feixi_ros2_control/share/ament_index/resource_index/packages/feixi_ros2_control\n'}
[3.891852] (feixi_ros2_control) StdoutLine: {'line': b'-- Up-to-date: /home/star/program/real/programming/grinding/ros2_build_ws/install/feixi_ros2_control/share/ament_index/resource_index/hardware_interface__pluginlib__plugin/feixi_ros2_control\n'}
[3.891916] (feixi_ros2_control) StdoutLine: {'line': b'-- Up-to-date: /home/star/program/real/programming/grinding/ros2_build_ws/install/feixi_ros2_control/share/feixi_ros2_control/cmake/ament_cmake_export_include_directories-extras.cmake\n'}
[3.891971] (feixi_ros2_control) StdoutLine: {'line': b'-- Up-to-date: /home/star/program/real/programming/grinding/ros2_build_ws/install/feixi_ros2_control/share/feixi_ros2_control/cmake/ament_cmake_export_dependencies-extras.cmake\n'}
[3.892017] (feixi_ros2_control) StdoutLine: {'line': b'-- Up-to-date: /home/star/program/real/programming/grinding/ros2_build_ws/install/feixi_ros2_control/share/feixi_ros2_control/cmake/ament_cmake_export_libraries-extras.cmake\n'}
[3.892110] (feixi_ros2_control) StdoutLine: {'line': b'-- Up-to-date: /home/star/program/real/programming/grinding/ros2_build_ws/install/feixi_ros2_control/share/feixi_ros2_control/cmake/feixi_ros2_controlConfig.cmake\n'}
[3.892168] (feixi_ros2_control) StdoutLine: {'line': b'-- Up-to-date: /home/star/program/real/programming/grinding/ros2_build_ws/install/feixi_ros2_control/share/feixi_ros2_control/cmake/feixi_ros2_controlConfig-version.cmake\n'}
[3.892207] (feixi_ros2_control) StdoutLine: {'line': b'-- Up-to-date: /home/star/program/real/programming/grinding/ros2_build_ws/install/feixi_ros2_control/share/feixi_ros2_control/package.xml\n'}
[3.892245] (feixi_ros2_control) CommandEnded: {'returncode': 0}
[3.903977] (feixi_ros2_control) JobEnded: {'identifier': 'feixi_ros2_control', 'rc': 0}
[3.904336] (-) EventReactorShutdown: {}
