[INFO] [1778294685.845371610] [controller_manager]: Using Steady (Monotonic) clock for triggering controller manager cycles.
[INFO] [1778294685.847342885] [controller_manager]: Subscribing to '/robot_description' topic for robot description.
[INFO] [1778294685.848378390] [controller_manager]: update rate is 250 Hz
[INFO] [1778294685.848389185] [controller_manager]: Overruns handling is : enabled
[INFO] [1778294685.848391951] [controller_manager]: Spawning controller_manager RT thread with scheduler priority: 50
[WARN] [1778294685.848430672] [controller_manager]: Could not enable FIFO RT scheduling policy: with error number <1>(Operation not permitted). See [https://control.ros.org/master/doc/ros2_control/controller_manager/doc/userdoc.html] for details on how to enable realtime scheduling.
[INFO] [1778294686.029343726] [controller_manager]: Received robot description from topic.
[INFO] [1778294686.029436518] [controller_manager]: Enforcing command limits is disabled. Command limits from URDF will be ignored.
[INFO] [1778294686.033522919] [controller_manager]: Loading hardware 'FeixiArmMock' 
[INFO] [1778294686.034691862] [controller_manager]: Loaded hardware 'FeixiArmMock' from plugin 'mock_components/GenericSystem'
[INFO] [1778294686.034842834] [controller_manager]: Initialize hardware 'FeixiArmMock' 
[INFO] [1778294686.043019732] [controller_manager]: Successful initialization of hardware 'FeixiArmMock'
[INFO] [1778294686.043380918] [controller_manager]: Activating component 'FeixiArmMock'.
[INFO] [1778294686.043404424] [resource_manager]: 'configure' hardware 'FeixiArmMock' 
[INFO] [1778294686.043433707] [resource_manager]: Successful 'configure' of hardware 'FeixiArmMock'
[INFO] [1778294686.043449327] [resource_manager]: 'activate' hardware 'FeixiArmMock' 
[INFO] [1778294686.043464617] [resource_manager]: Successful 'activate' of hardware 'FeixiArmMock'
[INFO] [1778294686.043575249] [controller_manager]: Registering statistics for : FeixiArmMock
[INFO] [1778294686.043749456] [controller_manager]: Resource Manager has been successfully initialized. Starting Controller Manager services...
[INFO] [1778294689.376033828] [controller_manager]: Loading controller : 'feixi_trajectory_controller' of type 'joint_trajectory_controller/JointTrajectoryController'
[INFO] [1778294689.376151981] [controller_manager]: Loading controller 'feixi_trajectory_controller'
[INFO] [1778294689.392073658] [controller_manager]: Controller 'feixi_trajectory_controller' node arguments: --ros-args --params-file /tmp/launch_params_gokx3cya --params-file /home/star/program/real/programming/grinding/ros2_build_ws/install/feixi_ros2_control/share/feixi_ros2_control/config/ros2_controllers.yaml --params-file /home/star/program/real/programming/grinding/ros2_build_ws/install/feixi_ros2_control/share/feixi_ros2_control/config/feixi_joint_trajectory_arm7_mock.yaml 
[INFO] [1778294689.407361382] [controller_manager]: Configuring controller: 'feixi_trajectory_controller'
[INFO] [1778294689.407587039] [feixi_trajectory_controller]: No specific joint names are used for command interfaces. Using 'joints' parameter.
[INFO] [1778294689.407693663] [feixi_trajectory_controller]: Command interfaces are [position] and state interfaces are [position velocity].
[INFO] [1778294689.407712008] [feixi_trajectory_controller]: Using 'splines' interpolation method.
[INFO] [1778294689.415762009] [feixi_trajectory_controller]: Action status changes will be monitored at 20.00 Hz.
[INFO] [1778294689.419036909] [feixi_trajectory_controller]: Setting initial scaling factor to 1.000000
[INFO] [1778294689.419057873] [feixi_trajectory_controller]: No scaling interface set. This controller will not read speed scaling from the hardware.
[INFO] [1778294689.422017782] [controller_manager]: Activating controllers: [ feixi_trajectory_controller ]
[INFO] [1778294689.425028049] [controller_manager]: Successfully switched controllers!
[INFO] [1778294689.751722344] [controller_manager]: Loading controller : 'joint_state_broadcaster' of type 'joint_state_broadcaster/JointStateBroadcaster'
[INFO] [1778294689.751815180] [controller_manager]: Loading controller 'joint_state_broadcaster'
[INFO] [1778294689.764332652] [controller_manager]: Controller 'joint_state_broadcaster' node arguments: --ros-args --params-file /tmp/launch_params_gokx3cya --params-file /home/star/program/real/programming/grinding/ros2_build_ws/install/feixi_ros2_control/share/feixi_ros2_control/config/ros2_controllers.yaml --params-file /home/star/program/real/programming/grinding/ros2_build_ws/install/feixi_ros2_control/share/feixi_ros2_control/config/feixi_joint_trajectory_arm7_mock.yaml 
[INFO] [1778294689.785514210] [controller_manager]: Configuring controller: 'joint_state_broadcaster'
[INFO] [1778294689.785668605] [joint_state_broadcaster]: 'joints' or 'interfaces' parameter is empty. All available state interfaces will be published
[INFO] [1778294689.795839725] [controller_manager]: Activating controllers: [ joint_state_broadcaster ]
[INFO] [1778294689.797073140] [controller_manager]: Successfully switched controllers!
[INFO] [1778294703.501440865] [rclcpp]: signal_handler(SIGINT/SIGTERM)
[INFO] [1778294703.501613288] [controller_manager]: Shutdown request received....
[INFO] [1778294703.501687820] [controller_manager]: Shutting down all controllers in the controller manager.
[INFO] [1778294703.501784246] [controller_manager]: Deactivating controller 'joint_state_broadcaster'
[INFO] [1778294703.501904286] [controller_manager]: Shutting down controller 'joint_state_broadcaster'
[INFO] [1778294703.502331544] [controller_manager]: Deactivating controller 'feixi_trajectory_controller'
[INFO] [1778294703.502413792] [controller_manager]: Shutting down controller 'feixi_trajectory_controller'
[INFO] [1778294703.502499557] [resource_manager]: 'deactivate' hardware 'FeixiArmMock' 
[INFO] [1778294703.502533590] [resource_manager]: Successful 'deactivate' of hardware 'FeixiArmMock'
[INFO] [1778294703.502539506] [resource_manager]: 'shutdown' hardware 'FeixiArmMock' 
[INFO] [1778294703.502547779] [resource_manager]: Successful 'shutdown' of hardware 'FeixiArmMock'
[INFO] [1778294703.502594296] [controller_manager]: Shutting down the controller manager.
