[INFO] [1778294814.162694167] [controller_manager]: Using Steady (Monotonic) clock for triggering controller manager cycles.
[INFO] [1778294814.164159674] [controller_manager]: Subscribing to '/robot_description' topic for robot description.
[INFO] [1778294814.165110777] [controller_manager]: update rate is 250 Hz
[INFO] [1778294814.165119816] [controller_manager]: Overruns handling is : enabled
[INFO] [1778294814.165122563] [controller_manager]: Spawning controller_manager RT thread with scheduler priority: 50
[WARN] [1778294814.165158842] [controller_manager]: Could not enable FIFO RT scheduling policy: with error number <1>(Operation not permitted). See [https://control.ros.org/master/doc/ros2_control/controller_manager/doc/userdoc.html] for details on how to enable realtime scheduling.
[INFO] [1778294814.347642496] [controller_manager]: Received robot description from topic.
[INFO] [1778294814.347730299] [controller_manager]: Enforcing command limits is disabled. Command limits from URDF will be ignored.
[INFO] [1778294814.350920671] [controller_manager]: Loading hardware 'FeixiArmMock' 
[INFO] [1778294814.351696682] [controller_manager]: Loaded hardware 'FeixiArmMock' from plugin 'mock_components/GenericSystem'
[INFO] [1778294814.351791400] [controller_manager]: Initialize hardware 'FeixiArmMock' 
[INFO] [1778294814.355728718] [controller_manager]: Successful initialization of hardware 'FeixiArmMock'
[INFO] [1778294814.355827607] [controller_manager]: Activating component 'FeixiArmMock'.
[INFO] [1778294814.355833558] [resource_manager]: 'configure' hardware 'FeixiArmMock' 
[INFO] [1778294814.355841740] [resource_manager]: Successful 'configure' of hardware 'FeixiArmMock'
[INFO] [1778294814.355845605] [resource_manager]: 'activate' hardware 'FeixiArmMock' 
[INFO] [1778294814.355849686] [resource_manager]: Successful 'activate' of hardware 'FeixiArmMock'
[INFO] [1778294814.355888120] [controller_manager]: Registering statistics for : FeixiArmMock
[INFO] [1778294814.355932739] [controller_manager]: Resource Manager has been successfully initialized. Starting Controller Manager services...
[INFO] [1778294817.670003054] [controller_manager]: Loading controller : 'feixi_trajectory_controller' of type 'joint_trajectory_controller/JointTrajectoryController'
[INFO] [1778294817.670099996] [controller_manager]: Loading controller 'feixi_trajectory_controller'
[INFO] [1778294817.675964578] [controller_manager]: Controller 'feixi_trajectory_controller' node arguments: --ros-args --params-file /tmp/launch_params_jpjiq8fa --params-file /home/star/program/real/programming/grinding/ros2_build_ws/install/feixi_ros2_control/share/feixi_ros2_control/config/ros2_controllers.yaml --params-file /home/star/program/real/programming/grinding/ros2_build_ws/install/feixi_ros2_control/share/feixi_ros2_control/config/feixi_joint_trajectory_arm7_mock.yaml 
[INFO] [1778294817.687027811] [controller_manager]: Configuring controller: 'feixi_trajectory_controller'
[INFO] [1778294817.687316347] [feixi_trajectory_controller]: No specific joint names are used for command interfaces. Using 'joints' parameter.
[INFO] [1778294817.687337841] [feixi_trajectory_controller]: Command interfaces are [position] and state interfaces are [position velocity].
[INFO] [1778294817.687352241] [feixi_trajectory_controller]: Using 'splines' interpolation method.
[INFO] [1778294817.691986348] [feixi_trajectory_controller]: Action status changes will be monitored at 20.00 Hz.
[INFO] [1778294817.696218108] [feixi_trajectory_controller]: Setting initial scaling factor to 1.000000
[INFO] [1778294817.696248810] [feixi_trajectory_controller]: No scaling interface set. This controller will not read speed scaling from the hardware.
[INFO] [1778294817.699007543] [controller_manager]: Activating controllers: [ feixi_trajectory_controller ]
[INFO] [1778294817.701828661] [controller_manager]: Successfully switched controllers!
[INFO] [1778294818.021109668] [controller_manager]: Loading controller : 'joint_state_broadcaster' of type 'joint_state_broadcaster/JointStateBroadcaster'
[INFO] [1778294818.021212310] [controller_manager]: Loading controller 'joint_state_broadcaster'
[INFO] [1778294818.023674085] [controller_manager]: Controller 'joint_state_broadcaster' node arguments: --ros-args --params-file /tmp/launch_params_jpjiq8fa --params-file /home/star/program/real/programming/grinding/ros2_build_ws/install/feixi_ros2_control/share/feixi_ros2_control/config/ros2_controllers.yaml --params-file /home/star/program/real/programming/grinding/ros2_build_ws/install/feixi_ros2_control/share/feixi_ros2_control/config/feixi_joint_trajectory_arm7_mock.yaml 
[INFO] [1778294818.035611015] [controller_manager]: Configuring controller: 'joint_state_broadcaster'
[INFO] [1778294818.035683059] [joint_state_broadcaster]: 'joints' or 'interfaces' parameter is empty. All available state interfaces will be published
[INFO] [1778294818.043307846] [controller_manager]: Activating controllers: [ joint_state_broadcaster ]
[INFO] [1778294818.045625109] [controller_manager]: Successfully switched controllers!
[INFO] [1778294831.851464894] [rclcpp]: signal_handler(SIGINT/SIGTERM)
[INFO] [1778294831.851628968] [controller_manager]: Shutdown request received....
[INFO] [1778294831.851704520] [controller_manager]: Shutting down all controllers in the controller manager.
[INFO] [1778294831.851751059] [controller_manager]: Deactivating controller 'joint_state_broadcaster'
[INFO] [1778294831.851839141] [controller_manager]: Shutting down controller 'joint_state_broadcaster'
[INFO] [1778294831.852137581] [controller_manager]: Deactivating controller 'feixi_trajectory_controller'
[INFO] [1778294831.852259473] [controller_manager]: Shutting down controller 'feixi_trajectory_controller'
[INFO] [1778294831.852448155] [resource_manager]: 'deactivate' hardware 'FeixiArmMock' 
[INFO] [1778294831.852490475] [resource_manager]: Successful 'deactivate' of hardware 'FeixiArmMock'
[INFO] [1778294831.852500628] [resource_manager]: 'shutdown' hardware 'FeixiArmMock' 
[INFO] [1778294831.852513017] [resource_manager]: Successful 'shutdown' of hardware 'FeixiArmMock'
[INFO] [1778294831.852591724] [controller_manager]: Shutting down the controller manager.
