[INFO] [1778317312.050835740] [controller_manager]: Using Steady (Monotonic) clock for triggering controller manager cycles.
[INFO] [1778317312.052579032] [controller_manager]: Subscribing to '/robot_description' topic for robot description.
[INFO] [1778317312.053636034] [controller_manager]: update rate is 250 Hz
[INFO] [1778317312.053646372] [controller_manager]: Overruns handling is : enabled
[INFO] [1778317312.053649546] [controller_manager]: Spawning controller_manager RT thread with scheduler priority: 50
[WARN] [1778317312.053696074] [controller_manager]: Could not enable FIFO RT scheduling policy: with error number <1>(Operation not permitted). See [https://control.ros.org/master/doc/ros2_control/controller_manager/doc/userdoc.html] for details on how to enable realtime scheduling.
[INFO] [1778317312.234431897] [controller_manager]: Received robot description from topic.
[INFO] [1778317312.234470384] [controller_manager]: Enforcing command limits is disabled. Command limits from URDF will be ignored.
[INFO] [1778317312.235663329] [controller_manager]: Loading hardware 'FeixiMuJoCo' 
[INFO] [1778317312.236357231] [controller_manager]: Loaded hardware 'FeixiMuJoCo' from plugin 'feixi_ros2_control/FeixiMujocoHardware'
[INFO] [1778317312.236405438] [controller_manager]: Initialize hardware 'FeixiMuJoCo' 
[INFO] [1778317312.316512156] [controller_manager.hardware_component.system.FeixiMuJoCo]: MuJoCo loaded: /home/star/program/real/programming/grinding/ros2_build_ws/install/feixi_ros2_control/share/feixi_ros2_control/scenes/arm_with_gripper.xml

[INFO] [1778317312.316572642] [controller_manager]: Successful initialization of hardware 'FeixiMuJoCo'
[INFO] [1778317312.316691286] [controller_manager]: Activating component 'FeixiMuJoCo'.
[INFO] [1778317312.316698461] [resource_manager]: 'configure' hardware 'FeixiMuJoCo' 
[INFO] [1778317312.316701299] [resource_manager]: Successful 'configure' of hardware 'FeixiMuJoCo'
[INFO] [1778317312.316705391] [resource_manager]: 'activate' hardware 'FeixiMuJoCo' 
[INFO] [1778317312.316710200] [resource_manager]: Successful 'activate' of hardware 'FeixiMuJoCo'
[INFO] [1778317312.316758735] [controller_manager]: Registering statistics for : FeixiMuJoCo
[INFO] [1778317312.316793809] [controller_manager]: Resource Manager has been successfully initialized. Starting Controller Manager services...
[INFO] [1778317318.556594263] [controller_manager]: Loading controller : 'feixi_trajectory_controller' of type 'joint_trajectory_controller/JointTrajectoryController'
[INFO] [1778317318.556688911] [controller_manager]: Loading controller 'feixi_trajectory_controller'
[INFO] [1778317318.568388160] [controller_manager]: Controller 'feixi_trajectory_controller' node arguments: --ros-args --params-file /tmp/launch_params_b_xu98yn --params-file /home/star/program/real/programming/grinding/ros2_build_ws/install/feixi_ros2_control/share/feixi_ros2_control/config/ros2_controllers.yaml --params-file /home/star/program/real/programming/grinding/ros2_build_ws/install/feixi_ros2_control/share/feixi_ros2_control/config/feixi_joint_trajectory_controller.yaml 
[INFO] [1778317318.594104014] [controller_manager]: Configuring controller: 'feixi_trajectory_controller'
[INFO] [1778317318.594896596] [feixi_trajectory_controller]: No specific joint names are used for command interfaces. Using 'joints' parameter.
[INFO] [1778317318.594979934] [feixi_trajectory_controller]: Command interfaces are [position] and state interfaces are [position velocity].
[INFO] [1778317318.595045310] [feixi_trajectory_controller]: Using 'splines' interpolation method.
[INFO] [1778317318.606304962] [feixi_trajectory_controller]: Action status changes will be monitored at 20.00 Hz.
[INFO] [1778317318.611006795] [feixi_trajectory_controller]: Setting initial scaling factor to 1.000000
[INFO] [1778317318.611037816] [feixi_trajectory_controller]: No scaling interface set. This controller will not read speed scaling from the hardware.
[INFO] [1778317318.615878343] [controller_manager]: Activating controllers: [ feixi_trajectory_controller ]
[INFO] [1778317318.618304686] [controller_manager]: Successfully switched controllers!
[INFO] [1778317318.958574924] [controller_manager]: Loading controller : 'joint_state_broadcaster' of type 'joint_state_broadcaster/JointStateBroadcaster'
[INFO] [1778317318.958646755] [controller_manager]: Loading controller 'joint_state_broadcaster'
[INFO] [1778317318.960296449] [controller_manager]: Controller 'joint_state_broadcaster' node arguments: --ros-args --params-file /tmp/launch_params_b_xu98yn --params-file /home/star/program/real/programming/grinding/ros2_build_ws/install/feixi_ros2_control/share/feixi_ros2_control/config/ros2_controllers.yaml --params-file /home/star/program/real/programming/grinding/ros2_build_ws/install/feixi_ros2_control/share/feixi_ros2_control/config/feixi_joint_trajectory_controller.yaml 
[INFO] [1778317318.977998185] [controller_manager]: Configuring controller: 'joint_state_broadcaster'
[INFO] [1778317318.978123426] [joint_state_broadcaster]: 'joints' or 'interfaces' parameter is empty. All available state interfaces will be published
[INFO] [1778317318.988235110] [controller_manager]: Activating controllers: [ joint_state_broadcaster ]
[INFO] [1778317318.990129144] [controller_manager]: Successfully switched controllers!
[INFO] [1778317333.730310678] [rclcpp]: signal_handler(SIGINT/SIGTERM)
[INFO] [1778317333.730433819] [controller_manager]: Shutdown request received....
[INFO] [1778317333.730477343] [controller_manager]: Shutting down all controllers in the controller manager.
[INFO] [1778317333.730510033] [controller_manager]: Deactivating controller 'joint_state_broadcaster'
[INFO] [1778317333.730570081] [controller_manager]: Shutting down controller 'joint_state_broadcaster'
[INFO] [1778317333.730851529] [controller_manager]: Deactivating controller 'feixi_trajectory_controller'
[INFO] [1778317333.730894552] [controller_manager]: Shutting down controller 'feixi_trajectory_controller'
[INFO] [1778317333.730980416] [resource_manager]: 'deactivate' hardware 'FeixiMuJoCo' 
[INFO] [1778317333.731008337] [resource_manager]: Successful 'deactivate' of hardware 'FeixiMuJoCo'
[INFO] [1778317333.731015446] [resource_manager]: 'shutdown' hardware 'FeixiMuJoCo' 
[INFO] [1778317333.731025433] [resource_manager]: Successful 'shutdown' of hardware 'FeixiMuJoCo'
[INFO] [1778317333.731075684] [controller_manager]: Shutting down the controller manager.
