[INFO] [1778294767.587457583] [controller_manager]: Using Steady (Monotonic) clock for triggering controller manager cycles.
[INFO] [1778294767.589210869] [controller_manager]: Subscribing to '/robot_description' topic for robot description.
[INFO] [1778294767.590916766] [controller_manager]: update rate is 250 Hz
[INFO] [1778294767.590937432] [controller_manager]: Overruns handling is : enabled
[INFO] [1778294767.590942242] [controller_manager]: Spawning controller_manager RT thread with scheduler priority: 50
[WARN] [1778294767.591014044] [controller_manager]: Could not enable FIFO RT scheduling policy: with error number <1>(Operation not permitted). See [https://control.ros.org/master/doc/ros2_control/controller_manager/doc/userdoc.html] for details on how to enable realtime scheduling.
[INFO] [1778294767.702982089] [controller_manager]: Received robot description from topic.
[INFO] [1778294767.703044720] [controller_manager]: Enforcing command limits is disabled. Command limits from URDF will be ignored.
[INFO] [1778294767.705426758] [controller_manager]: Loading hardware 'FeixiMuJoCo' 
[INFO] [1778294767.719143398] [controller_manager]: Loaded hardware 'FeixiMuJoCo' from plugin 'feixi_ros2_control/FeixiMujocoHardware'
[INFO] [1778294767.719226769] [controller_manager]: Initialize hardware 'FeixiMuJoCo' 
[INFO] [1778294767.789239809] [controller_manager.hardware_component.system.FeixiMuJoCo]: MuJoCo loaded: /home/star/program/real/programming/grinding/ros2_build_ws/install/feixi_ros2_control/share/feixi_ros2_control/scenes/arm_with_gripper.xml

[INFO] [1778294767.789316907] [controller_manager]: Successful initialization of hardware 'FeixiMuJoCo'
[INFO] [1778294767.789456550] [controller_manager]: Activating component 'FeixiMuJoCo'.
[INFO] [1778294767.789464178] [resource_manager]: 'configure' hardware 'FeixiMuJoCo' 
[INFO] [1778294767.789467296] [resource_manager]: Successful 'configure' of hardware 'FeixiMuJoCo'
[INFO] [1778294767.789471924] [resource_manager]: 'activate' hardware 'FeixiMuJoCo' 
[INFO] [1778294767.789476897] [resource_manager]: Successful 'activate' of hardware 'FeixiMuJoCo'
[INFO] [1778294767.789528198] [controller_manager]: Registering statistics for : FeixiMuJoCo
[INFO] [1778294767.789569311] [controller_manager]: Resource Manager has been successfully initialized. Starting Controller Manager services...
[INFO] [1778294774.115894421] [controller_manager]: Loading controller : 'feixi_trajectory_controller' of type 'joint_trajectory_controller/JointTrajectoryController'
[INFO] [1778294774.115932713] [controller_manager]: Loading controller 'feixi_trajectory_controller'
[INFO] [1778294774.118063570] [controller_manager]: Controller 'feixi_trajectory_controller' node arguments: --ros-args --params-file /tmp/launch_params_l00rc5pf --params-file /home/star/program/real/programming/grinding/ros2_build_ws/install/feixi_ros2_control/share/feixi_ros2_control/config/ros2_controllers.yaml --params-file /home/star/program/real/programming/grinding/ros2_build_ws/install/feixi_ros2_control/share/feixi_ros2_control/config/feixi_joint_trajectory_controller.yaml 
[INFO] [1778294774.128770749] [controller_manager]: Configuring controller: 'feixi_trajectory_controller'
[INFO] [1778294774.128949428] [feixi_trajectory_controller]: No specific joint names are used for command interfaces. Using 'joints' parameter.
[INFO] [1778294774.128964638] [feixi_trajectory_controller]: Command interfaces are [position] and state interfaces are [position velocity].
[INFO] [1778294774.128981025] [feixi_trajectory_controller]: Using 'splines' interpolation method.
[INFO] [1778294774.132578747] [feixi_trajectory_controller]: Action status changes will be monitored at 20.00 Hz.
[INFO] [1778294774.134805077] [feixi_trajectory_controller]: Setting initial scaling factor to 1.000000
[INFO] [1778294774.134817215] [feixi_trajectory_controller]: No scaling interface set. This controller will not read speed scaling from the hardware.
[INFO] [1778294774.136219729] [controller_manager]: Activating controllers: [ feixi_trajectory_controller ]
[INFO] [1778294774.139616090] [controller_manager]: Successfully switched controllers!
[INFO] [1778294774.472365203] [controller_manager]: Loading controller : 'joint_state_broadcaster' of type 'joint_state_broadcaster/JointStateBroadcaster'
[INFO] [1778294774.472407784] [controller_manager]: Loading controller 'joint_state_broadcaster'
[INFO] [1778294774.473580426] [controller_manager]: Controller 'joint_state_broadcaster' node arguments: --ros-args --params-file /tmp/launch_params_l00rc5pf --params-file /home/star/program/real/programming/grinding/ros2_build_ws/install/feixi_ros2_control/share/feixi_ros2_control/config/ros2_controllers.yaml --params-file /home/star/program/real/programming/grinding/ros2_build_ws/install/feixi_ros2_control/share/feixi_ros2_control/config/feixi_joint_trajectory_controller.yaml 
[INFO] [1778294774.480862534] [controller_manager]: Configuring controller: 'joint_state_broadcaster'
[INFO] [1778294774.480912655] [joint_state_broadcaster]: 'joints' or 'interfaces' parameter is empty. All available state interfaces will be published
[INFO] [1778294774.484262340] [controller_manager]: Activating controllers: [ joint_state_broadcaster ]
[INFO] [1778294774.487372933] [controller_manager]: Successfully switched controllers!
[INFO] [1778294789.216572775] [rclcpp]: signal_handler(SIGINT/SIGTERM)
[INFO] [1778294789.216678932] [controller_manager]: Shutdown request received....
[INFO] [1778294789.216760830] [controller_manager]: Shutting down all controllers in the controller manager.
[INFO] [1778294789.216817294] [controller_manager]: Deactivating controller 'joint_state_broadcaster'
[INFO] [1778294789.216918857] [controller_manager]: Shutting down controller 'joint_state_broadcaster'
[INFO] [1778294789.217383444] [controller_manager]: Deactivating controller 'feixi_trajectory_controller'
[INFO] [1778294789.217515914] [controller_manager]: Shutting down controller 'feixi_trajectory_controller'
[INFO] [1778294789.217717336] [resource_manager]: 'deactivate' hardware 'FeixiMuJoCo' 
[INFO] [1778294789.217776287] [resource_manager]: Successful 'deactivate' of hardware 'FeixiMuJoCo'
[INFO] [1778294789.217797159] [resource_manager]: 'shutdown' hardware 'FeixiMuJoCo' 
[INFO] [1778294789.217810098] [resource_manager]: Successful 'shutdown' of hardware 'FeixiMuJoCo'
[INFO] [1778294789.217909768] [controller_manager]: Shutting down the controller manager.
