[0.062s] DEBUG:colcon:Command line arguments: ['/usr/bin/colcon', '--log-base', 'ros2_build_ws/log', 'build', '--base-paths', 'ros2_build_ws/src', '--build-base', 'ros2_build_ws/build', '--install-base', 'ros2_build_ws/install', '--packages-select', 'feixi_ros2_control']
[0.062s] DEBUG:colcon:Parsed command line arguments: Namespace(log_base='ros2_build_ws/log', log_level=None, verb_name='build', build_base='/home/star/program/real/programming/grinding/ros2_build_ws/build', install_base='/home/star/program/real/programming/grinding/ros2_build_ws/install', merge_install=False, symlink_install=False, test_result_base=None, continue_on_error=False, executor='parallel', parallel_workers=20, event_handlers=None, ignore_user_meta=False, metas=['./colcon.meta'], base_paths=['ros2_build_ws/src'], packages_ignore=None, packages_ignore_regex=None, paths=None, packages_up_to=None, packages_up_to_regex=None, packages_above=None, packages_above_and_dependencies=None, packages_above_depth=None, packages_select_by_dep=None, packages_skip_by_dep=None, packages_skip_up_to=None, packages_select_build_failed=False, packages_skip_build_finished=False, packages_select_test_failures=False, packages_skip_test_passed=False, packages_select=['feixi_ros2_control'], packages_skip=None, packages_select_regex=None, packages_skip_regex=None, packages_start=None, packages_end=None, allow_overriding=[], cmake_args=None, cmake_target=None, cmake_target_skip_unavailable=False, cmake_clean_cache=False, cmake_clean_first=False, cmake_force_configure=False, ament_cmake_args=None, catkin_cmake_args=None, catkin_skip_building_tests=False, verb_parser=<colcon_defaults.argument_parser.defaults.DefaultArgumentsDecorator object at 0x7a431917e000>, verb_extension=<colcon_core.verb.build.BuildVerb object at 0x7a431917de50>, main=<bound method BuildVerb.main of <colcon_core.verb.build.BuildVerb object at 0x7a431917de50>>)
[0.085s] Level 1:colcon.colcon_core.package_discovery:discover_packages(colcon_meta) check parameters
[0.085s] Level 1:colcon.colcon_core.package_discovery:discover_packages(recursive) check parameters
[0.085s] Level 1:colcon.colcon_core.package_discovery:discover_packages(ignore) check parameters
[0.086s] Level 1:colcon.colcon_core.package_discovery:discover_packages(path) check parameters
[0.086s] Level 1:colcon.colcon_core.package_discovery:discover_packages(recursive) discover
[0.086s] INFO:colcon.colcon_core.package_discovery:Crawling recursively for packages in '/home/star/program/real/programming/grinding/ros2_build_ws/src'
[0.086s] Level 1:colcon.colcon_core.package_identification:_identify(ros2_build_ws/src) by extensions ['ignore', 'ignore_ament_install']
[0.086s] Level 1:colcon.colcon_core.package_identification:_identify(ros2_build_ws/src) by extension 'ignore'
[0.086s] Level 1:colcon.colcon_core.package_identification:_identify(ros2_build_ws/src) by extension 'ignore_ament_install'
[0.086s] Level 1:colcon.colcon_core.package_identification:_identify(ros2_build_ws/src) by extensions ['colcon_pkg']
[0.086s] Level 1:colcon.colcon_core.package_identification:_identify(ros2_build_ws/src) by extension 'colcon_pkg'
[0.086s] Level 1:colcon.colcon_core.package_identification:_identify(ros2_build_ws/src) by extensions ['colcon_meta']
[0.086s] Level 1:colcon.colcon_core.package_identification:_identify(ros2_build_ws/src) by extension 'colcon_meta'
[0.086s] Level 1:colcon.colcon_core.package_identification:_identify(ros2_build_ws/src) by extensions ['ros']
[0.086s] Level 1:colcon.colcon_core.package_identification:_identify(ros2_build_ws/src) by extension 'ros'
[0.102s] Level 1:colcon.colcon_core.package_identification:_identify(ros2_build_ws/src) by extensions ['cmake', 'python']
[0.102s] Level 1:colcon.colcon_core.package_identification:_identify(ros2_build_ws/src) by extension 'cmake'
[0.103s] Level 1:colcon.colcon_core.package_identification:_identify(ros2_build_ws/src) by extension 'python'
[0.103s] Level 1:colcon.colcon_core.package_identification:_identify(ros2_build_ws/src) by extensions ['python_setup_py']
[0.103s] Level 1:colcon.colcon_core.package_identification:_identify(ros2_build_ws/src) by extension 'python_setup_py'
[0.103s] Level 1:colcon.colcon_core.package_identification:_identify(ros2_build_ws/src/feixi_ros2_control) by extensions ['ignore', 'ignore_ament_install']
[0.103s] Level 1:colcon.colcon_core.package_identification:_identify(ros2_build_ws/src/feixi_ros2_control) by extension 'ignore'
[0.103s] Level 1:colcon.colcon_core.package_identification:_identify(ros2_build_ws/src/feixi_ros2_control) by extension 'ignore_ament_install'
[0.103s] Level 1:colcon.colcon_core.package_identification:_identify(ros2_build_ws/src/feixi_ros2_control) by extensions ['colcon_pkg']
[0.103s] Level 1:colcon.colcon_core.package_identification:_identify(ros2_build_ws/src/feixi_ros2_control) by extension 'colcon_pkg'
[0.103s] Level 1:colcon.colcon_core.package_identification:_identify(ros2_build_ws/src/feixi_ros2_control) by extensions ['colcon_meta']
[0.103s] Level 1:colcon.colcon_core.package_identification:_identify(ros2_build_ws/src/feixi_ros2_control) by extension 'colcon_meta'
[0.103s] Level 1:colcon.colcon_core.package_identification:_identify(ros2_build_ws/src/feixi_ros2_control) by extensions ['ros']
[0.103s] Level 1:colcon.colcon_core.package_identification:_identify(ros2_build_ws/src/feixi_ros2_control) by extension 'ros'
[0.105s] DEBUG:colcon.colcon_core.package_identification:Package 'ros2_build_ws/src/feixi_ros2_control' with type 'ros.ament_cmake' and name 'feixi_ros2_control'
[0.105s] Level 1:colcon.colcon_core.package_discovery:discover_packages(recursive) using defaults
[0.117s] Level 1:colcon.colcon_core.package_discovery:discover_packages(prefix_path) check parameters
[0.117s] Level 1:colcon.colcon_core.package_discovery:discover_packages(prefix_path) discover
[0.118s] DEBUG:colcon.colcon_installed_package_information.package_discovery:Found 1 installed packages in /home/star/program/real/programming/grinding/ros2_build_ws/install
[0.119s] DEBUG:colcon.colcon_installed_package_information.package_discovery:Found 341 installed packages in /opt/ros/jazzy
[0.119s] Level 1:colcon.colcon_core.package_discovery:discover_packages(prefix_path) using defaults
[0.144s] Level 5:colcon.colcon_core.verb:set package 'feixi_ros2_control' build argument 'cmake_args' from command line to 'None'
[0.144s] Level 5:colcon.colcon_core.verb:set package 'feixi_ros2_control' build argument 'cmake_target' from command line to 'None'
[0.144s] Level 5:colcon.colcon_core.verb:set package 'feixi_ros2_control' build argument 'cmake_target_skip_unavailable' from command line to 'False'
[0.144s] Level 5:colcon.colcon_core.verb:set package 'feixi_ros2_control' build argument 'cmake_clean_cache' from command line to 'False'
[0.144s] Level 5:colcon.colcon_core.verb:set package 'feixi_ros2_control' build argument 'cmake_clean_first' from command line to 'False'
[0.144s] Level 5:colcon.colcon_core.verb:set package 'feixi_ros2_control' build argument 'cmake_force_configure' from command line to 'False'
[0.144s] Level 5:colcon.colcon_core.verb:set package 'feixi_ros2_control' build argument 'ament_cmake_args' from command line to 'None'
[0.144s] Level 5:colcon.colcon_core.verb:set package 'feixi_ros2_control' build argument 'catkin_cmake_args' from command line to 'None'
[0.144s] Level 5:colcon.colcon_core.verb:set package 'feixi_ros2_control' build argument 'catkin_skip_building_tests' from command line to 'False'
[0.144s] DEBUG:colcon.colcon_core.verb:Building package 'feixi_ros2_control' with the following arguments: {'ament_cmake_args': None, 'build_base': '/home/star/program/real/programming/grinding/ros2_build_ws/build/feixi_ros2_control', 'catkin_cmake_args': None, 'catkin_skip_building_tests': False, 'cmake_args': None, 'cmake_clean_cache': False, 'cmake_clean_first': False, 'cmake_force_configure': False, 'cmake_target': None, 'cmake_target_skip_unavailable': False, 'install_base': '/home/star/program/real/programming/grinding/ros2_build_ws/install/feixi_ros2_control', 'merge_install': False, 'path': '/home/star/program/real/programming/grinding/ros2_build_ws/src/feixi_ros2_control', 'symlink_install': False, 'test_result_base': None}
[0.144s] INFO:colcon.colcon_core.executor:Executing jobs using 'parallel' executor
[0.145s] DEBUG:colcon.colcon_parallel_executor.executor.parallel:run_until_complete
[0.145s] INFO:colcon.colcon_ros.task.ament_cmake.build:Building ROS package in '/home/star/program/real/programming/grinding/ros2_build_ws/src/feixi_ros2_control' with build type 'ament_cmake'
[0.145s] INFO:colcon.colcon_cmake.task.cmake.build:Building CMake package in '/home/star/program/real/programming/grinding/ros2_build_ws/src/feixi_ros2_control'
[0.146s] INFO:colcon.colcon_core.plugin_system:Skipping extension 'colcon_core.shell.bat': Not used on non-Windows systems
[0.146s] INFO:colcon.colcon_core.shell:Skip shell extension 'powershell' for command environment: Not usable outside of PowerShell
[0.146s] DEBUG:colcon.colcon_core.shell:Skip shell extension 'dsv' for command environment
[0.152s] DEBUG:colcon.colcon_core.event_handler.log_command:Invoking command in '/home/star/program/real/programming/grinding/ros2_build_ws/build/feixi_ros2_control': CMAKE_PREFIX_PATH=${CMAKE_PREFIX_PATH}:/opt/ros/jazzy DEBUGINFOD_URLS=https://debuginfod.ubuntu.com /usr/bin/cmake --build /home/star/program/real/programming/grinding/ros2_build_ws/build/feixi_ros2_control -- -j20 -l20
[0.247s] DEBUG:colcon.colcon_core.event_handler.log_command:Invoked command in '/home/star/program/real/programming/grinding/ros2_build_ws/build/feixi_ros2_control' returned '0': CMAKE_PREFIX_PATH=${CMAKE_PREFIX_PATH}:/opt/ros/jazzy DEBUGINFOD_URLS=https://debuginfod.ubuntu.com /usr/bin/cmake --build /home/star/program/real/programming/grinding/ros2_build_ws/build/feixi_ros2_control -- -j20 -l20
[0.262s] DEBUG:colcon.colcon_core.event_handler.log_command:Invoking command in '/home/star/program/real/programming/grinding/ros2_build_ws/build/feixi_ros2_control': CMAKE_PREFIX_PATH=${CMAKE_PREFIX_PATH}:/opt/ros/jazzy DEBUGINFOD_URLS=https://debuginfod.ubuntu.com /usr/bin/cmake --install /home/star/program/real/programming/grinding/ros2_build_ws/build/feixi_ros2_control
[0.285s] Level 1:colcon.colcon_core.environment:create_environment_scripts_only(feixi_ros2_control)
[0.285s] DEBUG:colcon.colcon_core.event_handler.log_command:Invoked command in '/home/star/program/real/programming/grinding/ros2_build_ws/build/feixi_ros2_control' returned '0': CMAKE_PREFIX_PATH=${CMAKE_PREFIX_PATH}:/opt/ros/jazzy DEBUGINFOD_URLS=https://debuginfod.ubuntu.com /usr/bin/cmake --install /home/star/program/real/programming/grinding/ros2_build_ws/build/feixi_ros2_control
[0.287s] Level 1:colcon.colcon_core.environment:checking '/home/star/program/real/programming/grinding/ros2_build_ws/install/feixi_ros2_control' for CMake module files
[0.288s] Level 1:colcon.colcon_core.environment:checking '/home/star/program/real/programming/grinding/ros2_build_ws/install/feixi_ros2_control' for CMake config files
[0.288s] Level 1:colcon.colcon_core.shell:create_environment_hook('feixi_ros2_control', 'cmake_prefix_path')
[0.288s] INFO:colcon.colcon_core.shell:Creating environment hook '/home/star/program/real/programming/grinding/ros2_build_ws/install/feixi_ros2_control/share/feixi_ros2_control/hook/cmake_prefix_path.ps1'
[0.289s] INFO:colcon.colcon_core.shell:Creating environment descriptor '/home/star/program/real/programming/grinding/ros2_build_ws/install/feixi_ros2_control/share/feixi_ros2_control/hook/cmake_prefix_path.dsv'
[0.289s] INFO:colcon.colcon_core.shell:Creating environment hook '/home/star/program/real/programming/grinding/ros2_build_ws/install/feixi_ros2_control/share/feixi_ros2_control/hook/cmake_prefix_path.sh'
[0.290s] Level 1:colcon.colcon_core.environment:checking '/home/star/program/real/programming/grinding/ros2_build_ws/install/feixi_ros2_control/lib'
[0.290s] Level 1:colcon.colcon_core.shell:create_environment_hook('feixi_ros2_control', 'ld_library_path_lib')
[0.290s] INFO:colcon.colcon_core.shell:Creating environment hook '/home/star/program/real/programming/grinding/ros2_build_ws/install/feixi_ros2_control/share/feixi_ros2_control/hook/ld_library_path_lib.ps1'
[0.290s] INFO:colcon.colcon_core.shell:Creating environment descriptor '/home/star/program/real/programming/grinding/ros2_build_ws/install/feixi_ros2_control/share/feixi_ros2_control/hook/ld_library_path_lib.dsv'
[0.290s] INFO:colcon.colcon_core.shell:Creating environment hook '/home/star/program/real/programming/grinding/ros2_build_ws/install/feixi_ros2_control/share/feixi_ros2_control/hook/ld_library_path_lib.sh'
[0.291s] Level 1:colcon.colcon_core.environment:checking '/home/star/program/real/programming/grinding/ros2_build_ws/install/feixi_ros2_control/bin'
[0.291s] Level 1:colcon.colcon_core.environment:checking '/home/star/program/real/programming/grinding/ros2_build_ws/install/feixi_ros2_control/lib/pkgconfig/feixi_ros2_control.pc'
[0.291s] Level 1:colcon.colcon_core.environment:checking '/home/star/program/real/programming/grinding/ros2_build_ws/install/feixi_ros2_control/lib/python3.12/site-packages'
[0.291s] Level 1:colcon.colcon_core.environment:checking '/home/star/program/real/programming/grinding/ros2_build_ws/install/feixi_ros2_control/bin'
[0.291s] INFO:colcon.colcon_core.shell:Creating package script '/home/star/program/real/programming/grinding/ros2_build_ws/install/feixi_ros2_control/share/feixi_ros2_control/package.ps1'
[0.292s] INFO:colcon.colcon_core.shell:Creating package descriptor '/home/star/program/real/programming/grinding/ros2_build_ws/install/feixi_ros2_control/share/feixi_ros2_control/package.dsv'
[0.292s] INFO:colcon.colcon_core.shell:Creating package script '/home/star/program/real/programming/grinding/ros2_build_ws/install/feixi_ros2_control/share/feixi_ros2_control/package.sh'
[0.292s] INFO:colcon.colcon_core.shell:Creating package script '/home/star/program/real/programming/grinding/ros2_build_ws/install/feixi_ros2_control/share/feixi_ros2_control/package.bash'
[0.292s] INFO:colcon.colcon_core.shell:Creating package script '/home/star/program/real/programming/grinding/ros2_build_ws/install/feixi_ros2_control/share/feixi_ros2_control/package.zsh'
[0.293s] Level 1:colcon.colcon_core.environment:create_file_with_runtime_dependencies(/home/star/program/real/programming/grinding/ros2_build_ws/install/feixi_ros2_control/share/colcon-core/packages/feixi_ros2_control)
[0.293s] Level 1:colcon.colcon_core.environment:create_environment_scripts_only(feixi_ros2_control)
[0.293s] Level 1:colcon.colcon_core.environment:checking '/home/star/program/real/programming/grinding/ros2_build_ws/install/feixi_ros2_control' for CMake module files
[0.293s] Level 1:colcon.colcon_core.environment:checking '/home/star/program/real/programming/grinding/ros2_build_ws/install/feixi_ros2_control' for CMake config files
[0.294s] Level 1:colcon.colcon_core.shell:create_environment_hook('feixi_ros2_control', 'cmake_prefix_path')
[0.294s] INFO:colcon.colcon_core.shell:Creating environment hook '/home/star/program/real/programming/grinding/ros2_build_ws/install/feixi_ros2_control/share/feixi_ros2_control/hook/cmake_prefix_path.ps1'
[0.294s] INFO:colcon.colcon_core.shell:Creating environment descriptor '/home/star/program/real/programming/grinding/ros2_build_ws/install/feixi_ros2_control/share/feixi_ros2_control/hook/cmake_prefix_path.dsv'
[0.294s] INFO:colcon.colcon_core.shell:Creating environment hook '/home/star/program/real/programming/grinding/ros2_build_ws/install/feixi_ros2_control/share/feixi_ros2_control/hook/cmake_prefix_path.sh'
[0.295s] Level 1:colcon.colcon_core.environment:checking '/home/star/program/real/programming/grinding/ros2_build_ws/install/feixi_ros2_control/lib'
[0.295s] Level 1:colcon.colcon_core.shell:create_environment_hook('feixi_ros2_control', 'ld_library_path_lib')
[0.295s] INFO:colcon.colcon_core.shell:Creating environment hook '/home/star/program/real/programming/grinding/ros2_build_ws/install/feixi_ros2_control/share/feixi_ros2_control/hook/ld_library_path_lib.ps1'
[0.295s] INFO:colcon.colcon_core.shell:Creating environment descriptor '/home/star/program/real/programming/grinding/ros2_build_ws/install/feixi_ros2_control/share/feixi_ros2_control/hook/ld_library_path_lib.dsv'
[0.295s] INFO:colcon.colcon_core.shell:Creating environment hook '/home/star/program/real/programming/grinding/ros2_build_ws/install/feixi_ros2_control/share/feixi_ros2_control/hook/ld_library_path_lib.sh'
[0.295s] Level 1:colcon.colcon_core.environment:checking '/home/star/program/real/programming/grinding/ros2_build_ws/install/feixi_ros2_control/bin'
[0.295s] Level 1:colcon.colcon_core.environment:checking '/home/star/program/real/programming/grinding/ros2_build_ws/install/feixi_ros2_control/lib/pkgconfig/feixi_ros2_control.pc'
[0.295s] Level 1:colcon.colcon_core.environment:checking '/home/star/program/real/programming/grinding/ros2_build_ws/install/feixi_ros2_control/lib/python3.12/site-packages'
[0.296s] Level 1:colcon.colcon_core.environment:checking '/home/star/program/real/programming/grinding/ros2_build_ws/install/feixi_ros2_control/bin'
[0.296s] INFO:colcon.colcon_core.shell:Creating package script '/home/star/program/real/programming/grinding/ros2_build_ws/install/feixi_ros2_control/share/feixi_ros2_control/package.ps1'
[0.296s] INFO:colcon.colcon_core.shell:Creating package descriptor '/home/star/program/real/programming/grinding/ros2_build_ws/install/feixi_ros2_control/share/feixi_ros2_control/package.dsv'
[0.296s] INFO:colcon.colcon_core.shell:Creating package script '/home/star/program/real/programming/grinding/ros2_build_ws/install/feixi_ros2_control/share/feixi_ros2_control/package.sh'
[0.297s] INFO:colcon.colcon_core.shell:Creating package script '/home/star/program/real/programming/grinding/ros2_build_ws/install/feixi_ros2_control/share/feixi_ros2_control/package.bash'
[0.297s] INFO:colcon.colcon_core.shell:Creating package script '/home/star/program/real/programming/grinding/ros2_build_ws/install/feixi_ros2_control/share/feixi_ros2_control/package.zsh'
[0.297s] Level 1:colcon.colcon_core.environment:create_file_with_runtime_dependencies(/home/star/program/real/programming/grinding/ros2_build_ws/install/feixi_ros2_control/share/colcon-core/packages/feixi_ros2_control)
[0.297s] DEBUG:colcon.colcon_parallel_executor.executor.parallel:closing loop
[0.297s] DEBUG:colcon.colcon_parallel_executor.executor.parallel:loop closed
[0.297s] DEBUG:colcon.colcon_parallel_executor.executor.parallel:run_until_complete finished with '0'
[0.297s] DEBUG:colcon.colcon_core.event_reactor:joining thread
[0.300s] INFO:colcon.colcon_core.plugin_system:Skipping extension 'colcon_notification.desktop_notification.terminal_notifier': Not used on non-Darwin systems
[0.300s] INFO:colcon.colcon_core.plugin_system:Skipping extension 'colcon_notification.desktop_notification.win32': Not used on non-Windows systems
[0.300s] INFO:colcon.colcon_notification.desktop_notification:Sending desktop notification using 'notify2'
[0.300s] DEBUG:colcon.colcon_notification.desktop_notification.notify2:Failed to initialize notify2: org.freedesktop.DBus.Error.FileNotFound: Failed to connect to socket /run/user/1000/bus: No such file or directory
[0.301s] DEBUG:colcon.colcon_core.event_reactor:joined thread
[0.301s] INFO:colcon.colcon_core.shell:Creating prefix script '/home/star/program/real/programming/grinding/ros2_build_ws/install/local_setup.ps1'
[0.302s] INFO:colcon.colcon_core.shell:Creating prefix util module '/home/star/program/real/programming/grinding/ros2_build_ws/install/_local_setup_util_ps1.py'
[0.303s] INFO:colcon.colcon_core.shell:Creating prefix chain script '/home/star/program/real/programming/grinding/ros2_build_ws/install/setup.ps1'
[0.304s] INFO:colcon.colcon_core.shell:Creating prefix script '/home/star/program/real/programming/grinding/ros2_build_ws/install/local_setup.sh'
[0.304s] INFO:colcon.colcon_core.shell:Creating prefix util module '/home/star/program/real/programming/grinding/ros2_build_ws/install/_local_setup_util_sh.py'
[0.305s] INFO:colcon.colcon_core.shell:Creating prefix chain script '/home/star/program/real/programming/grinding/ros2_build_ws/install/setup.sh'
[0.306s] INFO:colcon.colcon_core.shell:Creating prefix script '/home/star/program/real/programming/grinding/ros2_build_ws/install/local_setup.bash'
[0.306s] INFO:colcon.colcon_core.shell:Creating prefix chain script '/home/star/program/real/programming/grinding/ros2_build_ws/install/setup.bash'
[0.306s] INFO:colcon.colcon_core.shell:Creating prefix script '/home/star/program/real/programming/grinding/ros2_build_ws/install/local_setup.zsh'
[0.307s] INFO:colcon.colcon_core.shell:Creating prefix chain script '/home/star/program/real/programming/grinding/ros2_build_ws/install/setup.zsh'
