[0.009s] Invoking command in '/home/star/program/real/programming/grinding/ros2_build_ws/build/feixi_ros2_control': CMAKE_PREFIX_PATH=${CMAKE_PREFIX_PATH}:/opt/ros/jazzy DEBUGINFOD_URLS=https://debuginfod.ubuntu.com /usr/bin/cmake /home/star/program/real/programming/grinding/ros2_build_ws/src/feixi_ros2_control -DCMAKE_BUILD_TYPE=Release -DCMAKE_INSTALL_PREFIX=/home/star/program/real/programming/grinding/ros2_build_ws/install/feixi_ros2_control
[0.036s] -- Found ament_cmake: 2.5.6 (/opt/ros/jazzy/share/ament_cmake/cmake)
[0.202s] -- Found hardware_interface: 4.44.0 (/opt/ros/jazzy/share/hardware_interface/cmake)
[0.227s] -- Found rosidl_generator_c: 4.6.7 (/opt/ros/jazzy/share/rosidl_generator_c/cmake)
[0.234s] -- Found rosidl_generator_cpp: 4.6.7 (/opt/ros/jazzy/share/rosidl_generator_cpp/cmake)
[0.247s] -- Using all available rosidl_typesupport_c: rosidl_typesupport_fastrtps_c;rosidl_typesupport_introspection_c
[0.258s] -- Using all available rosidl_typesupport_cpp: rosidl_typesupport_fastrtps_cpp;rosidl_typesupport_introspection_cpp
[0.418s] -- Found TinyXML2 via Config file: /usr/lib/x86_64-linux-gnu/cmake/tinyxml2
[0.447s] -- Found rmw_implementation_cmake: 7.3.3 (/opt/ros/jazzy/share/rmw_implementation_cmake/cmake)
[0.448s] -- Found rmw_fastrtps_cpp: 8.4.3 (/opt/ros/jazzy/share/rmw_fastrtps_cpp/cmake)
[0.464s] -- Found TinyXML2 via Config file: /usr/lib/x86_64-linux-gnu/cmake/tinyxml2
[0.472s] -- Found TinyXML2 via Config file: /usr/lib/x86_64-linux-gnu/cmake/tinyxml2
[0.483s] -- Found TinyXML2 via Config file: /usr/lib/x86_64-linux-gnu/cmake/tinyxml2
[0.489s] -- Found TinyXML2 via Config file: /usr/lib/x86_64-linux-gnu/cmake/tinyxml2
[0.497s] -- Using RMW implementation 'rmw_fastrtps_cpp' as default
[0.676s] -- Configuring done (0.6s)
[0.698s] -- Generating done (0.0s)
[0.702s] -- Build files have been written to: /home/star/program/real/programming/grinding/ros2_build_ws/build/feixi_ros2_control
[0.709s] Invoked command in '/home/star/program/real/programming/grinding/ros2_build_ws/build/feixi_ros2_control' returned '0': CMAKE_PREFIX_PATH=${CMAKE_PREFIX_PATH}:/opt/ros/jazzy DEBUGINFOD_URLS=https://debuginfod.ubuntu.com /usr/bin/cmake /home/star/program/real/programming/grinding/ros2_build_ws/src/feixi_ros2_control -DCMAKE_BUILD_TYPE=Release -DCMAKE_INSTALL_PREFIX=/home/star/program/real/programming/grinding/ros2_build_ws/install/feixi_ros2_control
[0.710s] Invoking command in '/home/star/program/real/programming/grinding/ros2_build_ws/build/feixi_ros2_control': CMAKE_PREFIX_PATH=${CMAKE_PREFIX_PATH}:/opt/ros/jazzy DEBUGINFOD_URLS=https://debuginfod.ubuntu.com /usr/bin/cmake --build /home/star/program/real/programming/grinding/ros2_build_ws/build/feixi_ros2_control -- -j20 -l20
[0.765s] [ 50%] Building CXX object CMakeFiles/feixi_mujoco_hardware_plugin.dir/src/feixi_mujoco_hardware.cpp.o
[4.124s] [100%] Linking CXX shared library libfeixi_mujoco_hardware_plugin.so
[4.265s] [100%] Built target feixi_mujoco_hardware_plugin
[4.272s] Invoked command in '/home/star/program/real/programming/grinding/ros2_build_ws/build/feixi_ros2_control' returned '0': CMAKE_PREFIX_PATH=${CMAKE_PREFIX_PATH}:/opt/ros/jazzy DEBUGINFOD_URLS=https://debuginfod.ubuntu.com /usr/bin/cmake --build /home/star/program/real/programming/grinding/ros2_build_ws/build/feixi_ros2_control -- -j20 -l20
[4.281s] Invoking command in '/home/star/program/real/programming/grinding/ros2_build_ws/build/feixi_ros2_control': CMAKE_PREFIX_PATH=${CMAKE_PREFIX_PATH}:/opt/ros/jazzy DEBUGINFOD_URLS=https://debuginfod.ubuntu.com /usr/bin/cmake --install /home/star/program/real/programming/grinding/ros2_build_ws/build/feixi_ros2_control
[4.287s] -- Install configuration: "Release"
[4.287s] -- Installing: /home/star/program/real/programming/grinding/ros2_build_ws/install/feixi_ros2_control/share/feixi_ros2_control/feixi_mujoco_hardware.xml
[4.287s] -- Up-to-date: /home/star/program/real/programming/grinding/ros2_build_ws/install/feixi_ros2_control/include
[4.287s] -- Up-to-date: /home/star/program/real/programming/grinding/ros2_build_ws/install/feixi_ros2_control/include/feixi_ros2_control
[4.287s] -- Installing: /home/star/program/real/programming/grinding/ros2_build_ws/install/feixi_ros2_control/include/feixi_ros2_control/feixi_mujoco_hardware.hpp
[4.287s] -- Installing: /home/star/program/real/programming/grinding/ros2_build_ws/install/feixi_ros2_control/lib/libfeixi_mujoco_hardware_plugin.so
[4.288s] -- Set non-toolchain portion of runtime path of "/home/star/program/real/programming/grinding/ros2_build_ws/install/feixi_ros2_control/lib/libfeixi_mujoco_hardware_plugin.so" to ""
[4.288s] -- Up-to-date: /home/star/program/real/programming/grinding/ros2_build_ws/install/feixi_ros2_control/share/feixi_ros2_control/urdf
[4.288s] -- Installing: /home/star/program/real/programming/grinding/ros2_build_ws/install/feixi_ros2_control/share/feixi_ros2_control/urdf/feixi_mock.urdf.xacro
[4.288s] -- Installing: /home/star/program/real/programming/grinding/ros2_build_ws/install/feixi_ros2_control/share/feixi_ros2_control/urdf/feixi.urdf.xacro
[4.288s] -- Up-to-date: /home/star/program/real/programming/grinding/ros2_build_ws/install/feixi_ros2_control/share/feixi_ros2_control/launch
[4.289s] -- Installing: /home/star/program/real/programming/grinding/ros2_build_ws/install/feixi_ros2_control/share/feixi_ros2_control/launch/feixi_mujoco_ros2_control.launch.py
[4.289s] -- Installing: /home/star/program/real/programming/grinding/ros2_build_ws/install/feixi_ros2_control/share/feixi_ros2_control/launch/feixi_mock_ros2_control.launch.py
[4.289s] -- Up-to-date: /home/star/program/real/programming/grinding/ros2_build_ws/install/feixi_ros2_control/share/feixi_ros2_control/config
[4.289s] -- Installing: /home/star/program/real/programming/grinding/ros2_build_ws/install/feixi_ros2_control/share/feixi_ros2_control/config/feixi_joint_trajectory_arm7_mock.yaml
[4.289s] -- Installing: /home/star/program/real/programming/grinding/ros2_build_ws/install/feixi_ros2_control/share/feixi_ros2_control/config/feixi_joint_trajectory_controller.yaml
[4.289s] -- Installing: /home/star/program/real/programming/grinding/ros2_build_ws/install/feixi_ros2_control/share/feixi_ros2_control/config/ros2_controllers.yaml
[4.289s] -- Installing: /home/star/program/real/programming/grinding/ros2_build_ws/install/feixi_ros2_control/share/feixi_ros2_control/config/feixi_joint_trajectory_effort.yaml
[4.289s] -- Up-to-date: /home/star/program/real/programming/grinding/ros2_build_ws/install/feixi_ros2_control/share/feixi_ros2_control/scenes
[4.289s] -- Up-to-date: /home/star/program/real/programming/grinding/ros2_build_ws/install/feixi_ros2_control/share/feixi_ros2_control/scenes/models
[4.289s] -- Up-to-date: /home/star/program/real/programming/grinding/ros2_build_ws/install/feixi_ros2_control/share/feixi_ros2_control/scenes/models/feixi
[4.289s] -- Up-to-date: /home/star/program/real/programming/grinding/ros2_build_ws/install/feixi_ros2_control/share/feixi_ros2_control/scenes/models/feixi/feixi_with_gripper.xml
[4.289s] -- Up-to-date: /home/star/program/real/programming/grinding/ros2_build_ws/install/feixi_ros2_control/share/feixi_ros2_control/scenes/models/feixi/collision
[4.290s] -- Up-to-date: /home/star/program/real/programming/grinding/ros2_build_ws/install/feixi_ros2_control/share/feixi_ros2_control/scenes/models/feixi/collision/link6.stl
[4.290s] -- Up-to-date: /home/star/program/real/programming/grinding/ros2_build_ws/install/feixi_ros2_control/share/feixi_ros2_control/scenes/models/feixi/collision/link1.stl
[4.290s] -- Up-to-date: /home/star/program/real/programming/grinding/ros2_build_ws/install/feixi_ros2_control/share/feixi_ros2_control/scenes/models/feixi/collision/link7.stl
[4.290s] -- Up-to-date: /home/star/program/real/programming/grinding/ros2_build_ws/install/feixi_ros2_control/share/feixi_ros2_control/scenes/models/feixi/collision/link4.stl
[4.290s] -- Up-to-date: /home/star/program/real/programming/grinding/ros2_build_ws/install/feixi_ros2_control/share/feixi_ros2_control/scenes/models/feixi/collision/link3.stl
[4.290s] -- Up-to-date: /home/star/program/real/programming/grinding/ros2_build_ws/install/feixi_ros2_control/share/feixi_ros2_control/scenes/models/feixi/collision/link2.stl
[4.290s] -- Up-to-date: /home/star/program/real/programming/grinding/ros2_build_ws/install/feixi_ros2_control/share/feixi_ros2_control/scenes/models/feixi/collision/link5.stl
[4.290s] -- Up-to-date: /home/star/program/real/programming/grinding/ros2_build_ws/install/feixi_ros2_control/share/feixi_ros2_control/scenes/models/feixi/collision/link0.stl
[4.290s] -- Up-to-date: /home/star/program/real/programming/grinding/ros2_build_ws/install/feixi_ros2_control/share/feixi_ros2_control/scenes/models/feixi/visual
[4.290s] -- Up-to-date: /home/star/program/real/programming/grinding/ros2_build_ws/install/feixi_ros2_control/share/feixi_ros2_control/scenes/models/feixi/visual/link2.obj
[4.290s] -- Up-to-date: /home/star/program/real/programming/grinding/ros2_build_ws/install/feixi_ros2_control/share/feixi_ros2_control/scenes/models/feixi/visual/link5.mtl
[4.290s] -- Up-to-date: /home/star/program/real/programming/grinding/ros2_build_ws/install/feixi_ros2_control/share/feixi_ros2_control/scenes/models/feixi/visual/link1.obj
[4.290s] -- Up-to-date: /home/star/program/real/programming/grinding/ros2_build_ws/install/feixi_ros2_control/share/feixi_ros2_control/scenes/models/feixi/visual/link0.obj
[4.290s] -- Up-to-date: /home/star/program/real/programming/grinding/ros2_build_ws/install/feixi_ros2_control/share/feixi_ros2_control/scenes/models/feixi/visual/link3.mtl
[4.290s] -- Up-to-date: /home/star/program/real/programming/grinding/ros2_build_ws/install/feixi_ros2_control/share/feixi_ros2_control/scenes/models/feixi/visual/ring.mtl
[4.290s] -- Up-to-date: /home/star/program/real/programming/grinding/ros2_build_ws/install/feixi_ros2_control/share/feixi_ros2_control/scenes/models/feixi/visual/link5.obj
[4.290s] -- Up-to-date: /home/star/program/real/programming/grinding/ros2_build_ws/install/feixi_ros2_control/share/feixi_ros2_control/scenes/models/feixi/visual/link4.obj
[4.291s] -- Up-to-date: /home/star/program/real/programming/grinding/ros2_build_ws/install/feixi_ros2_control/share/feixi_ros2_control/scenes/models/feixi/visual/link2.mtl
[4.291s] -- Up-to-date: /home/star/program/real/programming/grinding/ros2_build_ws/install/feixi_ros2_control/share/feixi_ros2_control/scenes/models/feixi/visual/link7.obj
[4.291s] -- Up-to-date: /home/star/program/real/programming/grinding/ros2_build_ws/install/feixi_ros2_control/share/feixi_ros2_control/scenes/models/feixi/visual/ring.obj
[4.291s] -- Up-to-date: /home/star/program/real/programming/grinding/ros2_build_ws/install/feixi_ros2_control/share/feixi_ros2_control/scenes/models/feixi/visual/link4.mtl
[4.291s] -- Up-to-date: /home/star/program/real/programming/grinding/ros2_build_ws/install/feixi_ros2_control/share/feixi_ros2_control/scenes/models/feixi/visual/link7.mtl
[4.291s] -- Up-to-date: /home/star/program/real/programming/grinding/ros2_build_ws/install/feixi_ros2_control/share/feixi_ros2_control/scenes/models/feixi/visual/link3.obj
[4.291s] -- Up-to-date: /home/star/program/real/programming/grinding/ros2_build_ws/install/feixi_ros2_control/share/feixi_ros2_control/scenes/models/feixi/visual/link6.obj
[4.291s] -- Up-to-date: /home/star/program/real/programming/grinding/ros2_build_ws/install/feixi_ros2_control/share/feixi_ros2_control/scenes/models/feixi/visual/link1.mtl
[4.291s] -- Up-to-date: /home/star/program/real/programming/grinding/ros2_build_ws/install/feixi_ros2_control/share/feixi_ros2_control/scenes/models/feixi/visual/link0.mtl
[4.291s] -- Up-to-date: /home/star/program/real/programming/grinding/ros2_build_ws/install/feixi_ros2_control/share/feixi_ros2_control/scenes/models/feixi/visual/link6.mtl
[4.291s] -- Up-to-date: /home/star/program/real/programming/grinding/ros2_build_ws/install/feixi_ros2_control/share/feixi_ros2_control/scenes/models/feixi/feixi_model.xml
[4.291s] -- Up-to-date: /home/star/program/real/programming/grinding/ros2_build_ws/install/feixi_ros2_control/share/feixi_ros2_control/scenes/models/hand
[4.291s] -- Up-to-date: /home/star/program/real/programming/grinding/ros2_build_ws/install/feixi_ros2_control/share/feixi_ros2_control/scenes/models/hand/hand.xml
[4.291s] -- Up-to-date: /home/star/program/real/programming/grinding/ros2_build_ws/install/feixi_ros2_control/share/feixi_ros2_control/scenes/models/hand/collision
[4.291s] -- Up-to-date: /home/star/program/real/programming/grinding/ros2_build_ws/install/feixi_ros2_control/share/feixi_ros2_control/scenes/models/hand/collision/right_inner_knuckle.stl
[4.291s] -- Up-to-date: /home/star/program/real/programming/grinding/ros2_build_ws/install/feixi_ros2_control/share/feixi_ros2_control/scenes/models/hand/collision/right_outer_knuckle.stl
[4.291s] -- Up-to-date: /home/star/program/real/programming/grinding/ros2_build_ws/install/feixi_ros2_control/share/feixi_ros2_control/scenes/models/hand/collision/right_finger.stl
[4.291s] -- Up-to-date: /home/star/program/real/programming/grinding/ros2_build_ws/install/feixi_ros2_control/share/feixi_ros2_control/scenes/models/hand/collision/left_outer_knuckle.stl
[4.291s] -- Up-to-date: /home/star/program/real/programming/grinding/ros2_build_ws/install/feixi_ros2_control/share/feixi_ros2_control/scenes/models/hand/collision/left_finger.stl
[4.291s] -- Up-to-date: /home/star/program/real/programming/grinding/ros2_build_ws/install/feixi_ros2_control/share/feixi_ros2_control/scenes/models/hand/collision/left_inner_knuckle.stl
[4.291s] -- Up-to-date: /home/star/program/real/programming/grinding/ros2_build_ws/install/feixi_ros2_control/share/feixi_ros2_control/scenes/models/hand/collision/base_link.stl
[4.291s] -- Up-to-date: /home/star/program/real/programming/grinding/ros2_build_ws/install/feixi_ros2_control/share/feixi_ros2_control/scenes/models/hand/visual
[4.291s] -- Up-to-date: /home/star/program/real/programming/grinding/ros2_build_ws/install/feixi_ros2_control/share/feixi_ros2_control/scenes/models/hand/visual/right_inner_knuckle.stl
[4.292s] -- Up-to-date: /home/star/program/real/programming/grinding/ros2_build_ws/install/feixi_ros2_control/share/feixi_ros2_control/scenes/models/hand/visual/right_outer_knuckle.stl
[4.292s] -- Up-to-date: /home/star/program/real/programming/grinding/ros2_build_ws/install/feixi_ros2_control/share/feixi_ros2_control/scenes/models/hand/visual/right_finger.stl
[4.292s] -- Up-to-date: /home/star/program/real/programming/grinding/ros2_build_ws/install/feixi_ros2_control/share/feixi_ros2_control/scenes/models/hand/visual/left_outer_knuckle.stl
[4.292s] -- Up-to-date: /home/star/program/real/programming/grinding/ros2_build_ws/install/feixi_ros2_control/share/feixi_ros2_control/scenes/models/hand/visual/left_finger.stl
[4.292s] -- Up-to-date: /home/star/program/real/programming/grinding/ros2_build_ws/install/feixi_ros2_control/share/feixi_ros2_control/scenes/models/hand/visual/left_inner_knuckle.stl
[4.292s] -- Up-to-date: /home/star/program/real/programming/grinding/ros2_build_ws/install/feixi_ros2_control/share/feixi_ros2_control/scenes/models/hand/visual/base_link.stl
[4.292s] -- Up-to-date: /home/star/program/real/programming/grinding/ros2_build_ws/install/feixi_ros2_control/share/feixi_ros2_control/scenes/arm_with_gripper.xml
[4.292s] -- Up-to-date: /home/star/program/real/programming/grinding/ros2_build_ws/install/feixi_ros2_control/share/feixi_ros2_control/scenes/arm_only.xml
[4.292s] -- Up-to-date: /home/star/program/real/programming/grinding/ros2_build_ws/install/feixi_ros2_control/share/feixi_ros2_control/environment/library_path.sh
[4.292s] -- Up-to-date: /home/star/program/real/programming/grinding/ros2_build_ws/install/feixi_ros2_control/share/feixi_ros2_control/environment/library_path.dsv
[4.292s] -- Up-to-date: /home/star/program/real/programming/grinding/ros2_build_ws/install/feixi_ros2_control/share/ament_index/resource_index/package_run_dependencies/feixi_ros2_control
[4.292s] -- Up-to-date: /home/star/program/real/programming/grinding/ros2_build_ws/install/feixi_ros2_control/share/ament_index/resource_index/parent_prefix_path/feixi_ros2_control
[4.292s] -- Up-to-date: /home/star/program/real/programming/grinding/ros2_build_ws/install/feixi_ros2_control/share/feixi_ros2_control/environment/ament_prefix_path.sh
[4.292s] -- Up-to-date: /home/star/program/real/programming/grinding/ros2_build_ws/install/feixi_ros2_control/share/feixi_ros2_control/environment/ament_prefix_path.dsv
[4.292s] -- Up-to-date: /home/star/program/real/programming/grinding/ros2_build_ws/install/feixi_ros2_control/share/feixi_ros2_control/environment/path.sh
[4.292s] -- Up-to-date: /home/star/program/real/programming/grinding/ros2_build_ws/install/feixi_ros2_control/share/feixi_ros2_control/environment/path.dsv
[4.292s] -- Up-to-date: /home/star/program/real/programming/grinding/ros2_build_ws/install/feixi_ros2_control/share/feixi_ros2_control/local_setup.bash
[4.292s] -- Up-to-date: /home/star/program/real/programming/grinding/ros2_build_ws/install/feixi_ros2_control/share/feixi_ros2_control/local_setup.sh
[4.292s] -- Up-to-date: /home/star/program/real/programming/grinding/ros2_build_ws/install/feixi_ros2_control/share/feixi_ros2_control/local_setup.zsh
[4.292s] -- Up-to-date: /home/star/program/real/programming/grinding/ros2_build_ws/install/feixi_ros2_control/share/feixi_ros2_control/local_setup.dsv
[4.292s] -- Installing: /home/star/program/real/programming/grinding/ros2_build_ws/install/feixi_ros2_control/share/feixi_ros2_control/package.dsv
[4.292s] -- Up-to-date: /home/star/program/real/programming/grinding/ros2_build_ws/install/feixi_ros2_control/share/ament_index/resource_index/packages/feixi_ros2_control
[4.292s] -- Up-to-date: /home/star/program/real/programming/grinding/ros2_build_ws/install/feixi_ros2_control/share/ament_index/resource_index/hardware_interface__pluginlib__plugin/feixi_ros2_control
[4.292s] -- Up-to-date: /home/star/program/real/programming/grinding/ros2_build_ws/install/feixi_ros2_control/share/feixi_ros2_control/cmake/ament_cmake_export_include_directories-extras.cmake
[4.292s] -- Up-to-date: /home/star/program/real/programming/grinding/ros2_build_ws/install/feixi_ros2_control/share/feixi_ros2_control/cmake/ament_cmake_export_dependencies-extras.cmake
[4.292s] -- Up-to-date: /home/star/program/real/programming/grinding/ros2_build_ws/install/feixi_ros2_control/share/feixi_ros2_control/cmake/ament_cmake_export_libraries-extras.cmake
[4.292s] -- Up-to-date: /home/star/program/real/programming/grinding/ros2_build_ws/install/feixi_ros2_control/share/feixi_ros2_control/cmake/feixi_ros2_controlConfig.cmake
[4.292s] -- Up-to-date: /home/star/program/real/programming/grinding/ros2_build_ws/install/feixi_ros2_control/share/feixi_ros2_control/cmake/feixi_ros2_controlConfig-version.cmake
[4.293s] -- Installing: /home/star/program/real/programming/grinding/ros2_build_ws/install/feixi_ros2_control/share/feixi_ros2_control/package.xml
[4.293s] Invoked command in '/home/star/program/real/programming/grinding/ros2_build_ws/build/feixi_ros2_control' returned '0': CMAKE_PREFIX_PATH=${CMAKE_PREFIX_PATH}:/opt/ros/jazzy DEBUGINFOD_URLS=https://debuginfod.ubuntu.com /usr/bin/cmake --install /home/star/program/real/programming/grinding/ros2_build_ws/build/feixi_ros2_control
