[0.009s] Invoking command in '/home/star/program/real/programming/grinding/ros2_build_ws/build/feixi_ros2_control': CMAKE_PREFIX_PATH=${CMAKE_PREFIX_PATH}:/opt/ros/jazzy DEBUGINFOD_URLS=https://debuginfod.ubuntu.com /usr/bin/cmake --build /home/star/program/real/programming/grinding/ros2_build_ws/build/feixi_ros2_control -- -j20 -l20
[0.051s] -- Found ament_cmake: 2.5.6 (/opt/ros/jazzy/share/ament_cmake/cmake)
[0.213s] -- Found hardware_interface: 4.44.0 (/opt/ros/jazzy/share/hardware_interface/cmake)
[0.239s] -- Found rosidl_generator_c: 4.6.7 (/opt/ros/jazzy/share/rosidl_generator_c/cmake)
[0.245s] -- Found rosidl_generator_cpp: 4.6.7 (/opt/ros/jazzy/share/rosidl_generator_cpp/cmake)
[0.255s] -- Using all available rosidl_typesupport_c: rosidl_typesupport_fastrtps_c;rosidl_typesupport_introspection_c
[0.265s] -- Using all available rosidl_typesupport_cpp: rosidl_typesupport_fastrtps_cpp;rosidl_typesupport_introspection_cpp
[0.424s] -- Found TinyXML2 via Config file: /usr/lib/x86_64-linux-gnu/cmake/tinyxml2
[0.453s] -- Found rmw_implementation_cmake: 7.3.3 (/opt/ros/jazzy/share/rmw_implementation_cmake/cmake)
[0.454s] -- Found rmw_fastrtps_cpp: 8.4.3 (/opt/ros/jazzy/share/rmw_fastrtps_cpp/cmake)
[0.469s] -- Found TinyXML2 via Config file: /usr/lib/x86_64-linux-gnu/cmake/tinyxml2
[0.477s] -- Found TinyXML2 via Config file: /usr/lib/x86_64-linux-gnu/cmake/tinyxml2
[0.488s] -- Found TinyXML2 via Config file: /usr/lib/x86_64-linux-gnu/cmake/tinyxml2
[0.496s] -- Found TinyXML2 via Config file: /usr/lib/x86_64-linux-gnu/cmake/tinyxml2
[0.506s] -- Using RMW implementation 'rmw_fastrtps_cpp' as default
[0.713s] -- Configuring done (0.7s)
[0.734s] -- Generating done (0.0s)
[0.738s] -- Build files have been written to: /home/star/program/real/programming/grinding/ros2_build_ws/build/feixi_ros2_control
[0.779s] [ 33%] Building CXX object CMakeFiles/feixi_mujoco_hardware_plugin.dir/src/feixi_mujoco_hardware.cpp.o
[4.365s] [ 66%] Linking CXX shared library libfeixi_mujoco_hardware_plugin.so
[4.508s] [100%] Built target feixi_mujoco_hardware_plugin
[4.518s] Invoked command in '/home/star/program/real/programming/grinding/ros2_build_ws/build/feixi_ros2_control' returned '0': CMAKE_PREFIX_PATH=${CMAKE_PREFIX_PATH}:/opt/ros/jazzy DEBUGINFOD_URLS=https://debuginfod.ubuntu.com /usr/bin/cmake --build /home/star/program/real/programming/grinding/ros2_build_ws/build/feixi_ros2_control -- -j20 -l20
[4.527s] Invoking command in '/home/star/program/real/programming/grinding/ros2_build_ws/build/feixi_ros2_control': CMAKE_PREFIX_PATH=${CMAKE_PREFIX_PATH}:/opt/ros/jazzy DEBUGINFOD_URLS=https://debuginfod.ubuntu.com /usr/bin/cmake --install /home/star/program/real/programming/grinding/ros2_build_ws/build/feixi_ros2_control
[4.541s] -- Install configuration: "Release"
[4.542s] -- Up-to-date: /home/star/program/real/programming/grinding/ros2_build_ws/install/feixi_ros2_control/share/feixi_ros2_control/feixi_mujoco_hardware.xml
[4.542s] -- Up-to-date: /home/star/program/real/programming/grinding/ros2_build_ws/install/feixi_ros2_control/include
[4.542s] -- Up-to-date: /home/star/program/real/programming/grinding/ros2_build_ws/install/feixi_ros2_control/include/feixi_ros2_control
[4.542s] -- Up-to-date: /home/star/program/real/programming/grinding/ros2_build_ws/install/feixi_ros2_control/include/feixi_ros2_control/mj_view.hpp
[4.542s] -- Installing: /home/star/program/real/programming/grinding/ros2_build_ws/install/feixi_ros2_control/include/feixi_ros2_control/feixi_mujoco_hardware.hpp
[4.542s] -- Installing: /home/star/program/real/programming/grinding/ros2_build_ws/install/feixi_ros2_control/lib/libfeixi_mujoco_hardware_plugin.so
[4.542s] -- Set non-toolchain portion of runtime path of "/home/star/program/real/programming/grinding/ros2_build_ws/install/feixi_ros2_control/lib/libfeixi_mujoco_hardware_plugin.so" to ""
[4.542s] -- Up-to-date: /home/star/program/real/programming/grinding/ros2_build_ws/install/feixi_ros2_control/share/feixi_ros2_control/urdf
[4.543s] -- Up-to-date: /home/star/program/real/programming/grinding/ros2_build_ws/install/feixi_ros2_control/share/feixi_ros2_control/urdf/feixi_mock.urdf.xacro
[4.543s] -- Installing: /home/star/program/real/programming/grinding/ros2_build_ws/install/feixi_ros2_control/share/feixi_ros2_control/urdf/feixi.urdf.xacro
[4.543s] -- Up-to-date: /home/star/program/real/programming/grinding/ros2_build_ws/install/feixi_ros2_control/share/feixi_ros2_control/launch
[4.543s] -- Installing: /home/star/program/real/programming/grinding/ros2_build_ws/install/feixi_ros2_control/share/feixi_ros2_control/launch/feixi_mujoco_ros2_control.launch.py
[4.543s] -- Up-to-date: /home/star/program/real/programming/grinding/ros2_build_ws/install/feixi_ros2_control/share/feixi_ros2_control/launch/feixi_mock_ros2_control.launch.py
[4.543s] -- Up-to-date: /home/star/program/real/programming/grinding/ros2_build_ws/install/feixi_ros2_control/share/feixi_ros2_control/config
[4.543s] -- Installing: /home/star/program/real/programming/grinding/ros2_build_ws/install/feixi_ros2_control/share/feixi_ros2_control/config/feixi_forward_position_controller.yaml
[4.543s] -- Up-to-date: /home/star/program/real/programming/grinding/ros2_build_ws/install/feixi_ros2_control/share/feixi_ros2_control/config/feixi_joint_trajectory_arm7_mock.yaml
[4.543s] -- Up-to-date: /home/star/program/real/programming/grinding/ros2_build_ws/install/feixi_ros2_control/share/feixi_ros2_control/config/feixi_joint_trajectory_controller.yaml
[4.543s] -- Installing: /home/star/program/real/programming/grinding/ros2_build_ws/install/feixi_ros2_control/share/feixi_ros2_control/config/ros2_controllers.yaml
[4.543s] -- Up-to-date: /home/star/program/real/programming/grinding/ros2_build_ws/install/feixi_ros2_control/share/feixi_ros2_control/config/feixi_joint_trajectory_effort.yaml
[4.543s] -- Installing: /home/star/program/real/programming/grinding/ros2_build_ws/install/feixi_ros2_control/lib/feixi_ros2_control/send_feixi_demo_trajectory
[4.543s] -- Installing: /home/star/program/real/programming/grinding/ros2_build_ws/install/feixi_ros2_control/lib/feixi_ros2_control/stream_feixi_joint_commands
[4.543s] -- Up-to-date: /home/star/program/real/programming/grinding/ros2_build_ws/install/feixi_ros2_control/share/feixi_ros2_control/scenes
[4.543s] -- Up-to-date: /home/star/program/real/programming/grinding/ros2_build_ws/install/feixi_ros2_control/share/feixi_ros2_control/scenes/models
[4.544s] -- Up-to-date: /home/star/program/real/programming/grinding/ros2_build_ws/install/feixi_ros2_control/share/feixi_ros2_control/scenes/models/feixi
[4.544s] -- Up-to-date: /home/star/program/real/programming/grinding/ros2_build_ws/install/feixi_ros2_control/share/feixi_ros2_control/scenes/models/feixi/feixi_with_gripper.xml
[4.544s] -- Up-to-date: /home/star/program/real/programming/grinding/ros2_build_ws/install/feixi_ros2_control/share/feixi_ros2_control/scenes/models/feixi/collision
[4.544s] -- Up-to-date: /home/star/program/real/programming/grinding/ros2_build_ws/install/feixi_ros2_control/share/feixi_ros2_control/scenes/models/feixi/collision/link6.stl
[4.544s] -- Up-to-date: /home/star/program/real/programming/grinding/ros2_build_ws/install/feixi_ros2_control/share/feixi_ros2_control/scenes/models/feixi/collision/link1.stl
[4.544s] -- Up-to-date: /home/star/program/real/programming/grinding/ros2_build_ws/install/feixi_ros2_control/share/feixi_ros2_control/scenes/models/feixi/collision/link7.stl
[4.545s] -- Up-to-date: /home/star/program/real/programming/grinding/ros2_build_ws/install/feixi_ros2_control/share/feixi_ros2_control/scenes/models/feixi/collision/link4.stl
[4.545s] -- Up-to-date: /home/star/program/real/programming/grinding/ros2_build_ws/install/feixi_ros2_control/share/feixi_ros2_control/scenes/models/feixi/collision/link3.stl
[4.546s] -- Up-to-date: /home/star/program/real/programming/grinding/ros2_build_ws/install/feixi_ros2_control/share/feixi_ros2_control/scenes/models/feixi/collision/link2.stl
[4.546s] -- Up-to-date: /home/star/program/real/programming/grinding/ros2_build_ws/install/feixi_ros2_control/share/feixi_ros2_control/scenes/models/feixi/collision/link5.stl
[4.546s] -- Up-to-date: /home/star/program/real/programming/grinding/ros2_build_ws/install/feixi_ros2_control/share/feixi_ros2_control/scenes/models/feixi/collision/link0.stl
[4.546s] -- Up-to-date: /home/star/program/real/programming/grinding/ros2_build_ws/install/feixi_ros2_control/share/feixi_ros2_control/scenes/models/feixi/visual
[4.546s] -- Up-to-date: /home/star/program/real/programming/grinding/ros2_build_ws/install/feixi_ros2_control/share/feixi_ros2_control/scenes/models/feixi/visual/link2.obj
[4.546s] -- Up-to-date: /home/star/program/real/programming/grinding/ros2_build_ws/install/feixi_ros2_control/share/feixi_ros2_control/scenes/models/feixi/visual/link5.mtl
[4.546s] -- Up-to-date: /home/star/program/real/programming/grinding/ros2_build_ws/install/feixi_ros2_control/share/feixi_ros2_control/scenes/models/feixi/visual/link1.obj
[4.546s] -- Up-to-date: /home/star/program/real/programming/grinding/ros2_build_ws/install/feixi_ros2_control/share/feixi_ros2_control/scenes/models/feixi/visual/link0.obj
[4.546s] -- Up-to-date: /home/star/program/real/programming/grinding/ros2_build_ws/install/feixi_ros2_control/share/feixi_ros2_control/scenes/models/feixi/visual/link3.mtl
[4.546s] -- Up-to-date: /home/star/program/real/programming/grinding/ros2_build_ws/install/feixi_ros2_control/share/feixi_ros2_control/scenes/models/feixi/visual/ring.mtl
[4.546s] -- Up-to-date: /home/star/program/real/programming/grinding/ros2_build_ws/install/feixi_ros2_control/share/feixi_ros2_control/scenes/models/feixi/visual/link5.obj
[4.547s] -- Up-to-date: /home/star/program/real/programming/grinding/ros2_build_ws/install/feixi_ros2_control/share/feixi_ros2_control/scenes/models/feixi/visual/link4.obj
[4.547s] -- Up-to-date: /home/star/program/real/programming/grinding/ros2_build_ws/install/feixi_ros2_control/share/feixi_ros2_control/scenes/models/feixi/visual/link2.mtl
[4.547s] -- Up-to-date: /home/star/program/real/programming/grinding/ros2_build_ws/install/feixi_ros2_control/share/feixi_ros2_control/scenes/models/feixi/visual/link7.obj
[4.547s] -- Up-to-date: /home/star/program/real/programming/grinding/ros2_build_ws/install/feixi_ros2_control/share/feixi_ros2_control/scenes/models/feixi/visual/ring.obj
[4.547s] -- Up-to-date: /home/star/program/real/programming/grinding/ros2_build_ws/install/feixi_ros2_control/share/feixi_ros2_control/scenes/models/feixi/visual/link4.mtl
[4.547s] -- Up-to-date: /home/star/program/real/programming/grinding/ros2_build_ws/install/feixi_ros2_control/share/feixi_ros2_control/scenes/models/feixi/visual/link7.mtl
[4.547s] -- Up-to-date: /home/star/program/real/programming/grinding/ros2_build_ws/install/feixi_ros2_control/share/feixi_ros2_control/scenes/models/feixi/visual/link3.obj
[4.547s] -- Up-to-date: /home/star/program/real/programming/grinding/ros2_build_ws/install/feixi_ros2_control/share/feixi_ros2_control/scenes/models/feixi/visual/link6.obj
[4.547s] -- Up-to-date: /home/star/program/real/programming/grinding/ros2_build_ws/install/feixi_ros2_control/share/feixi_ros2_control/scenes/models/feixi/visual/link1.mtl
[4.547s] -- Up-to-date: /home/star/program/real/programming/grinding/ros2_build_ws/install/feixi_ros2_control/share/feixi_ros2_control/scenes/models/feixi/visual/link0.mtl
[4.547s] -- Up-to-date: /home/star/program/real/programming/grinding/ros2_build_ws/install/feixi_ros2_control/share/feixi_ros2_control/scenes/models/feixi/visual/link6.mtl
[4.547s] -- Up-to-date: /home/star/program/real/programming/grinding/ros2_build_ws/install/feixi_ros2_control/share/feixi_ros2_control/scenes/models/feixi/feixi_model.xml
[4.547s] -- Up-to-date: /home/star/program/real/programming/grinding/ros2_build_ws/install/feixi_ros2_control/share/feixi_ros2_control/scenes/models/hand
[4.547s] -- Up-to-date: /home/star/program/real/programming/grinding/ros2_build_ws/install/feixi_ros2_control/share/feixi_ros2_control/scenes/models/hand/hand.xml
[4.547s] -- Up-to-date: /home/star/program/real/programming/grinding/ros2_build_ws/install/feixi_ros2_control/share/feixi_ros2_control/scenes/models/hand/collision
[4.547s] -- Up-to-date: /home/star/program/real/programming/grinding/ros2_build_ws/install/feixi_ros2_control/share/feixi_ros2_control/scenes/models/hand/collision/right_inner_knuckle.stl
[4.548s] -- Up-to-date: /home/star/program/real/programming/grinding/ros2_build_ws/install/feixi_ros2_control/share/feixi_ros2_control/scenes/models/hand/collision/right_outer_knuckle.stl
[4.548s] -- Up-to-date: /home/star/program/real/programming/grinding/ros2_build_ws/install/feixi_ros2_control/share/feixi_ros2_control/scenes/models/hand/collision/right_finger.stl
[4.548s] -- Up-to-date: /home/star/program/real/programming/grinding/ros2_build_ws/install/feixi_ros2_control/share/feixi_ros2_control/scenes/models/hand/collision/left_outer_knuckle.stl
[4.548s] -- Up-to-date: /home/star/program/real/programming/grinding/ros2_build_ws/install/feixi_ros2_control/share/feixi_ros2_control/scenes/models/hand/collision/left_finger.stl
[4.548s] -- Up-to-date: /home/star/program/real/programming/grinding/ros2_build_ws/install/feixi_ros2_control/share/feixi_ros2_control/scenes/models/hand/collision/left_inner_knuckle.stl
[4.548s] -- Up-to-date: /home/star/program/real/programming/grinding/ros2_build_ws/install/feixi_ros2_control/share/feixi_ros2_control/scenes/models/hand/collision/base_link.stl
[4.548s] -- Up-to-date: /home/star/program/real/programming/grinding/ros2_build_ws/install/feixi_ros2_control/share/feixi_ros2_control/scenes/models/hand/visual
[4.548s] -- Up-to-date: /home/star/program/real/programming/grinding/ros2_build_ws/install/feixi_ros2_control/share/feixi_ros2_control/scenes/models/hand/visual/right_inner_knuckle.stl
[4.548s] -- Up-to-date: /home/star/program/real/programming/grinding/ros2_build_ws/install/feixi_ros2_control/share/feixi_ros2_control/scenes/models/hand/visual/right_outer_knuckle.stl
[4.548s] -- Up-to-date: /home/star/program/real/programming/grinding/ros2_build_ws/install/feixi_ros2_control/share/feixi_ros2_control/scenes/models/hand/visual/right_finger.stl
[4.548s] -- Up-to-date: /home/star/program/real/programming/grinding/ros2_build_ws/install/feixi_ros2_control/share/feixi_ros2_control/scenes/models/hand/visual/left_outer_knuckle.stl
[4.549s] -- Up-to-date: /home/star/program/real/programming/grinding/ros2_build_ws/install/feixi_ros2_control/share/feixi_ros2_control/scenes/models/hand/visual/left_finger.stl
[4.549s] -- Up-to-date: /home/star/program/real/programming/grinding/ros2_build_ws/install/feixi_ros2_control/share/feixi_ros2_control/scenes/models/hand/visual/left_inner_knuckle.stl
[4.549s] -- Up-to-date: /home/star/program/real/programming/grinding/ros2_build_ws/install/feixi_ros2_control/share/feixi_ros2_control/scenes/models/hand/visual/base_link.stl
[4.549s] -- Up-to-date: /home/star/program/real/programming/grinding/ros2_build_ws/install/feixi_ros2_control/share/feixi_ros2_control/scenes/arm_with_gripper.xml
[4.549s] -- Up-to-date: /home/star/program/real/programming/grinding/ros2_build_ws/install/feixi_ros2_control/share/feixi_ros2_control/scenes/arm_only.xml
[4.549s] -- Up-to-date: /home/star/program/real/programming/grinding/ros2_build_ws/install/feixi_ros2_control/share/feixi_ros2_control/environment/library_path.sh
[4.549s] -- Up-to-date: /home/star/program/real/programming/grinding/ros2_build_ws/install/feixi_ros2_control/share/feixi_ros2_control/environment/library_path.dsv
[4.549s] -- Installing: /home/star/program/real/programming/grinding/ros2_build_ws/install/feixi_ros2_control/share/ament_index/resource_index/package_run_dependencies/feixi_ros2_control
[4.549s] -- Installing: /home/star/program/real/programming/grinding/ros2_build_ws/install/feixi_ros2_control/share/ament_index/resource_index/parent_prefix_path/feixi_ros2_control
[4.549s] -- Up-to-date: /home/star/program/real/programming/grinding/ros2_build_ws/install/feixi_ros2_control/share/feixi_ros2_control/environment/ament_prefix_path.sh
[4.549s] -- Up-to-date: /home/star/program/real/programming/grinding/ros2_build_ws/install/feixi_ros2_control/share/feixi_ros2_control/environment/ament_prefix_path.dsv
[4.549s] -- Up-to-date: /home/star/program/real/programming/grinding/ros2_build_ws/install/feixi_ros2_control/share/feixi_ros2_control/environment/path.sh
[4.549s] -- Up-to-date: /home/star/program/real/programming/grinding/ros2_build_ws/install/feixi_ros2_control/share/feixi_ros2_control/environment/path.dsv
[4.549s] -- Up-to-date: /home/star/program/real/programming/grinding/ros2_build_ws/install/feixi_ros2_control/share/feixi_ros2_control/local_setup.bash
[4.549s] -- Up-to-date: /home/star/program/real/programming/grinding/ros2_build_ws/install/feixi_ros2_control/share/feixi_ros2_control/local_setup.sh
[4.549s] -- Up-to-date: /home/star/program/real/programming/grinding/ros2_build_ws/install/feixi_ros2_control/share/feixi_ros2_control/local_setup.zsh
[4.550s] -- Up-to-date: /home/star/program/real/programming/grinding/ros2_build_ws/install/feixi_ros2_control/share/feixi_ros2_control/local_setup.dsv
[4.550s] -- Installing: /home/star/program/real/programming/grinding/ros2_build_ws/install/feixi_ros2_control/share/feixi_ros2_control/package.dsv
[4.550s] -- Up-to-date: /home/star/program/real/programming/grinding/ros2_build_ws/install/feixi_ros2_control/share/ament_index/resource_index/packages/feixi_ros2_control
[4.550s] -- Up-to-date: /home/star/program/real/programming/grinding/ros2_build_ws/install/feixi_ros2_control/share/ament_index/resource_index/hardware_interface__pluginlib__plugin/feixi_ros2_control
[4.550s] -- Up-to-date: /home/star/program/real/programming/grinding/ros2_build_ws/install/feixi_ros2_control/share/feixi_ros2_control/cmake/ament_cmake_export_include_directories-extras.cmake
[4.550s] -- Up-to-date: /home/star/program/real/programming/grinding/ros2_build_ws/install/feixi_ros2_control/share/feixi_ros2_control/cmake/ament_cmake_export_dependencies-extras.cmake
[4.550s] -- Up-to-date: /home/star/program/real/programming/grinding/ros2_build_ws/install/feixi_ros2_control/share/feixi_ros2_control/cmake/ament_cmake_export_libraries-extras.cmake
[4.550s] -- Up-to-date: /home/star/program/real/programming/grinding/ros2_build_ws/install/feixi_ros2_control/share/feixi_ros2_control/cmake/feixi_ros2_controlConfig.cmake
[4.550s] -- Up-to-date: /home/star/program/real/programming/grinding/ros2_build_ws/install/feixi_ros2_control/share/feixi_ros2_control/cmake/feixi_ros2_controlConfig-version.cmake
[4.550s] -- Installing: /home/star/program/real/programming/grinding/ros2_build_ws/install/feixi_ros2_control/share/feixi_ros2_control/package.xml
[4.550s] Invoked command in '/home/star/program/real/programming/grinding/ros2_build_ws/build/feixi_ros2_control' returned '0': CMAKE_PREFIX_PATH=${CMAKE_PREFIX_PATH}:/opt/ros/jazzy DEBUGINFOD_URLS=https://debuginfod.ubuntu.com /usr/bin/cmake --install /home/star/program/real/programming/grinding/ros2_build_ws/build/feixi_ros2_control
