[0.000000] (-) TimerEvent: {}
[0.000143] (feixi_ros2_control) JobQueued: {'identifier': 'feixi_ros2_control', 'dependencies': OrderedDict()}
[0.000294] (feixi_ros2_control) JobStarted: {'identifier': 'feixi_ros2_control'}
[0.005543] (feixi_ros2_control) JobProgress: {'identifier': 'feixi_ros2_control', 'progress': 'cmake'}
[0.006193] (feixi_ros2_control) JobProgress: {'identifier': 'feixi_ros2_control', 'progress': 'build'}
[0.006815] (feixi_ros2_control) Command: {'cmd': ['/usr/bin/cmake', '--build', '/home/star/program/real/programming/grinding/ros2_build_ws/build/feixi_ros2_control', '--', '-j20', '-l20'], 'cwd': '/home/star/program/real/programming/grinding/ros2_build_ws/build/feixi_ros2_control', 'env': OrderedDict({'GJS_DEBUG_TOPICS': 'JS ERROR;JS LOG', 'npm_config_devdir': '/tmp/cursor-sandbox-cache/cd1ba5afd9cd95bd60e97512e660f212/node-gyp', 'LESSOPEN': '| /usr/bin/lesspipe %s', 'VSCODE_CWD': '/home/star', 'CURSOR_EXTENSION_HOST_ROLE': 'agent-exec', 'VSCODE_ESM_ENTRYPOINT': 'vs/workbench/api/node/extensionHostProcess', 'PUPPETEER_CACHE_DIR': '/tmp/cursor-sandbox-cache/cd1ba5afd9cd95bd60e97512e660f212/puppeteer', 'USER': 'star', 'VSCODE_NLS_CONFIG': '{"userLocale":"en-us","osLocale":"zh-cn","resolvedLanguage":"en","defaultMessagesFile":"/usr/share/cursor/resources/app/out/nls.messages.json","locale":"en-us","availableLanguages":{}}', 'GZ_CONFIG_PATH': '/opt/ros/jazzy/opt/sdformat_vendor/share/gz', 'CARGO_TARGET_DIR': '/tmp/cursor-sandbox-cache/cd1ba5afd9cd95bd60e97512e660f212/cargo-target', 'CCACHE_DIR': '/tmp/cursor-sandbox-cache/cd1ba5afd9cd95bd60e97512e660f212/ccache', 'VSCODE_HANDLES_UNCAUGHT_ERRORS': 'true', 'XDG_SESSION_TYPE': 'x11', 'CURSOR_RIPGREP_PATH': '/usr/share/cursor/resources/app/node_modules/@vscode/ripgrep/bin/rg', 'PIP_CACHE_DIR': '/tmp/cursor-sandbox-cache/cd1ba5afd9cd95bd60e97512e660f212/pip', 'NUGET_PACKAGES': '/tmp/cursor-sandbox-cache/cd1ba5afd9cd95bd60e97512e660f212/nuget', 'HOMEBREW_CACHE': '/tmp/cursor-sandbox-cache/cd1ba5afd9cd95bd60e97512e660f212/homebrew', 'CLUTTER_DISABLE_MIPMAPPED_TEXT': '1', 'SHLVL': '1', 'LD_LIBRARY_PATH': '/home/star/mujoco/lib:/home/star/mujoco/lib:/home/star/mujoco/lib:/home/star/mujoco/lib:/home/star/program/real/programming/grinding/ros2_build_ws/install/feixi_ros2_control/lib:/home/star/mujoco/lib:/opt/ros/jazzy/opt/sdformat_vendor/lib:/opt/ros/jazzy/opt/rviz_ogre_vendor/lib:/opt/ros/jazzy/lib/x86_64-linux-gnu:/opt/ros/jazzy/opt/gz_math_vendor/lib:/opt/ros/jazzy/opt/gz_utils_vendor/lib:/opt/ros/jazzy/opt/gz_tools_vendor/lib:/opt/ros/jazzy/opt/gz_cmake_vendor/lib:/opt/ros/jazzy/lib:/home/star/mujoco/lib::/home/star/.mujoco/mujoco210/bin:/home/star/.mujoco/mujoco210/bin', 'HOME': '/home/star', 'CHROME_DESKTOP': 'cursor.desktop', 'OLDPWD': '/home/star/program/real/programming/grinding/ros2_build_ws', 'DESKTOP_SESSION': 'ubuntu', 'VSCODE_IPC_HOOK': '/run/user/1000/vscode-f9916691-3.2.-main.sock', 'GIO_LAUNCHED_DESKTOP_FILE': '/usr/share/applications/cursor.desktop', 'ROS_PYTHON_VERSION': '3', 'GNOME_SHELL_SESSION_MODE': 'ubuntu', 'GTK_MODULES': 'gail:atk-bridge', 'CURSOR_ORIG_UID': '1000', 'CURSOR_WORKSPACE_LABEL': 'grinding', 'MANAGERPID': '2261', 'SYSTEMD_EXEC_PID': '2596', 'ROS_LOG_DIR': '/home/star/program/real/programming/grinding/ros2_launch_log', 'GSM_SKIP_SSH_AGENT_WORKAROUND': 'true', 'NO_COLOR': '1', 'CONDA_PKGS_DIRS': '/tmp/cursor-sandbox-cache/cd1ba5afd9cd95bd60e97512e660f212/conda', 'DBUS_SESSION_BUS_ADDRESS': 'unix:path=/run/user/1000/bus', 'GIO_LAUNCHED_DESKTOP_FILE_PID': '4565', 'VSCODE_CRASH_REPORTER_PROCESS_TYPE': 'extensionHost', 'DEBUGINFOD_URLS': 'https://debuginfod.ubuntu.com', 'COMPOSER_HOME': '/tmp/cursor-sandbox-cache/cd1ba5afd9cd95bd60e97512e660f212/composer', 'COLCON_PREFIX_PATH': '/home/star/program/real/programming/grinding/ros2_build_ws/install', 'ROS_DISTRO': 'jazzy', 'LOGNAME': 'star', 'FORCE_COLOR': '0', 'JOURNAL_STREAM': '9:28830', 'BUN_INSTALL_CACHE_DIR': '/tmp/cursor-sandbox-cache/cd1ba5afd9cd95bd60e97512e660f212/bun', '_': '/usr/bin/colcon', 'ROS_VERSION': '2', 'MEMORY_PRESSURE_WATCH': '/sys/fs/cgroup/user.slice/user-1000.slice/user@1000.service/session.slice/org.gnome.Shell@x11.service/memory.pressure', 'CURSOR_LAYOUT': 'unifiedAgent', 'GOMODCACHE': '/tmp/cursor-sandbox-cache/cd1ba5afd9cd95bd60e97512e660f212/go-mod', 'XDG_SESSION_CLASS': 'user', 'USERNAME': 'star', 'CP_HOME_DIR': '/tmp/cursor-sandbox-cache/cd1ba5afd9cd95bd60e97512e660f212/cocoapods', 'TERM': 'dumb', 'GNOME_DESKTOP_SESSION_ID': 'this-is-deprecated', 'FC_FONTATIONS': '1', 'WINDOWPATH': '2', 'POETRY_CACHE_DIR': '/tmp/cursor-sandbox-cache/cd1ba5afd9cd95bd60e97512e660f212/poetry', 'PATH': '/usr/share/cursor/resources/app/resources/helpers:/opt/ros/jazzy/opt/gz_tools_vendor/bin:/opt/ros/jazzy/bin:/usr/local/sbin:/usr/local/bin:/usr/sbin:/usr/bin:/sbin:/bin:/usr/games:/usr/local/games:/snap/bin:/snap/bin', 'SESSION_MANAGER': 'local/star-host:@/tmp/.ICE-unix/2553,unix/star-host:/tmp/.ICE-unix/2553', 'YARN_CACHE_FOLDER': '/tmp/cursor-sandbox-cache/cd1ba5afd9cd95bd60e97512e660f212/yarn', 'INVOCATION_ID': 'f8a4e6f63a9e48d89b6e91e29c5299ff', 'UV_CACHE_DIR': '/tmp/cursor-sandbox-cache/cd1ba5afd9cd95bd60e97512e660f212/uv', 'XDG_MENU_PREFIX': 'gnome-', 'VSCODE_PROCESS_TITLE': 'extension-host (agent-exec) grinding [1-4]', 'MUJOCO_DIR': '/home/star/mujoco', 'PLAYWRIGHT_BROWSERS_PATH': '/tmp/cursor-sandbox-cache/cd1ba5afd9cd95bd60e97512e660f212/playwright', 'XDG_RUNTIME_DIR': '/run/user/1000', 'BUNDLE_PATH': '/tmp/cursor-sandbox-cache/cd1ba5afd9cd95bd60e97512e660f212/bundle', 'GDK_BACKEND': 'x11', 'MUJOCO_PY_MUJOCO_PATH': '/home/star/.mujoco/mujoco210', 'CURSOR_AGENT': '1', 'DISPLAY': ':1', 'LANG': 'zh_CN.UTF-8', 'XDG_CURRENT_DESKTOP': 'ubuntu:GNOME', 'NX_CACHE_DIRECTORY': '/tmp/cursor-sandbox-cache/cd1ba5afd9cd95bd60e97512e660f212/nx', 'XMODIFIERS': '@im=ibus', 'XDG_SESSION_DESKTOP': 'ubuntu', 'XAUTHORITY': '/run/user/1000/gdm/Xauthority', 'LS_COLORS': '', 'SBX_CHROME_API_RQ': '1', 'CYPRESS_CACHE_FOLDER': '/tmp/cursor-sandbox-cache/cd1ba5afd9cd95bd60e97512e660f212/cypress', 'SSH_AUTH_SOCK': '/run/user/1000/keyring/ssh', 'PNPM_STORE_PATH': '/tmp/cursor-sandbox-cache/cd1ba5afd9cd95bd60e97512e660f212/pnpm-store', 'AMENT_PREFIX_PATH': '/home/star/program/real/programming/grinding/ros2_build_ws/install/feixi_ros2_control:/opt/ros/jazzy', 'SHELL': '/bin/bash', 'GOCACHE': '/tmp/cursor-sandbox-cache/cd1ba5afd9cd95bd60e97512e660f212/go-build', 'QT_ACCESSIBILITY': '1', 'ELECTRON_RUN_AS_NODE': '1', 'GDMSESSION': 'ubuntu', 'LESSCLOSE': '/usr/bin/lesspipe %s %s', 'GPG_AGENT_INFO': '/run/user/1000/gnupg/S.gpg-agent:0:1', 'GJS_DEBUG_OUTPUT': 'stderr', 'ROS_AUTOMATIC_DISCOVERY_RANGE': 'SUBNET', 'QT_IM_MODULE': 'ibus', 'NPM_CONFIG_CACHE': '/tmp/cursor-sandbox-cache/cd1ba5afd9cd95bd60e97512e660f212/npm', 'PWD': '/home/star/program/real/programming/grinding/ros2_build_ws/build/feixi_ros2_control', 'GRADLE_USER_HOME': '/tmp/cursor-sandbox-cache/cd1ba5afd9cd95bd60e97512e660f212/gradle', 'XDG_CONFIG_DIRS': '/etc/xdg/xdg-ubuntu:/etc/xdg', 'VSCODE_CODE_CACHE_PATH': '/home/star/.config/Cursor/CachedData/e9ee1339915a927dfb2df4a836dd9c8337e17cc0', 'CURSOR_ORIG_GID': '1000', 'XDG_DATA_DIRS': '/usr/share/ubuntu:/usr/share/gnome:/usr/local/share/:/usr/share/:/var/lib/snapd/desktop', 'PYTHONPATH': '/opt/ros/jazzy/lib/python3.12/site-packages', 'TURBO_CACHE_DIR': '/tmp/cursor-sandbox-cache/cd1ba5afd9cd95bd60e97512e660f212/turbo', 'COLCON': '1', '_ZO_DOCTOR': '0', 'MEMORY_PRESSURE_WRITE': 'c29tZSAyMDAwMDAgMjAwMDAwMAA=', 'GEM_SPEC_CACHE': '/tmp/cursor-sandbox-cache/cd1ba5afd9cd95bd60e97512e660f212/gem-specs', 'CMAKE_PREFIX_PATH': '/home/star/program/real/programming/grinding/ros2_build_ws/install/feixi_ros2_control:/opt/ros/jazzy/opt/sdformat_vendor:/opt/ros/jazzy/opt/gz_math_vendor:/opt/ros/jazzy/opt/gz_utils_vendor:/opt/ros/jazzy/opt/gz_tools_vendor:/opt/ros/jazzy/opt/gz_cmake_vendor:/opt/ros/jazzy', 'VSCODE_PID': '4565'}), 'shell': False}
[0.025748] (feixi_ros2_control) StdoutLine: {'line': b'-- Found ament_cmake: 2.5.6 (/opt/ros/jazzy/share/ament_cmake/cmake)\n'}
[0.099881] (-) TimerEvent: {}
[0.194820] (feixi_ros2_control) StdoutLine: {'line': b'-- Found hardware_interface: 4.44.0 (/opt/ros/jazzy/share/hardware_interface/cmake)\n'}
[0.199959] (-) TimerEvent: {}
[0.212555] (feixi_ros2_control) StdoutLine: {'line': b'-- Found rosidl_generator_c: 4.6.7 (/opt/ros/jazzy/share/rosidl_generator_c/cmake)\n'}
[0.218076] (feixi_ros2_control) StdoutLine: {'line': b'-- Found rosidl_generator_cpp: 4.6.7 (/opt/ros/jazzy/share/rosidl_generator_cpp/cmake)\n'}
[0.225059] (feixi_ros2_control) StdoutLine: {'line': b'-- Using all available rosidl_typesupport_c: rosidl_typesupport_fastrtps_c;rosidl_typesupport_introspection_c\n'}
[0.233323] (feixi_ros2_control) StdoutLine: {'line': b'-- Using all available rosidl_typesupport_cpp: rosidl_typesupport_fastrtps_cpp;rosidl_typesupport_introspection_cpp\n'}
[0.300113] (-) TimerEvent: {}
[0.354434] (feixi_ros2_control) StdoutLine: {'line': b'-- Found TinyXML2 via Config file: /usr/lib/x86_64-linux-gnu/cmake/tinyxml2\n'}
[0.377049] (feixi_ros2_control) StdoutLine: {'line': b'-- Found rmw_implementation_cmake: 7.3.3 (/opt/ros/jazzy/share/rmw_implementation_cmake/cmake)\n'}
[0.377769] (feixi_ros2_control) StdoutLine: {'line': b'-- Found rmw_fastrtps_cpp: 8.4.3 (/opt/ros/jazzy/share/rmw_fastrtps_cpp/cmake)\n'}
[0.389225] (feixi_ros2_control) StdoutLine: {'line': b'-- Found TinyXML2 via Config file: /usr/lib/x86_64-linux-gnu/cmake/tinyxml2\n'}
[0.396039] (feixi_ros2_control) StdoutLine: {'line': b'-- Found TinyXML2 via Config file: /usr/lib/x86_64-linux-gnu/cmake/tinyxml2\n'}
[0.400229] (-) TimerEvent: {}
[0.407913] (feixi_ros2_control) StdoutLine: {'line': b'-- Found TinyXML2 via Config file: /usr/lib/x86_64-linux-gnu/cmake/tinyxml2\n'}
[0.413786] (feixi_ros2_control) StdoutLine: {'line': b'-- Found TinyXML2 via Config file: /usr/lib/x86_64-linux-gnu/cmake/tinyxml2\n'}
[0.421248] (feixi_ros2_control) StdoutLine: {'line': b"-- Using RMW implementation 'rmw_fastrtps_cpp' as default\n"}
[0.500325] (-) TimerEvent: {}
[0.548766] (feixi_ros2_control) StdoutLine: {'line': b'-- Found OpenGL: /usr/lib/x86_64-linux-gnu/libOpenGL.so   \n'}
[0.600404] (-) TimerEvent: {}
[0.613321] (feixi_ros2_control) StdoutLine: {'line': b'-- Configuring done (0.6s)\n'}
[0.626953] (feixi_ros2_control) StdoutLine: {'line': b'-- Generating done (0.0s)\n'}
[0.630100] (feixi_ros2_control) StdoutLine: {'line': b'-- Build files have been written to: /home/star/program/real/programming/grinding/ros2_build_ws/build/feixi_ros2_control\n'}
[0.680250] (feixi_ros2_control) StdoutLine: {'line': b'[ 33%] Building CXX object CMakeFiles/feixi_mujoco_hardware_plugin.dir/src/mj_view.cpp.o\n'}
[0.681154] (feixi_ros2_control) StdoutLine: {'line': b'[ 66%] Building CXX object CMakeFiles/feixi_mujoco_hardware_plugin.dir/src/feixi_mujoco_hardware.cpp.o\n'}
[0.700526] (-) TimerEvent: {}
[0.800721] (-) TimerEvent: {}
[0.900874] (-) TimerEvent: {}
[1.001030] (-) TimerEvent: {}
[1.101208] (-) TimerEvent: {}
[1.201382] (-) TimerEvent: {}
[1.301612] (-) TimerEvent: {}
[1.401881] (-) TimerEvent: {}
[1.502022] (-) TimerEvent: {}
[1.602195] (-) TimerEvent: {}
[1.702364] (-) TimerEvent: {}
[1.802589] (-) TimerEvent: {}
[1.902834] (-) TimerEvent: {}
[2.002998] (-) TimerEvent: {}
[2.103160] (-) TimerEvent: {}
[2.203324] (-) TimerEvent: {}
[2.303567] (-) TimerEvent: {}
[2.403737] (-) TimerEvent: {}
[2.503892] (-) TimerEvent: {}
[2.604033] (-) TimerEvent: {}
[2.704196] (-) TimerEvent: {}
[2.804361] (-) TimerEvent: {}
[2.904527] (-) TimerEvent: {}
[3.004669] (-) TimerEvent: {}
[3.104841] (-) TimerEvent: {}
[3.204984] (-) TimerEvent: {}
[3.305112] (-) TimerEvent: {}
[3.405252] (-) TimerEvent: {}
[3.505382] (-) TimerEvent: {}
[3.605566] (-) TimerEvent: {}
[3.619048] (feixi_ros2_control) StdoutLine: {'line': b'[100%] Linking CXX shared library libfeixi_mujoco_hardware_plugin.so\n'}
[3.705653] (-) TimerEvent: {}
[3.750827] (feixi_ros2_control) StdoutLine: {'line': b'[100%] Built target feixi_mujoco_hardware_plugin\n'}
[3.760227] (feixi_ros2_control) CommandEnded: {'returncode': 0}
[3.760829] (feixi_ros2_control) JobProgress: {'identifier': 'feixi_ros2_control', 'progress': 'install'}
[3.768807] (feixi_ros2_control) Command: {'cmd': ['/usr/bin/cmake', '--install', '/home/star/program/real/programming/grinding/ros2_build_ws/build/feixi_ros2_control'], 'cwd': '/home/star/program/real/programming/grinding/ros2_build_ws/build/feixi_ros2_control', 'env': OrderedDict({'GJS_DEBUG_TOPICS': 'JS ERROR;JS LOG', 'npm_config_devdir': '/tmp/cursor-sandbox-cache/cd1ba5afd9cd95bd60e97512e660f212/node-gyp', 'LESSOPEN': '| /usr/bin/lesspipe %s', 'VSCODE_CWD': '/home/star', 'CURSOR_EXTENSION_HOST_ROLE': 'agent-exec', 'VSCODE_ESM_ENTRYPOINT': 'vs/workbench/api/node/extensionHostProcess', 'PUPPETEER_CACHE_DIR': '/tmp/cursor-sandbox-cache/cd1ba5afd9cd95bd60e97512e660f212/puppeteer', 'USER': 'star', 'VSCODE_NLS_CONFIG': '{"userLocale":"en-us","osLocale":"zh-cn","resolvedLanguage":"en","defaultMessagesFile":"/usr/share/cursor/resources/app/out/nls.messages.json","locale":"en-us","availableLanguages":{}}', 'GZ_CONFIG_PATH': '/opt/ros/jazzy/opt/sdformat_vendor/share/gz', 'CARGO_TARGET_DIR': '/tmp/cursor-sandbox-cache/cd1ba5afd9cd95bd60e97512e660f212/cargo-target', 'CCACHE_DIR': '/tmp/cursor-sandbox-cache/cd1ba5afd9cd95bd60e97512e660f212/ccache', 'VSCODE_HANDLES_UNCAUGHT_ERRORS': 'true', 'XDG_SESSION_TYPE': 'x11', 'CURSOR_RIPGREP_PATH': '/usr/share/cursor/resources/app/node_modules/@vscode/ripgrep/bin/rg', 'PIP_CACHE_DIR': '/tmp/cursor-sandbox-cache/cd1ba5afd9cd95bd60e97512e660f212/pip', 'NUGET_PACKAGES': '/tmp/cursor-sandbox-cache/cd1ba5afd9cd95bd60e97512e660f212/nuget', 'HOMEBREW_CACHE': '/tmp/cursor-sandbox-cache/cd1ba5afd9cd95bd60e97512e660f212/homebrew', 'CLUTTER_DISABLE_MIPMAPPED_TEXT': '1', 'SHLVL': '1', 'LD_LIBRARY_PATH': '/home/star/mujoco/lib:/home/star/mujoco/lib:/home/star/mujoco/lib:/home/star/mujoco/lib:/home/star/program/real/programming/grinding/ros2_build_ws/install/feixi_ros2_control/lib:/home/star/mujoco/lib:/opt/ros/jazzy/opt/sdformat_vendor/lib:/opt/ros/jazzy/opt/rviz_ogre_vendor/lib:/opt/ros/jazzy/lib/x86_64-linux-gnu:/opt/ros/jazzy/opt/gz_math_vendor/lib:/opt/ros/jazzy/opt/gz_utils_vendor/lib:/opt/ros/jazzy/opt/gz_tools_vendor/lib:/opt/ros/jazzy/opt/gz_cmake_vendor/lib:/opt/ros/jazzy/lib:/home/star/mujoco/lib::/home/star/.mujoco/mujoco210/bin:/home/star/.mujoco/mujoco210/bin', 'HOME': '/home/star', 'CHROME_DESKTOP': 'cursor.desktop', 'OLDPWD': '/home/star/program/real/programming/grinding/ros2_build_ws', 'DESKTOP_SESSION': 'ubuntu', 'VSCODE_IPC_HOOK': '/run/user/1000/vscode-f9916691-3.2.-main.sock', 'GIO_LAUNCHED_DESKTOP_FILE': '/usr/share/applications/cursor.desktop', 'ROS_PYTHON_VERSION': '3', 'GNOME_SHELL_SESSION_MODE': 'ubuntu', 'GTK_MODULES': 'gail:atk-bridge', 'CURSOR_ORIG_UID': '1000', 'CURSOR_WORKSPACE_LABEL': 'grinding', 'MANAGERPID': '2261', 'SYSTEMD_EXEC_PID': '2596', 'ROS_LOG_DIR': '/home/star/program/real/programming/grinding/ros2_launch_log', 'GSM_SKIP_SSH_AGENT_WORKAROUND': 'true', 'NO_COLOR': '1', 'CONDA_PKGS_DIRS': '/tmp/cursor-sandbox-cache/cd1ba5afd9cd95bd60e97512e660f212/conda', 'DBUS_SESSION_BUS_ADDRESS': 'unix:path=/run/user/1000/bus', 'GIO_LAUNCHED_DESKTOP_FILE_PID': '4565', 'VSCODE_CRASH_REPORTER_PROCESS_TYPE': 'extensionHost', 'DEBUGINFOD_URLS': 'https://debuginfod.ubuntu.com', 'COMPOSER_HOME': '/tmp/cursor-sandbox-cache/cd1ba5afd9cd95bd60e97512e660f212/composer', 'COLCON_PREFIX_PATH': '/home/star/program/real/programming/grinding/ros2_build_ws/install', 'ROS_DISTRO': 'jazzy', 'LOGNAME': 'star', 'FORCE_COLOR': '0', 'JOURNAL_STREAM': '9:28830', 'BUN_INSTALL_CACHE_DIR': '/tmp/cursor-sandbox-cache/cd1ba5afd9cd95bd60e97512e660f212/bun', '_': '/usr/bin/colcon', 'ROS_VERSION': '2', 'MEMORY_PRESSURE_WATCH': '/sys/fs/cgroup/user.slice/user-1000.slice/user@1000.service/session.slice/org.gnome.Shell@x11.service/memory.pressure', 'CURSOR_LAYOUT': 'unifiedAgent', 'GOMODCACHE': '/tmp/cursor-sandbox-cache/cd1ba5afd9cd95bd60e97512e660f212/go-mod', 'XDG_SESSION_CLASS': 'user', 'USERNAME': 'star', 'CP_HOME_DIR': '/tmp/cursor-sandbox-cache/cd1ba5afd9cd95bd60e97512e660f212/cocoapods', 'TERM': 'dumb', 'GNOME_DESKTOP_SESSION_ID': 'this-is-deprecated', 'FC_FONTATIONS': '1', 'WINDOWPATH': '2', 'POETRY_CACHE_DIR': '/tmp/cursor-sandbox-cache/cd1ba5afd9cd95bd60e97512e660f212/poetry', 'PATH': '/usr/share/cursor/resources/app/resources/helpers:/opt/ros/jazzy/opt/gz_tools_vendor/bin:/opt/ros/jazzy/bin:/usr/local/sbin:/usr/local/bin:/usr/sbin:/usr/bin:/sbin:/bin:/usr/games:/usr/local/games:/snap/bin:/snap/bin', 'SESSION_MANAGER': 'local/star-host:@/tmp/.ICE-unix/2553,unix/star-host:/tmp/.ICE-unix/2553', 'YARN_CACHE_FOLDER': '/tmp/cursor-sandbox-cache/cd1ba5afd9cd95bd60e97512e660f212/yarn', 'INVOCATION_ID': 'f8a4e6f63a9e48d89b6e91e29c5299ff', 'UV_CACHE_DIR': '/tmp/cursor-sandbox-cache/cd1ba5afd9cd95bd60e97512e660f212/uv', 'XDG_MENU_PREFIX': 'gnome-', 'VSCODE_PROCESS_TITLE': 'extension-host (agent-exec) grinding [1-4]', 'MUJOCO_DIR': '/home/star/mujoco', 'PLAYWRIGHT_BROWSERS_PATH': '/tmp/cursor-sandbox-cache/cd1ba5afd9cd95bd60e97512e660f212/playwright', 'XDG_RUNTIME_DIR': '/run/user/1000', 'BUNDLE_PATH': '/tmp/cursor-sandbox-cache/cd1ba5afd9cd95bd60e97512e660f212/bundle', 'GDK_BACKEND': 'x11', 'MUJOCO_PY_MUJOCO_PATH': '/home/star/.mujoco/mujoco210', 'CURSOR_AGENT': '1', 'DISPLAY': ':1', 'LANG': 'zh_CN.UTF-8', 'XDG_CURRENT_DESKTOP': 'ubuntu:GNOME', 'NX_CACHE_DIRECTORY': '/tmp/cursor-sandbox-cache/cd1ba5afd9cd95bd60e97512e660f212/nx', 'XMODIFIERS': '@im=ibus', 'XDG_SESSION_DESKTOP': 'ubuntu', 'XAUTHORITY': '/run/user/1000/gdm/Xauthority', 'LS_COLORS': '', 'SBX_CHROME_API_RQ': '1', 'CYPRESS_CACHE_FOLDER': '/tmp/cursor-sandbox-cache/cd1ba5afd9cd95bd60e97512e660f212/cypress', 'SSH_AUTH_SOCK': '/run/user/1000/keyring/ssh', 'PNPM_STORE_PATH': '/tmp/cursor-sandbox-cache/cd1ba5afd9cd95bd60e97512e660f212/pnpm-store', 'AMENT_PREFIX_PATH': '/home/star/program/real/programming/grinding/ros2_build_ws/install/feixi_ros2_control:/opt/ros/jazzy', 'SHELL': '/bin/bash', 'GOCACHE': '/tmp/cursor-sandbox-cache/cd1ba5afd9cd95bd60e97512e660f212/go-build', 'QT_ACCESSIBILITY': '1', 'ELECTRON_RUN_AS_NODE': '1', 'GDMSESSION': 'ubuntu', 'LESSCLOSE': '/usr/bin/lesspipe %s %s', 'GPG_AGENT_INFO': '/run/user/1000/gnupg/S.gpg-agent:0:1', 'GJS_DEBUG_OUTPUT': 'stderr', 'ROS_AUTOMATIC_DISCOVERY_RANGE': 'SUBNET', 'QT_IM_MODULE': 'ibus', 'NPM_CONFIG_CACHE': '/tmp/cursor-sandbox-cache/cd1ba5afd9cd95bd60e97512e660f212/npm', 'PWD': '/home/star/program/real/programming/grinding/ros2_build_ws/build/feixi_ros2_control', 'GRADLE_USER_HOME': '/tmp/cursor-sandbox-cache/cd1ba5afd9cd95bd60e97512e660f212/gradle', 'XDG_CONFIG_DIRS': '/etc/xdg/xdg-ubuntu:/etc/xdg', 'VSCODE_CODE_CACHE_PATH': '/home/star/.config/Cursor/CachedData/e9ee1339915a927dfb2df4a836dd9c8337e17cc0', 'CURSOR_ORIG_GID': '1000', 'XDG_DATA_DIRS': '/usr/share/ubuntu:/usr/share/gnome:/usr/local/share/:/usr/share/:/var/lib/snapd/desktop', 'PYTHONPATH': '/opt/ros/jazzy/lib/python3.12/site-packages', 'TURBO_CACHE_DIR': '/tmp/cursor-sandbox-cache/cd1ba5afd9cd95bd60e97512e660f212/turbo', 'COLCON': '1', '_ZO_DOCTOR': '0', 'MEMORY_PRESSURE_WRITE': 'c29tZSAyMDAwMDAgMjAwMDAwMAA=', 'GEM_SPEC_CACHE': '/tmp/cursor-sandbox-cache/cd1ba5afd9cd95bd60e97512e660f212/gem-specs', 'CMAKE_PREFIX_PATH': '/home/star/program/real/programming/grinding/ros2_build_ws/install/feixi_ros2_control:/opt/ros/jazzy/opt/sdformat_vendor:/opt/ros/jazzy/opt/gz_math_vendor:/opt/ros/jazzy/opt/gz_utils_vendor:/opt/ros/jazzy/opt/gz_tools_vendor:/opt/ros/jazzy/opt/gz_cmake_vendor:/opt/ros/jazzy', 'VSCODE_PID': '4565'}), 'shell': False}
[3.774341] (feixi_ros2_control) StdoutLine: {'line': b'-- Install configuration: "Release"\n'}
[3.774452] (feixi_ros2_control) StdoutLine: {'line': b'-- Up-to-date: /home/star/program/real/programming/grinding/ros2_build_ws/install/feixi_ros2_control/share/feixi_ros2_control/feixi_mujoco_hardware.xml\n'}
[3.774500] (feixi_ros2_control) StdoutLine: {'line': b'-- Up-to-date: /home/star/program/real/programming/grinding/ros2_build_ws/install/feixi_ros2_control/include\n'}
[3.774543] (feixi_ros2_control) StdoutLine: {'line': b'-- Up-to-date: /home/star/program/real/programming/grinding/ros2_build_ws/install/feixi_ros2_control/include/feixi_ros2_control\n'}
[3.774581] (feixi_ros2_control) StdoutLine: {'line': b'-- Installing: /home/star/program/real/programming/grinding/ros2_build_ws/install/feixi_ros2_control/include/feixi_ros2_control/mj_view.hpp\n'}
[3.774639] (feixi_ros2_control) StdoutLine: {'line': b'-- Installing: /home/star/program/real/programming/grinding/ros2_build_ws/install/feixi_ros2_control/include/feixi_ros2_control/feixi_mujoco_hardware.hpp\n'}
[3.774698] (feixi_ros2_control) StdoutLine: {'line': b'-- Installing: /home/star/program/real/programming/grinding/ros2_build_ws/install/feixi_ros2_control/lib/libfeixi_mujoco_hardware_plugin.so\n'}
[3.774875] (feixi_ros2_control) StdoutLine: {'line': b'-- Set non-toolchain portion of runtime path of "/home/star/program/real/programming/grinding/ros2_build_ws/install/feixi_ros2_control/lib/libfeixi_mujoco_hardware_plugin.so" to ""\n'}
[3.774950] (feixi_ros2_control) StdoutLine: {'line': b'-- Up-to-date: /home/star/program/real/programming/grinding/ros2_build_ws/install/feixi_ros2_control/share/feixi_ros2_control/urdf\n'}
[3.775009] (feixi_ros2_control) StdoutLine: {'line': b'-- Up-to-date: /home/star/program/real/programming/grinding/ros2_build_ws/install/feixi_ros2_control/share/feixi_ros2_control/urdf/feixi_mock.urdf.xacro\n'}
[3.775064] (feixi_ros2_control) StdoutLine: {'line': b'-- Installing: /home/star/program/real/programming/grinding/ros2_build_ws/install/feixi_ros2_control/share/feixi_ros2_control/urdf/feixi.urdf.xacro\n'}
[3.775135] (feixi_ros2_control) StdoutLine: {'line': b'-- Up-to-date: /home/star/program/real/programming/grinding/ros2_build_ws/install/feixi_ros2_control/share/feixi_ros2_control/launch\n'}
[3.775175] (feixi_ros2_control) StdoutLine: {'line': b'-- Installing: /home/star/program/real/programming/grinding/ros2_build_ws/install/feixi_ros2_control/share/feixi_ros2_control/launch/feixi_mujoco_ros2_control.launch.py\n'}
[3.775240] (feixi_ros2_control) StdoutLine: {'line': b'-- Up-to-date: /home/star/program/real/programming/grinding/ros2_build_ws/install/feixi_ros2_control/share/feixi_ros2_control/launch/feixi_mock_ros2_control.launch.py\n'}
[3.775284] (feixi_ros2_control) StdoutLine: {'line': b'-- Up-to-date: /home/star/program/real/programming/grinding/ros2_build_ws/install/feixi_ros2_control/share/feixi_ros2_control/config\n'}
[3.775324] (feixi_ros2_control) StdoutLine: {'line': b'-- Up-to-date: /home/star/program/real/programming/grinding/ros2_build_ws/install/feixi_ros2_control/share/feixi_ros2_control/config/feixi_joint_trajectory_arm7_mock.yaml\n'}
[3.775362] (feixi_ros2_control) StdoutLine: {'line': b'-- Up-to-date: /home/star/program/real/programming/grinding/ros2_build_ws/install/feixi_ros2_control/share/feixi_ros2_control/config/feixi_joint_trajectory_controller.yaml\n'}
[3.775459] (feixi_ros2_control) StdoutLine: {'line': b'-- Up-to-date: /home/star/program/real/programming/grinding/ros2_build_ws/install/feixi_ros2_control/share/feixi_ros2_control/config/ros2_controllers.yaml\n'}
[3.775500] (feixi_ros2_control) StdoutLine: {'line': b'-- Up-to-date: /home/star/program/real/programming/grinding/ros2_build_ws/install/feixi_ros2_control/share/feixi_ros2_control/config/feixi_joint_trajectory_effort.yaml\n'}
[3.775540] (feixi_ros2_control) StdoutLine: {'line': b'-- Installing: /home/star/program/real/programming/grinding/ros2_build_ws/install/feixi_ros2_control/lib/feixi_ros2_control/send_feixi_demo_trajectory\n'}
[3.775578] (feixi_ros2_control) StdoutLine: {'line': b'-- Up-to-date: /home/star/program/real/programming/grinding/ros2_build_ws/install/feixi_ros2_control/share/feixi_ros2_control/scenes\n'}
[3.775615] (feixi_ros2_control) StdoutLine: {'line': b'-- Up-to-date: /home/star/program/real/programming/grinding/ros2_build_ws/install/feixi_ros2_control/share/feixi_ros2_control/scenes/models\n'}
[3.775654] (feixi_ros2_control) StdoutLine: {'line': b'-- Up-to-date: /home/star/program/real/programming/grinding/ros2_build_ws/install/feixi_ros2_control/share/feixi_ros2_control/scenes/models/feixi\n'}
[3.775692] (feixi_ros2_control) StdoutLine: {'line': b'-- Up-to-date: /home/star/program/real/programming/grinding/ros2_build_ws/install/feixi_ros2_control/share/feixi_ros2_control/scenes/models/feixi/feixi_with_gripper.xml\n'}
[3.775732] (feixi_ros2_control) StdoutLine: {'line': b'-- Up-to-date: /home/star/program/real/programming/grinding/ros2_build_ws/install/feixi_ros2_control/share/feixi_ros2_control/scenes/models/feixi/collision\n'}
[3.775866] (feixi_ros2_control) StdoutLine: {'line': b'-- Up-to-date: /home/star/program/real/programming/grinding/ros2_build_ws/install/feixi_ros2_control/share/feixi_ros2_control/scenes/models/feixi/collision/link6.stl\n'}
[3.775908] (feixi_ros2_control) StdoutLine: {'line': b'-- Up-to-date: /home/star/program/real/programming/grinding/ros2_build_ws/install/feixi_ros2_control/share/feixi_ros2_control/scenes/models/feixi/collision/link1.stl\n'}
[3.775948] (feixi_ros2_control) StdoutLine: {'line': b'-- Up-to-date: /home/star/program/real/programming/grinding/ros2_build_ws/install/feixi_ros2_control/share/feixi_ros2_control/scenes/models/feixi/collision/link7.stl\n'}
[3.775989] (feixi_ros2_control) StdoutLine: {'line': b'-- Up-to-date: /home/star/program/real/programming/grinding/ros2_build_ws/install/feixi_ros2_control/share/feixi_ros2_control/scenes/models/feixi/collision/link4.stl\n'}
[3.776029] (feixi_ros2_control) StdoutLine: {'line': b'-- Up-to-date: /home/star/program/real/programming/grinding/ros2_build_ws/install/feixi_ros2_control/share/feixi_ros2_control/scenes/models/feixi/collision/link3.stl\n'}
[3.776071] (feixi_ros2_control) StdoutLine: {'line': b'-- Up-to-date: /home/star/program/real/programming/grinding/ros2_build_ws/install/feixi_ros2_control/share/feixi_ros2_control/scenes/models/feixi/collision/link2.stl\n'}
[3.776110] (feixi_ros2_control) StdoutLine: {'line': b'-- Up-to-date: /home/star/program/real/programming/grinding/ros2_build_ws/install/feixi_ros2_control/share/feixi_ros2_control/scenes/models/feixi/collision/link5.stl\n'}
[3.776149] (feixi_ros2_control) StdoutLine: {'line': b'-- Up-to-date: /home/star/program/real/programming/grinding/ros2_build_ws/install/feixi_ros2_control/share/feixi_ros2_control/scenes/models/feixi/collision/link0.stl\n'}
[3.776188] (feixi_ros2_control) StdoutLine: {'line': b'-- Up-to-date: /home/star/program/real/programming/grinding/ros2_build_ws/install/feixi_ros2_control/share/feixi_ros2_control/scenes/models/feixi/visual\n'}
[3.776251] (feixi_ros2_control) StdoutLine: {'line': b'-- Up-to-date: /home/star/program/real/programming/grinding/ros2_build_ws/install/feixi_ros2_control/share/feixi_ros2_control/scenes/models/feixi/visual/link2.obj\n'}
[3.776293] (feixi_ros2_control) StdoutLine: {'line': b'-- Up-to-date: /home/star/program/real/programming/grinding/ros2_build_ws/install/feixi_ros2_control/share/feixi_ros2_control/scenes/models/feixi/visual/link5.mtl\n'}
[3.776403] (feixi_ros2_control) StdoutLine: {'line': b'-- Up-to-date: /home/star/program/real/programming/grinding/ros2_build_ws/install/feixi_ros2_control/share/feixi_ros2_control/scenes/models/feixi/visual/link1.obj\n'}
[3.776448] (feixi_ros2_control) StdoutLine: {'line': b'-- Up-to-date: /home/star/program/real/programming/grinding/ros2_build_ws/install/feixi_ros2_control/share/feixi_ros2_control/scenes/models/feixi/visual/link0.obj\n'}
[3.776490] (feixi_ros2_control) StdoutLine: {'line': b'-- Up-to-date: /home/star/program/real/programming/grinding/ros2_build_ws/install/feixi_ros2_control/share/feixi_ros2_control/scenes/models/feixi/visual/link3.mtl\n'}
[3.776531] (feixi_ros2_control) StdoutLine: {'line': b'-- Up-to-date: /home/star/program/real/programming/grinding/ros2_build_ws/install/feixi_ros2_control/share/feixi_ros2_control/scenes/models/feixi/visual/ring.mtl\n'}
[3.776572] (feixi_ros2_control) StdoutLine: {'line': b'-- Up-to-date: /home/star/program/real/programming/grinding/ros2_build_ws/install/feixi_ros2_control/share/feixi_ros2_control/scenes/models/feixi/visual/link5.obj\n'}
[3.776611] (feixi_ros2_control) StdoutLine: {'line': b'-- Up-to-date: /home/star/program/real/programming/grinding/ros2_build_ws/install/feixi_ros2_control/share/feixi_ros2_control/scenes/models/feixi/visual/link4.obj\n'}
[3.776651] (feixi_ros2_control) StdoutLine: {'line': b'-- Up-to-date: /home/star/program/real/programming/grinding/ros2_build_ws/install/feixi_ros2_control/share/feixi_ros2_control/scenes/models/feixi/visual/link2.mtl\n'}
[3.776726] (feixi_ros2_control) StdoutLine: {'line': b'-- Up-to-date: /home/star/program/real/programming/grinding/ros2_build_ws/install/feixi_ros2_control/share/feixi_ros2_control/scenes/models/feixi/visual/link7.obj\n'}
[3.776765] (feixi_ros2_control) StdoutLine: {'line': b'-- Up-to-date: /home/star/program/real/programming/grinding/ros2_build_ws/install/feixi_ros2_control/share/feixi_ros2_control/scenes/models/feixi/visual/ring.obj\n'}
[3.776806] (feixi_ros2_control) StdoutLine: {'line': b'-- Up-to-date: /home/star/program/real/programming/grinding/ros2_build_ws/install/feixi_ros2_control/share/feixi_ros2_control/scenes/models/feixi/visual/link4.mtl\n'}
[3.776846] (feixi_ros2_control) StdoutLine: {'line': b'-- Up-to-date: /home/star/program/real/programming/grinding/ros2_build_ws/install/feixi_ros2_control/share/feixi_ros2_control/scenes/models/feixi/visual/link7.mtl\n'}
[3.776884] (feixi_ros2_control) StdoutLine: {'line': b'-- Up-to-date: /home/star/program/real/programming/grinding/ros2_build_ws/install/feixi_ros2_control/share/feixi_ros2_control/scenes/models/feixi/visual/link3.obj\n'}
[3.776920] (feixi_ros2_control) StdoutLine: {'line': b'-- Up-to-date: /home/star/program/real/programming/grinding/ros2_build_ws/install/feixi_ros2_control/share/feixi_ros2_control/scenes/models/feixi/visual/link6.obj\n'}
[3.776958] (feixi_ros2_control) StdoutLine: {'line': b'-- Up-to-date: /home/star/program/real/programming/grinding/ros2_build_ws/install/feixi_ros2_control/share/feixi_ros2_control/scenes/models/feixi/visual/link1.mtl\n'}
[3.776995] (feixi_ros2_control) StdoutLine: {'line': b'-- Up-to-date: /home/star/program/real/programming/grinding/ros2_build_ws/install/feixi_ros2_control/share/feixi_ros2_control/scenes/models/feixi/visual/link0.mtl\n'}
[3.777030] (feixi_ros2_control) StdoutLine: {'line': b'-- Up-to-date: /home/star/program/real/programming/grinding/ros2_build_ws/install/feixi_ros2_control/share/feixi_ros2_control/scenes/models/feixi/visual/link6.mtl\n'}
[3.777068] (feixi_ros2_control) StdoutLine: {'line': b'-- Up-to-date: /home/star/program/real/programming/grinding/ros2_build_ws/install/feixi_ros2_control/share/feixi_ros2_control/scenes/models/feixi/feixi_model.xml\n'}
[3.777104] (feixi_ros2_control) StdoutLine: {'line': b'-- Up-to-date: /home/star/program/real/programming/grinding/ros2_build_ws/install/feixi_ros2_control/share/feixi_ros2_control/scenes/models/hand\n'}
[3.777142] (feixi_ros2_control) StdoutLine: {'line': b'-- Up-to-date: /home/star/program/real/programming/grinding/ros2_build_ws/install/feixi_ros2_control/share/feixi_ros2_control/scenes/models/hand/hand.xml\n'}
[3.777177] (feixi_ros2_control) StdoutLine: {'line': b'-- Up-to-date: /home/star/program/real/programming/grinding/ros2_build_ws/install/feixi_ros2_control/share/feixi_ros2_control/scenes/models/hand/collision\n'}
[3.777212] (feixi_ros2_control) StdoutLine: {'line': b'-- Up-to-date: /home/star/program/real/programming/grinding/ros2_build_ws/install/feixi_ros2_control/share/feixi_ros2_control/scenes/models/hand/collision/right_inner_knuckle.stl\n'}
[3.777250] (feixi_ros2_control) StdoutLine: {'line': b'-- Up-to-date: /home/star/program/real/programming/grinding/ros2_build_ws/install/feixi_ros2_control/share/feixi_ros2_control/scenes/models/hand/collision/right_outer_knuckle.stl\n'}
[3.777296] (feixi_ros2_control) StdoutLine: {'line': b'-- Up-to-date: /home/star/program/real/programming/grinding/ros2_build_ws/install/feixi_ros2_control/share/feixi_ros2_control/scenes/models/hand/collision/right_finger.stl\n'}
[3.777336] (feixi_ros2_control) StdoutLine: {'line': b'-- Up-to-date: /home/star/program/real/programming/grinding/ros2_build_ws/install/feixi_ros2_control/share/feixi_ros2_control/scenes/models/hand/collision/left_outer_knuckle.stl\n'}
[3.777374] (feixi_ros2_control) StdoutLine: {'line': b'-- Up-to-date: /home/star/program/real/programming/grinding/ros2_build_ws/install/feixi_ros2_control/share/feixi_ros2_control/scenes/models/hand/collision/left_finger.stl\n'}
[3.777418] (feixi_ros2_control) StdoutLine: {'line': b'-- Up-to-date: /home/star/program/real/programming/grinding/ros2_build_ws/install/feixi_ros2_control/share/feixi_ros2_control/scenes/models/hand/collision/left_inner_knuckle.stl\n'}
[3.777448] (feixi_ros2_control) StdoutLine: {'line': b'-- Up-to-date: /home/star/program/real/programming/grinding/ros2_build_ws/install/feixi_ros2_control/share/feixi_ros2_control/scenes/models/hand/collision/base_link.stl\n'}
[3.777478] (feixi_ros2_control) StdoutLine: {'line': b'-- Up-to-date: /home/star/program/real/programming/grinding/ros2_build_ws/install/feixi_ros2_control/share/feixi_ros2_control/scenes/models/hand/visual\n'}
[3.777508] (feixi_ros2_control) StdoutLine: {'line': b'-- Up-to-date: /home/star/program/real/programming/grinding/ros2_build_ws/install/feixi_ros2_control/share/feixi_ros2_control/scenes/models/hand/visual/right_inner_knuckle.stl\n'}
[3.777537] (feixi_ros2_control) StdoutLine: {'line': b'-- Up-to-date: /home/star/program/real/programming/grinding/ros2_build_ws/install/feixi_ros2_control/share/feixi_ros2_control/scenes/models/hand/visual/right_outer_knuckle.stl\n'}
[3.777564] (feixi_ros2_control) StdoutLine: {'line': b'-- Up-to-date: /home/star/program/real/programming/grinding/ros2_build_ws/install/feixi_ros2_control/share/feixi_ros2_control/scenes/models/hand/visual/right_finger.stl\n'}
[3.777592] (feixi_ros2_control) StdoutLine: {'line': b'-- Up-to-date: /home/star/program/real/programming/grinding/ros2_build_ws/install/feixi_ros2_control/share/feixi_ros2_control/scenes/models/hand/visual/left_outer_knuckle.stl\n'}
[3.777647] (feixi_ros2_control) StdoutLine: {'line': b'-- Up-to-date: /home/star/program/real/programming/grinding/ros2_build_ws/install/feixi_ros2_control/share/feixi_ros2_control/scenes/models/hand/visual/left_finger.stl\n'}
[3.777679] (feixi_ros2_control) StdoutLine: {'line': b'-- Up-to-date: /home/star/program/real/programming/grinding/ros2_build_ws/install/feixi_ros2_control/share/feixi_ros2_control/scenes/models/hand/visual/left_inner_knuckle.stl\n'}
[3.777708] (feixi_ros2_control) StdoutLine: {'line': b'-- Up-to-date: /home/star/program/real/programming/grinding/ros2_build_ws/install/feixi_ros2_control/share/feixi_ros2_control/scenes/models/hand/visual/base_link.stl\n'}
[3.777736] (feixi_ros2_control) StdoutLine: {'line': b'-- Up-to-date: /home/star/program/real/programming/grinding/ros2_build_ws/install/feixi_ros2_control/share/feixi_ros2_control/scenes/arm_with_gripper.xml\n'}
[3.777766] (feixi_ros2_control) StdoutLine: {'line': b'-- Up-to-date: /home/star/program/real/programming/grinding/ros2_build_ws/install/feixi_ros2_control/share/feixi_ros2_control/scenes/arm_only.xml\n'}
[3.777797] (feixi_ros2_control) StdoutLine: {'line': b'-- Up-to-date: /home/star/program/real/programming/grinding/ros2_build_ws/install/feixi_ros2_control/share/feixi_ros2_control/environment/library_path.sh\n'}
[3.777827] (feixi_ros2_control) StdoutLine: {'line': b'-- Up-to-date: /home/star/program/real/programming/grinding/ros2_build_ws/install/feixi_ros2_control/share/feixi_ros2_control/environment/library_path.dsv\n'}
[3.777855] (feixi_ros2_control) StdoutLine: {'line': b'-- Installing: /home/star/program/real/programming/grinding/ros2_build_ws/install/feixi_ros2_control/share/ament_index/resource_index/package_run_dependencies/feixi_ros2_control\n'}
[3.777884] (feixi_ros2_control) StdoutLine: {'line': b'-- Up-to-date: /home/star/program/real/programming/grinding/ros2_build_ws/install/feixi_ros2_control/share/ament_index/resource_index/parent_prefix_path/feixi_ros2_control\n'}
[3.777915] (feixi_ros2_control) StdoutLine: {'line': b'-- Up-to-date: /home/star/program/real/programming/grinding/ros2_build_ws/install/feixi_ros2_control/share/feixi_ros2_control/environment/ament_prefix_path.sh\n'}
[3.777945] (feixi_ros2_control) StdoutLine: {'line': b'-- Up-to-date: /home/star/program/real/programming/grinding/ros2_build_ws/install/feixi_ros2_control/share/feixi_ros2_control/environment/ament_prefix_path.dsv\n'}
[3.777976] (feixi_ros2_control) StdoutLine: {'line': b'-- Up-to-date: /home/star/program/real/programming/grinding/ros2_build_ws/install/feixi_ros2_control/share/feixi_ros2_control/environment/path.sh\n'}
[3.778016] (feixi_ros2_control) StdoutLine: {'line': b'-- Up-to-date: /home/star/program/real/programming/grinding/ros2_build_ws/install/feixi_ros2_control/share/feixi_ros2_control/environment/path.dsv\n'}
[3.778048] (feixi_ros2_control) StdoutLine: {'line': b'-- Up-to-date: /home/star/program/real/programming/grinding/ros2_build_ws/install/feixi_ros2_control/share/feixi_ros2_control/local_setup.bash\n'}
[3.778078] (feixi_ros2_control) StdoutLine: {'line': b'-- Up-to-date: /home/star/program/real/programming/grinding/ros2_build_ws/install/feixi_ros2_control/share/feixi_ros2_control/local_setup.sh\n'}
[3.778107] (feixi_ros2_control) StdoutLine: {'line': b'-- Up-to-date: /home/star/program/real/programming/grinding/ros2_build_ws/install/feixi_ros2_control/share/feixi_ros2_control/local_setup.zsh\n'}
[3.778138] (feixi_ros2_control) StdoutLine: {'line': b'-- Up-to-date: /home/star/program/real/programming/grinding/ros2_build_ws/install/feixi_ros2_control/share/feixi_ros2_control/local_setup.dsv\n'}
[3.778166] (feixi_ros2_control) StdoutLine: {'line': b'-- Installing: /home/star/program/real/programming/grinding/ros2_build_ws/install/feixi_ros2_control/share/feixi_ros2_control/package.dsv\n'}
[3.778194] (feixi_ros2_control) StdoutLine: {'line': b'-- Up-to-date: /home/star/program/real/programming/grinding/ros2_build_ws/install/feixi_ros2_control/share/ament_index/resource_index/packages/feixi_ros2_control\n'}
[3.778222] (feixi_ros2_control) StdoutLine: {'line': b'-- Up-to-date: /home/star/program/real/programming/grinding/ros2_build_ws/install/feixi_ros2_control/share/ament_index/resource_index/hardware_interface__pluginlib__plugin/feixi_ros2_control\n'}
[3.778252] (feixi_ros2_control) StdoutLine: {'line': b'-- Up-to-date: /home/star/program/real/programming/grinding/ros2_build_ws/install/feixi_ros2_control/share/feixi_ros2_control/cmake/ament_cmake_export_include_directories-extras.cmake\n'}
[3.778281] (feixi_ros2_control) StdoutLine: {'line': b'-- Up-to-date: /home/star/program/real/programming/grinding/ros2_build_ws/install/feixi_ros2_control/share/feixi_ros2_control/cmake/ament_cmake_export_dependencies-extras.cmake\n'}
[3.778309] (feixi_ros2_control) StdoutLine: {'line': b'-- Up-to-date: /home/star/program/real/programming/grinding/ros2_build_ws/install/feixi_ros2_control/share/feixi_ros2_control/cmake/ament_cmake_export_libraries-extras.cmake\n'}
[3.778339] (feixi_ros2_control) StdoutLine: {'line': b'-- Up-to-date: /home/star/program/real/programming/grinding/ros2_build_ws/install/feixi_ros2_control/share/feixi_ros2_control/cmake/feixi_ros2_controlConfig.cmake\n'}
[3.778371] (feixi_ros2_control) StdoutLine: {'line': b'-- Up-to-date: /home/star/program/real/programming/grinding/ros2_build_ws/install/feixi_ros2_control/share/feixi_ros2_control/cmake/feixi_ros2_controlConfig-version.cmake\n'}
[3.778407] (feixi_ros2_control) StdoutLine: {'line': b'-- Installing: /home/star/program/real/programming/grinding/ros2_build_ws/install/feixi_ros2_control/share/feixi_ros2_control/package.xml\n'}
[3.778570] (feixi_ros2_control) CommandEnded: {'returncode': 0}
[3.789669] (feixi_ros2_control) JobEnded: {'identifier': 'feixi_ros2_control', 'rc': 0}
[3.789955] (-) EventReactorShutdown: {}
