[0.000000] (-) TimerEvent: {}
[0.000349] (feixi_ros2_control) JobQueued: {'identifier': 'feixi_ros2_control', 'dependencies': OrderedDict()}
[0.000405] (feixi_ros2_control) JobStarted: {'identifier': 'feixi_ros2_control'}
[0.005724] (feixi_ros2_control) JobProgress: {'identifier': 'feixi_ros2_control', 'progress': 'cmake'}
[0.006298] (feixi_ros2_control) JobProgress: {'identifier': 'feixi_ros2_control', 'progress': 'build'}
[0.006856] (feixi_ros2_control) Command: {'cmd': ['/usr/bin/cmake', '--build', '/home/star/program/real/programming/grinding/ros2_build_ws/build/feixi_ros2_control', '--', '-j20', '-l20'], 'cwd': '/home/star/program/real/programming/grinding/ros2_build_ws/build/feixi_ros2_control', 'env': OrderedDict({'GJS_DEBUG_TOPICS': 'JS ERROR;JS LOG', 'npm_config_devdir': '/tmp/cursor-sandbox-cache/38a69e94157fa1e965d8138afaf05ecb/node-gyp', 'LESSOPEN': '| /usr/bin/lesspipe %s', 'VSCODE_CWD': '/home/star', 'CURSOR_EXTENSION_HOST_ROLE': 'agent-exec', 'VSCODE_ESM_ENTRYPOINT': 'vs/workbench/api/node/extensionHostProcess', 'PUPPETEER_CACHE_DIR': '/tmp/cursor-sandbox-cache/38a69e94157fa1e965d8138afaf05ecb/puppeteer', 'USER': 'star', 'VSCODE_NLS_CONFIG': '{"userLocale":"en-us","osLocale":"zh-cn","resolvedLanguage":"en","defaultMessagesFile":"/usr/share/cursor/resources/app/out/nls.messages.json","locale":"en-us","availableLanguages":{}}', 'GZ_CONFIG_PATH': '/opt/ros/jazzy/opt/sdformat_vendor/share/gz', 'CARGO_TARGET_DIR': '/tmp/cursor-sandbox-cache/38a69e94157fa1e965d8138afaf05ecb/cargo-target', 'CCACHE_DIR': '/tmp/cursor-sandbox-cache/38a69e94157fa1e965d8138afaf05ecb/ccache', 'VSCODE_HANDLES_UNCAUGHT_ERRORS': 'true', 'XDG_SESSION_TYPE': 'x11', 'CURSOR_RIPGREP_PATH': '/usr/share/cursor/resources/app/node_modules/@vscode/ripgrep/bin/rg', 'PIP_CACHE_DIR': '/tmp/cursor-sandbox-cache/38a69e94157fa1e965d8138afaf05ecb/pip', 'NUGET_PACKAGES': '/tmp/cursor-sandbox-cache/38a69e94157fa1e965d8138afaf05ecb/nuget', 'HOMEBREW_CACHE': '/tmp/cursor-sandbox-cache/38a69e94157fa1e965d8138afaf05ecb/homebrew', 'CLUTTER_DISABLE_MIPMAPPED_TEXT': '1', 'SHLVL': '1', 'LD_LIBRARY_PATH': '/home/star/program/real/programming/grinding/ros2_build_ws/install/feixi_ros2_control/lib:/home/star/mujoco/lib:/opt/ros/jazzy/opt/sdformat_vendor/lib:/opt/ros/jazzy/opt/rviz_ogre_vendor/lib:/opt/ros/jazzy/lib/x86_64-linux-gnu:/opt/ros/jazzy/opt/gz_math_vendor/lib:/opt/ros/jazzy/opt/gz_utils_vendor/lib:/opt/ros/jazzy/opt/gz_tools_vendor/lib:/opt/ros/jazzy/opt/gz_cmake_vendor/lib:/opt/ros/jazzy/lib:/home/star/mujoco/lib::/home/star/.mujoco/mujoco210/bin:/home/star/.mujoco/mujoco210/bin', 'HOME': '/home/star', 'CHROME_DESKTOP': 'cursor.desktop', 'OLDPWD': '/home/star/program/real/programming/grinding/ros2_build_ws', 'DESKTOP_SESSION': 'ubuntu', 'VSCODE_IPC_HOOK': '/run/user/1000/vscode-f9916691-3.2.-main.sock', 'GIO_LAUNCHED_DESKTOP_FILE': '/usr/share/applications/cursor.desktop', 'ROS_PYTHON_VERSION': '3', 'GNOME_SHELL_SESSION_MODE': 'ubuntu', 'GTK_MODULES': 'gail:atk-bridge', 'CURSOR_ORIG_UID': '1000', 'CURSOR_WORKSPACE_LABEL': 'grinding', 'MANAGERPID': '2196', 'SYSTEMD_EXEC_PID': '2513', 'ROS_LOG_DIR': '/tmp/ros2_smoke4', 'GSM_SKIP_SSH_AGENT_WORKAROUND': 'true', 'NO_COLOR': '1', 'CONDA_PKGS_DIRS': '/tmp/cursor-sandbox-cache/38a69e94157fa1e965d8138afaf05ecb/conda', 'DBUS_SESSION_BUS_ADDRESS': 'unix:path=/run/user/1000/bus', 'GIO_LAUNCHED_DESKTOP_FILE_PID': '7472', 'VSCODE_CRASH_REPORTER_PROCESS_TYPE': 'extensionHost', 'DEBUGINFOD_URLS': 'https://debuginfod.ubuntu.com', 'COMPOSER_HOME': '/tmp/cursor-sandbox-cache/38a69e94157fa1e965d8138afaf05ecb/composer', 'COLCON_PREFIX_PATH': '/home/star/program/real/programming/grinding/ros2_build_ws/install', 'ROS_DISTRO': 'jazzy', 'LOGNAME': 'star', 'FORCE_COLOR': '0', 'JOURNAL_STREAM': '9:30410', 'BUN_INSTALL_CACHE_DIR': '/tmp/cursor-sandbox-cache/38a69e94157fa1e965d8138afaf05ecb/bun', '_': '/usr/bin/colcon', 'ROS_VERSION': '2', 'MEMORY_PRESSURE_WATCH': '/sys/fs/cgroup/user.slice/user-1000.slice/user@1000.service/session.slice/org.gnome.Shell@x11.service/memory.pressure', 'CURSOR_LAYOUT': 'unifiedAgent', 'GOMODCACHE': '/tmp/cursor-sandbox-cache/38a69e94157fa1e965d8138afaf05ecb/go-mod', 'XDG_SESSION_CLASS': 'user', 'USERNAME': 'star', 'CP_HOME_DIR': '/tmp/cursor-sandbox-cache/38a69e94157fa1e965d8138afaf05ecb/cocoapods', 'TERM': 'dumb', 'GNOME_DESKTOP_SESSION_ID': 'this-is-deprecated', 'FC_FONTATIONS': '1', 'WINDOWPATH': '2', 'POETRY_CACHE_DIR': '/tmp/cursor-sandbox-cache/38a69e94157fa1e965d8138afaf05ecb/poetry', 'PATH': '/usr/share/cursor/resources/app/resources/helpers:/opt/ros/jazzy/opt/gz_tools_vendor/bin:/opt/ros/jazzy/bin:/usr/local/sbin:/usr/local/bin:/usr/sbin:/usr/bin:/sbin:/bin:/usr/games:/usr/local/games:/snap/bin:/snap/bin', 'SESSION_MANAGER': 'local/star-host:@/tmp/.ICE-unix/2483,unix/star-host:/tmp/.ICE-unix/2483', 'YARN_CACHE_FOLDER': '/tmp/cursor-sandbox-cache/38a69e94157fa1e965d8138afaf05ecb/yarn', 'INVOCATION_ID': '74c00cd418c441e3bb318744b3d91e09', 'UV_CACHE_DIR': '/tmp/cursor-sandbox-cache/38a69e94157fa1e965d8138afaf05ecb/uv', 'XDG_MENU_PREFIX': 'gnome-', 'VSCODE_PROCESS_TITLE': 'extension-host (agent-exec) grinding [1-4]', 'MUJOCO_DIR': '/home/star/mujoco', 'PLAYWRIGHT_BROWSERS_PATH': '/tmp/cursor-sandbox-cache/38a69e94157fa1e965d8138afaf05ecb/playwright', 'XDG_RUNTIME_DIR': '/run/user/1000', 'BUNDLE_PATH': '/tmp/cursor-sandbox-cache/38a69e94157fa1e965d8138afaf05ecb/bundle', 'GDK_BACKEND': 'x11', 'MUJOCO_PY_MUJOCO_PATH': '/home/star/.mujoco/mujoco210', 'CURSOR_AGENT': '1', 'DISPLAY': ':1', 'LANG': 'zh_CN.UTF-8', 'XDG_CURRENT_DESKTOP': 'ubuntu:GNOME', 'NX_CACHE_DIRECTORY': '/tmp/cursor-sandbox-cache/38a69e94157fa1e965d8138afaf05ecb/nx', 'XMODIFIERS': '@im=ibus', 'XDG_SESSION_DESKTOP': 'ubuntu', 'XAUTHORITY': '/run/user/1000/gdm/Xauthority', 'LS_COLORS': '', 'SBX_CHROME_API_RQ': '1', 'CYPRESS_CACHE_FOLDER': '/tmp/cursor-sandbox-cache/38a69e94157fa1e965d8138afaf05ecb/cypress', 'SSH_AUTH_SOCK': '/run/user/1000/keyring/ssh', 'PNPM_STORE_PATH': '/tmp/cursor-sandbox-cache/38a69e94157fa1e965d8138afaf05ecb/pnpm-store', 'AMENT_PREFIX_PATH': '/home/star/program/real/programming/grinding/ros2_build_ws/install/feixi_ros2_control:/opt/ros/jazzy', 'SHELL': '/bin/bash', 'GOCACHE': '/tmp/cursor-sandbox-cache/38a69e94157fa1e965d8138afaf05ecb/go-build', 'QT_ACCESSIBILITY': '1', 'ELECTRON_RUN_AS_NODE': '1', 'GDMSESSION': 'ubuntu', 'LESSCLOSE': '/usr/bin/lesspipe %s %s', 'GPG_AGENT_INFO': '/run/user/1000/gnupg/S.gpg-agent:0:1', 'GJS_DEBUG_OUTPUT': 'stderr', 'ROS_AUTOMATIC_DISCOVERY_RANGE': 'SUBNET', 'QT_IM_MODULE': 'ibus', 'NPM_CONFIG_CACHE': '/tmp/cursor-sandbox-cache/38a69e94157fa1e965d8138afaf05ecb/npm', 'PWD': '/home/star/program/real/programming/grinding/ros2_build_ws/build/feixi_ros2_control', 'GRADLE_USER_HOME': '/tmp/cursor-sandbox-cache/38a69e94157fa1e965d8138afaf05ecb/gradle', 'XDG_CONFIG_DIRS': '/etc/xdg/xdg-ubuntu:/etc/xdg', 'VSCODE_CODE_CACHE_PATH': '/home/star/.config/Cursor/CachedData/e9ee1339915a927dfb2df4a836dd9c8337e17cc0', 'CURSOR_ORIG_GID': '1000', 'XDG_DATA_DIRS': '/usr/share/ubuntu:/usr/share/gnome:/usr/local/share/:/usr/share/:/var/lib/snapd/desktop', 'PYTHONPATH': '/opt/ros/jazzy/lib/python3.12/site-packages', 'TURBO_CACHE_DIR': '/tmp/cursor-sandbox-cache/38a69e94157fa1e965d8138afaf05ecb/turbo', 'COLCON': '1', '_ZO_DOCTOR': '0', 'MEMORY_PRESSURE_WRITE': 'c29tZSAyMDAwMDAgMjAwMDAwMAA=', 'GEM_SPEC_CACHE': '/tmp/cursor-sandbox-cache/38a69e94157fa1e965d8138afaf05ecb/gem-specs', 'CMAKE_PREFIX_PATH': '/home/star/program/real/programming/grinding/ros2_build_ws/install/feixi_ros2_control:/opt/ros/jazzy/opt/sdformat_vendor:/opt/ros/jazzy/opt/gz_math_vendor:/opt/ros/jazzy/opt/gz_utils_vendor:/opt/ros/jazzy/opt/gz_tools_vendor:/opt/ros/jazzy/opt/gz_cmake_vendor:/opt/ros/jazzy', 'VSCODE_PID': '7472'}), 'shell': False}
[0.077009] (feixi_ros2_control) StdoutLine: {'line': b'[ 33%] Building CXX object CMakeFiles/feixi_mujoco_hardware_plugin.dir/src/feixi_mujoco_hardware.cpp.o\n'}
[0.099749] (-) TimerEvent: {}
[0.199952] (-) TimerEvent: {}
[0.300145] (-) TimerEvent: {}
[0.400340] (-) TimerEvent: {}
[0.500532] (-) TimerEvent: {}
[0.600722] (-) TimerEvent: {}
[0.700927] (-) TimerEvent: {}
[0.801123] (-) TimerEvent: {}
[0.901337] (-) TimerEvent: {}
[1.001543] (-) TimerEvent: {}
[1.101742] (-) TimerEvent: {}
[1.201926] (-) TimerEvent: {}
[1.302111] (-) TimerEvent: {}
[1.402317] (-) TimerEvent: {}
[1.502518] (-) TimerEvent: {}
[1.602724] (-) TimerEvent: {}
[1.702920] (-) TimerEvent: {}
[1.803128] (-) TimerEvent: {}
[1.903322] (-) TimerEvent: {}
[2.003517] (-) TimerEvent: {}
[2.103712] (-) TimerEvent: {}
[2.203918] (-) TimerEvent: {}
[2.304096] (-) TimerEvent: {}
[2.404239] (-) TimerEvent: {}
[2.504421] (-) TimerEvent: {}
[2.604601] (-) TimerEvent: {}
[2.704783] (-) TimerEvent: {}
[2.804970] (-) TimerEvent: {}
[2.905151] (-) TimerEvent: {}
[3.005334] (-) TimerEvent: {}
[3.105516] (-) TimerEvent: {}
[3.205695] (-) TimerEvent: {}
[3.305893] (-) TimerEvent: {}
[3.376230] (feixi_ros2_control) StdoutLine: {'line': b'[ 66%] Linking CXX shared library libfeixi_mujoco_hardware_plugin.so\n'}
[3.406007] (-) TimerEvent: {}
[3.494549] (feixi_ros2_control) StdoutLine: {'line': b'[100%] Built target feixi_mujoco_hardware_plugin\n'}
[3.503803] (feixi_ros2_control) CommandEnded: {'returncode': 0}
[3.504335] (feixi_ros2_control) JobProgress: {'identifier': 'feixi_ros2_control', 'progress': 'install'}
[3.506160] (-) TimerEvent: {}
[3.510191] (feixi_ros2_control) Command: {'cmd': ['/usr/bin/cmake', '--install', '/home/star/program/real/programming/grinding/ros2_build_ws/build/feixi_ros2_control'], 'cwd': '/home/star/program/real/programming/grinding/ros2_build_ws/build/feixi_ros2_control', 'env': OrderedDict({'GJS_DEBUG_TOPICS': 'JS ERROR;JS LOG', 'npm_config_devdir': '/tmp/cursor-sandbox-cache/38a69e94157fa1e965d8138afaf05ecb/node-gyp', 'LESSOPEN': '| /usr/bin/lesspipe %s', 'VSCODE_CWD': '/home/star', 'CURSOR_EXTENSION_HOST_ROLE': 'agent-exec', 'VSCODE_ESM_ENTRYPOINT': 'vs/workbench/api/node/extensionHostProcess', 'PUPPETEER_CACHE_DIR': '/tmp/cursor-sandbox-cache/38a69e94157fa1e965d8138afaf05ecb/puppeteer', 'USER': 'star', 'VSCODE_NLS_CONFIG': '{"userLocale":"en-us","osLocale":"zh-cn","resolvedLanguage":"en","defaultMessagesFile":"/usr/share/cursor/resources/app/out/nls.messages.json","locale":"en-us","availableLanguages":{}}', 'GZ_CONFIG_PATH': '/opt/ros/jazzy/opt/sdformat_vendor/share/gz', 'CARGO_TARGET_DIR': '/tmp/cursor-sandbox-cache/38a69e94157fa1e965d8138afaf05ecb/cargo-target', 'CCACHE_DIR': '/tmp/cursor-sandbox-cache/38a69e94157fa1e965d8138afaf05ecb/ccache', 'VSCODE_HANDLES_UNCAUGHT_ERRORS': 'true', 'XDG_SESSION_TYPE': 'x11', 'CURSOR_RIPGREP_PATH': '/usr/share/cursor/resources/app/node_modules/@vscode/ripgrep/bin/rg', 'PIP_CACHE_DIR': '/tmp/cursor-sandbox-cache/38a69e94157fa1e965d8138afaf05ecb/pip', 'NUGET_PACKAGES': '/tmp/cursor-sandbox-cache/38a69e94157fa1e965d8138afaf05ecb/nuget', 'HOMEBREW_CACHE': '/tmp/cursor-sandbox-cache/38a69e94157fa1e965d8138afaf05ecb/homebrew', 'CLUTTER_DISABLE_MIPMAPPED_TEXT': '1', 'SHLVL': '1', 'LD_LIBRARY_PATH': '/home/star/program/real/programming/grinding/ros2_build_ws/install/feixi_ros2_control/lib:/home/star/mujoco/lib:/opt/ros/jazzy/opt/sdformat_vendor/lib:/opt/ros/jazzy/opt/rviz_ogre_vendor/lib:/opt/ros/jazzy/lib/x86_64-linux-gnu:/opt/ros/jazzy/opt/gz_math_vendor/lib:/opt/ros/jazzy/opt/gz_utils_vendor/lib:/opt/ros/jazzy/opt/gz_tools_vendor/lib:/opt/ros/jazzy/opt/gz_cmake_vendor/lib:/opt/ros/jazzy/lib:/home/star/mujoco/lib::/home/star/.mujoco/mujoco210/bin:/home/star/.mujoco/mujoco210/bin', 'HOME': '/home/star', 'CHROME_DESKTOP': 'cursor.desktop', 'OLDPWD': '/home/star/program/real/programming/grinding/ros2_build_ws', 'DESKTOP_SESSION': 'ubuntu', 'VSCODE_IPC_HOOK': '/run/user/1000/vscode-f9916691-3.2.-main.sock', 'GIO_LAUNCHED_DESKTOP_FILE': '/usr/share/applications/cursor.desktop', 'ROS_PYTHON_VERSION': '3', 'GNOME_SHELL_SESSION_MODE': 'ubuntu', 'GTK_MODULES': 'gail:atk-bridge', 'CURSOR_ORIG_UID': '1000', 'CURSOR_WORKSPACE_LABEL': 'grinding', 'MANAGERPID': '2196', 'SYSTEMD_EXEC_PID': '2513', 'ROS_LOG_DIR': '/tmp/ros2_smoke4', 'GSM_SKIP_SSH_AGENT_WORKAROUND': 'true', 'NO_COLOR': '1', 'CONDA_PKGS_DIRS': '/tmp/cursor-sandbox-cache/38a69e94157fa1e965d8138afaf05ecb/conda', 'DBUS_SESSION_BUS_ADDRESS': 'unix:path=/run/user/1000/bus', 'GIO_LAUNCHED_DESKTOP_FILE_PID': '7472', 'VSCODE_CRASH_REPORTER_PROCESS_TYPE': 'extensionHost', 'DEBUGINFOD_URLS': 'https://debuginfod.ubuntu.com', 'COMPOSER_HOME': '/tmp/cursor-sandbox-cache/38a69e94157fa1e965d8138afaf05ecb/composer', 'COLCON_PREFIX_PATH': '/home/star/program/real/programming/grinding/ros2_build_ws/install', 'ROS_DISTRO': 'jazzy', 'LOGNAME': 'star', 'FORCE_COLOR': '0', 'JOURNAL_STREAM': '9:30410', 'BUN_INSTALL_CACHE_DIR': '/tmp/cursor-sandbox-cache/38a69e94157fa1e965d8138afaf05ecb/bun', '_': '/usr/bin/colcon', 'ROS_VERSION': '2', 'MEMORY_PRESSURE_WATCH': '/sys/fs/cgroup/user.slice/user-1000.slice/user@1000.service/session.slice/org.gnome.Shell@x11.service/memory.pressure', 'CURSOR_LAYOUT': 'unifiedAgent', 'GOMODCACHE': '/tmp/cursor-sandbox-cache/38a69e94157fa1e965d8138afaf05ecb/go-mod', 'XDG_SESSION_CLASS': 'user', 'USERNAME': 'star', 'CP_HOME_DIR': '/tmp/cursor-sandbox-cache/38a69e94157fa1e965d8138afaf05ecb/cocoapods', 'TERM': 'dumb', 'GNOME_DESKTOP_SESSION_ID': 'this-is-deprecated', 'FC_FONTATIONS': '1', 'WINDOWPATH': '2', 'POETRY_CACHE_DIR': '/tmp/cursor-sandbox-cache/38a69e94157fa1e965d8138afaf05ecb/poetry', 'PATH': '/usr/share/cursor/resources/app/resources/helpers:/opt/ros/jazzy/opt/gz_tools_vendor/bin:/opt/ros/jazzy/bin:/usr/local/sbin:/usr/local/bin:/usr/sbin:/usr/bin:/sbin:/bin:/usr/games:/usr/local/games:/snap/bin:/snap/bin', 'SESSION_MANAGER': 'local/star-host:@/tmp/.ICE-unix/2483,unix/star-host:/tmp/.ICE-unix/2483', 'YARN_CACHE_FOLDER': '/tmp/cursor-sandbox-cache/38a69e94157fa1e965d8138afaf05ecb/yarn', 'INVOCATION_ID': '74c00cd418c441e3bb318744b3d91e09', 'UV_CACHE_DIR': '/tmp/cursor-sandbox-cache/38a69e94157fa1e965d8138afaf05ecb/uv', 'XDG_MENU_PREFIX': 'gnome-', 'VSCODE_PROCESS_TITLE': 'extension-host (agent-exec) grinding [1-4]', 'MUJOCO_DIR': '/home/star/mujoco', 'PLAYWRIGHT_BROWSERS_PATH': '/tmp/cursor-sandbox-cache/38a69e94157fa1e965d8138afaf05ecb/playwright', 'XDG_RUNTIME_DIR': '/run/user/1000', 'BUNDLE_PATH': '/tmp/cursor-sandbox-cache/38a69e94157fa1e965d8138afaf05ecb/bundle', 'GDK_BACKEND': 'x11', 'MUJOCO_PY_MUJOCO_PATH': '/home/star/.mujoco/mujoco210', 'CURSOR_AGENT': '1', 'DISPLAY': ':1', 'LANG': 'zh_CN.UTF-8', 'XDG_CURRENT_DESKTOP': 'ubuntu:GNOME', 'NX_CACHE_DIRECTORY': '/tmp/cursor-sandbox-cache/38a69e94157fa1e965d8138afaf05ecb/nx', 'XMODIFIERS': '@im=ibus', 'XDG_SESSION_DESKTOP': 'ubuntu', 'XAUTHORITY': '/run/user/1000/gdm/Xauthority', 'LS_COLORS': '', 'SBX_CHROME_API_RQ': '1', 'CYPRESS_CACHE_FOLDER': '/tmp/cursor-sandbox-cache/38a69e94157fa1e965d8138afaf05ecb/cypress', 'SSH_AUTH_SOCK': '/run/user/1000/keyring/ssh', 'PNPM_STORE_PATH': '/tmp/cursor-sandbox-cache/38a69e94157fa1e965d8138afaf05ecb/pnpm-store', 'AMENT_PREFIX_PATH': '/home/star/program/real/programming/grinding/ros2_build_ws/install/feixi_ros2_control:/opt/ros/jazzy', 'SHELL': '/bin/bash', 'GOCACHE': '/tmp/cursor-sandbox-cache/38a69e94157fa1e965d8138afaf05ecb/go-build', 'QT_ACCESSIBILITY': '1', 'ELECTRON_RUN_AS_NODE': '1', 'GDMSESSION': 'ubuntu', 'LESSCLOSE': '/usr/bin/lesspipe %s %s', 'GPG_AGENT_INFO': '/run/user/1000/gnupg/S.gpg-agent:0:1', 'GJS_DEBUG_OUTPUT': 'stderr', 'ROS_AUTOMATIC_DISCOVERY_RANGE': 'SUBNET', 'QT_IM_MODULE': 'ibus', 'NPM_CONFIG_CACHE': '/tmp/cursor-sandbox-cache/38a69e94157fa1e965d8138afaf05ecb/npm', 'PWD': '/home/star/program/real/programming/grinding/ros2_build_ws/build/feixi_ros2_control', 'GRADLE_USER_HOME': '/tmp/cursor-sandbox-cache/38a69e94157fa1e965d8138afaf05ecb/gradle', 'XDG_CONFIG_DIRS': '/etc/xdg/xdg-ubuntu:/etc/xdg', 'VSCODE_CODE_CACHE_PATH': '/home/star/.config/Cursor/CachedData/e9ee1339915a927dfb2df4a836dd9c8337e17cc0', 'CURSOR_ORIG_GID': '1000', 'XDG_DATA_DIRS': '/usr/share/ubuntu:/usr/share/gnome:/usr/local/share/:/usr/share/:/var/lib/snapd/desktop', 'PYTHONPATH': '/opt/ros/jazzy/lib/python3.12/site-packages', 'TURBO_CACHE_DIR': '/tmp/cursor-sandbox-cache/38a69e94157fa1e965d8138afaf05ecb/turbo', 'COLCON': '1', '_ZO_DOCTOR': '0', 'MEMORY_PRESSURE_WRITE': 'c29tZSAyMDAwMDAgMjAwMDAwMAA=', 'GEM_SPEC_CACHE': '/tmp/cursor-sandbox-cache/38a69e94157fa1e965d8138afaf05ecb/gem-specs', 'CMAKE_PREFIX_PATH': '/home/star/program/real/programming/grinding/ros2_build_ws/install/feixi_ros2_control:/opt/ros/jazzy/opt/sdformat_vendor:/opt/ros/jazzy/opt/gz_math_vendor:/opt/ros/jazzy/opt/gz_utils_vendor:/opt/ros/jazzy/opt/gz_tools_vendor:/opt/ros/jazzy/opt/gz_cmake_vendor:/opt/ros/jazzy', 'VSCODE_PID': '7472'}), 'shell': False}
[3.520268] (feixi_ros2_control) StdoutLine: {'line': b'-- Install configuration: "Release"\n'}
[3.520587] (feixi_ros2_control) StdoutLine: {'line': b'-- Up-to-date: /home/star/program/real/programming/grinding/ros2_build_ws/install/feixi_ros2_control/share/feixi_ros2_control/feixi_mujoco_hardware.xml\n'}
[3.520719] (feixi_ros2_control) StdoutLine: {'line': b'-- Up-to-date: /home/star/program/real/programming/grinding/ros2_build_ws/install/feixi_ros2_control/include\n'}
[3.520795] (feixi_ros2_control) StdoutLine: {'line': b'-- Up-to-date: /home/star/program/real/programming/grinding/ros2_build_ws/install/feixi_ros2_control/include/feixi_ros2_control\n'}
[3.520863] (feixi_ros2_control) StdoutLine: {'line': b'-- Up-to-date: /home/star/program/real/programming/grinding/ros2_build_ws/install/feixi_ros2_control/include/feixi_ros2_control/mj_view.hpp\n'}
[3.520928] (feixi_ros2_control) StdoutLine: {'line': b'-- Up-to-date: /home/star/program/real/programming/grinding/ros2_build_ws/install/feixi_ros2_control/include/feixi_ros2_control/feixi_mujoco_hardware.hpp\n'}
[3.520998] (feixi_ros2_control) StdoutLine: {'line': b'-- Installing: /home/star/program/real/programming/grinding/ros2_build_ws/install/feixi_ros2_control/lib/libfeixi_mujoco_hardware_plugin.so\n'}
[3.521259] (feixi_ros2_control) StdoutLine: {'line': b'-- Set non-toolchain portion of runtime path of "/home/star/program/real/programming/grinding/ros2_build_ws/install/feixi_ros2_control/lib/libfeixi_mujoco_hardware_plugin.so" to ""\n'}
[3.521412] (feixi_ros2_control) StdoutLine: {'line': b'-- Up-to-date: /home/star/program/real/programming/grinding/ros2_build_ws/install/feixi_ros2_control/share/feixi_ros2_control/urdf\n'}
[3.521572] (feixi_ros2_control) StdoutLine: {'line': b'-- Up-to-date: /home/star/program/real/programming/grinding/ros2_build_ws/install/feixi_ros2_control/share/feixi_ros2_control/urdf/feixi_mock.urdf.xacro\n'}
[3.521640] (feixi_ros2_control) StdoutLine: {'line': b'-- Up-to-date: /home/star/program/real/programming/grinding/ros2_build_ws/install/feixi_ros2_control/share/feixi_ros2_control/urdf/feixi.urdf.xacro\n'}
[3.521713] (feixi_ros2_control) StdoutLine: {'line': b'-- Up-to-date: /home/star/program/real/programming/grinding/ros2_build_ws/install/feixi_ros2_control/share/feixi_ros2_control/launch\n'}
[3.521782] (feixi_ros2_control) StdoutLine: {'line': b'-- Up-to-date: /home/star/program/real/programming/grinding/ros2_build_ws/install/feixi_ros2_control/share/feixi_ros2_control/launch/feixi_mujoco_ros2_control.launch.py\n'}
[3.521850] (feixi_ros2_control) StdoutLine: {'line': b'-- Up-to-date: /home/star/program/real/programming/grinding/ros2_build_ws/install/feixi_ros2_control/share/feixi_ros2_control/launch/feixi_mock_ros2_control.launch.py\n'}
[3.521918] (feixi_ros2_control) StdoutLine: {'line': b'-- Up-to-date: /home/star/program/real/programming/grinding/ros2_build_ws/install/feixi_ros2_control/share/feixi_ros2_control/config\n'}
[3.522129] (feixi_ros2_control) StdoutLine: {'line': b'-- Up-to-date: /home/star/program/real/programming/grinding/ros2_build_ws/install/feixi_ros2_control/share/feixi_ros2_control/config/feixi_forward_position_controller.yaml\n'}
[3.522258] (feixi_ros2_control) StdoutLine: {'line': b'-- Up-to-date: /home/star/program/real/programming/grinding/ros2_build_ws/install/feixi_ros2_control/share/feixi_ros2_control/config/feixi_joint_trajectory_arm7_mock.yaml\n'}
[3.522331] (feixi_ros2_control) StdoutLine: {'line': b'-- Up-to-date: /home/star/program/real/programming/grinding/ros2_build_ws/install/feixi_ros2_control/share/feixi_ros2_control/config/feixi_joint_trajectory_controller.yaml\n'}
[3.522402] (feixi_ros2_control) StdoutLine: {'line': b'-- Up-to-date: /home/star/program/real/programming/grinding/ros2_build_ws/install/feixi_ros2_control/share/feixi_ros2_control/config/ros2_controllers.yaml\n'}
[3.522641] (feixi_ros2_control) StdoutLine: {'line': b'-- Up-to-date: /home/star/program/real/programming/grinding/ros2_build_ws/install/feixi_ros2_control/share/feixi_ros2_control/config/feixi_joint_trajectory_effort.yaml\n'}
[3.522723] (feixi_ros2_control) StdoutLine: {'line': b'-- Up-to-date: /home/star/program/real/programming/grinding/ros2_build_ws/install/feixi_ros2_control/lib/feixi_ros2_control/send_feixi_demo_trajectory\n'}
[3.522798] (feixi_ros2_control) StdoutLine: {'line': b'-- Up-to-date: /home/star/program/real/programming/grinding/ros2_build_ws/install/feixi_ros2_control/lib/feixi_ros2_control/stream_feixi_joint_commands\n'}
[3.522986] (feixi_ros2_control) StdoutLine: {'line': b'-- Up-to-date: /home/star/program/real/programming/grinding/ros2_build_ws/install/feixi_ros2_control/share/feixi_ros2_control/scenes\n'}
[3.523116] (feixi_ros2_control) StdoutLine: {'line': b'-- Up-to-date: /home/star/program/real/programming/grinding/ros2_build_ws/install/feixi_ros2_control/share/feixi_ros2_control/scenes/models\n'}
[3.523240] (feixi_ros2_control) StdoutLine: {'line': b'-- Up-to-date: /home/star/program/real/programming/grinding/ros2_build_ws/install/feixi_ros2_control/share/feixi_ros2_control/scenes/models/feixi\n'}
[3.523313] (feixi_ros2_control) StdoutLine: {'line': b'-- Up-to-date: /home/star/program/real/programming/grinding/ros2_build_ws/install/feixi_ros2_control/share/feixi_ros2_control/scenes/models/feixi/feixi_with_gripper.xml\n'}
[3.523379] (feixi_ros2_control) StdoutLine: {'line': b'-- Up-to-date: /home/star/program/real/programming/grinding/ros2_build_ws/install/feixi_ros2_control/share/feixi_ros2_control/scenes/models/feixi/collision\n'}
[3.523546] (feixi_ros2_control) StdoutLine: {'line': b'-- Up-to-date: /home/star/program/real/programming/grinding/ros2_build_ws/install/feixi_ros2_control/share/feixi_ros2_control/scenes/models/feixi/collision/link6.stl\n'}
[3.523614] (feixi_ros2_control) StdoutLine: {'line': b'-- Up-to-date: /home/star/program/real/programming/grinding/ros2_build_ws/install/feixi_ros2_control/share/feixi_ros2_control/scenes/models/feixi/collision/link1.stl\n'}
[3.523681] (feixi_ros2_control) StdoutLine: {'line': b'-- Up-to-date: /home/star/program/real/programming/grinding/ros2_build_ws/install/feixi_ros2_control/share/feixi_ros2_control/scenes/models/feixi/collision/link7.stl\n'}
[3.523742] (feixi_ros2_control) StdoutLine: {'line': b'-- Up-to-date: /home/star/program/real/programming/grinding/ros2_build_ws/install/feixi_ros2_control/share/feixi_ros2_control/scenes/models/feixi/collision/link4.stl\n'}
[3.523809] (feixi_ros2_control) StdoutLine: {'line': b'-- Up-to-date: /home/star/program/real/programming/grinding/ros2_build_ws/install/feixi_ros2_control/share/feixi_ros2_control/scenes/models/feixi/collision/link3.stl\n'}
[3.523874] (feixi_ros2_control) StdoutLine: {'line': b'-- Up-to-date: /home/star/program/real/programming/grinding/ros2_build_ws/install/feixi_ros2_control/share/feixi_ros2_control/scenes/models/feixi/collision/link2.stl\n'}
[3.523934] (feixi_ros2_control) StdoutLine: {'line': b'-- Up-to-date: /home/star/program/real/programming/grinding/ros2_build_ws/install/feixi_ros2_control/share/feixi_ros2_control/scenes/models/feixi/collision/link5.stl\n'}
[3.523991] (feixi_ros2_control) StdoutLine: {'line': b'-- Up-to-date: /home/star/program/real/programming/grinding/ros2_build_ws/install/feixi_ros2_control/share/feixi_ros2_control/scenes/models/feixi/collision/link0.stl\n'}
[3.524050] (feixi_ros2_control) StdoutLine: {'line': b'-- Up-to-date: /home/star/program/real/programming/grinding/ros2_build_ws/install/feixi_ros2_control/share/feixi_ros2_control/scenes/models/feixi/visual\n'}
[3.524104] (feixi_ros2_control) StdoutLine: {'line': b'-- Up-to-date: /home/star/program/real/programming/grinding/ros2_build_ws/install/feixi_ros2_control/share/feixi_ros2_control/scenes/models/feixi/visual/link2.obj\n'}
[3.524166] (feixi_ros2_control) StdoutLine: {'line': b'-- Up-to-date: /home/star/program/real/programming/grinding/ros2_build_ws/install/feixi_ros2_control/share/feixi_ros2_control/scenes/models/feixi/visual/link5.mtl\n'}
[3.524292] (feixi_ros2_control) StdoutLine: {'line': b'-- Up-to-date: /home/star/program/real/programming/grinding/ros2_build_ws/install/feixi_ros2_control/share/feixi_ros2_control/scenes/models/feixi/visual/link1.obj\n'}
[3.524346] (feixi_ros2_control) StdoutLine: {'line': b'-- Up-to-date: /home/star/program/real/programming/grinding/ros2_build_ws/install/feixi_ros2_control/share/feixi_ros2_control/scenes/models/feixi/visual/link0.obj\n'}
[3.524415] (feixi_ros2_control) StdoutLine: {'line': b'-- Up-to-date: /home/star/program/real/programming/grinding/ros2_build_ws/install/feixi_ros2_control/share/feixi_ros2_control/scenes/models/feixi/visual/link3.mtl\n'}
[3.524497] (feixi_ros2_control) StdoutLine: {'line': b'-- Up-to-date: /home/star/program/real/programming/grinding/ros2_build_ws/install/feixi_ros2_control/share/feixi_ros2_control/scenes/models/feixi/visual/ring.mtl\n'}
[3.524578] (feixi_ros2_control) StdoutLine: {'line': b'-- Up-to-date: /home/star/program/real/programming/grinding/ros2_build_ws/install/feixi_ros2_control/share/feixi_ros2_control/scenes/models/feixi/visual/link5.obj\n'}
[3.524918] (feixi_ros2_control) StdoutLine: {'line': b'-- Up-to-date: /home/star/program/real/programming/grinding/ros2_build_ws/install/feixi_ros2_control/share/feixi_ros2_control/scenes/models/feixi/visual/link4.obj\n'}
[3.525127] (feixi_ros2_control) StdoutLine: {'line': b'-- Up-to-date: /home/star/program/real/programming/grinding/ros2_build_ws/install/feixi_ros2_control/share/feixi_ros2_control/scenes/models/feixi/visual/link2.mtl\n'}
[3.525381] (feixi_ros2_control) StdoutLine: {'line': b'-- Up-to-date: /home/star/program/real/programming/grinding/ros2_build_ws/install/feixi_ros2_control/share/feixi_ros2_control/scenes/models/feixi/visual/link7.obj\n'}
[3.525527] (feixi_ros2_control) StdoutLine: {'line': b'-- Up-to-date: /home/star/program/real/programming/grinding/ros2_build_ws/install/feixi_ros2_control/share/feixi_ros2_control/scenes/models/feixi/visual/ring.obj\n'}
[3.525686] (feixi_ros2_control) StdoutLine: {'line': b'-- Up-to-date: /home/star/program/real/programming/grinding/ros2_build_ws/install/feixi_ros2_control/share/feixi_ros2_control/scenes/models/feixi/visual/link4.mtl\n'}
[3.525895] (feixi_ros2_control) StdoutLine: {'line': b'-- Up-to-date: /home/star/program/real/programming/grinding/ros2_build_ws/install/feixi_ros2_control/share/feixi_ros2_control/scenes/models/feixi/visual/link7.mtl\n'}
[3.526927] (feixi_ros2_control) StdoutLine: {'line': b'-- Up-to-date: /home/star/program/real/programming/grinding/ros2_build_ws/install/feixi_ros2_control/share/feixi_ros2_control/scenes/models/feixi/visual/link3.obj\n'}
[3.527033] (feixi_ros2_control) StdoutLine: {'line': b'-- Up-to-date: /home/star/program/real/programming/grinding/ros2_build_ws/install/feixi_ros2_control/share/feixi_ros2_control/scenes/models/feixi/visual/link6.obj\n'}
[3.527087] (feixi_ros2_control) StdoutLine: {'line': b'-- Up-to-date: /home/star/program/real/programming/grinding/ros2_build_ws/install/feixi_ros2_control/share/feixi_ros2_control/scenes/models/feixi/visual/link1.mtl\n'}
[3.527309] (feixi_ros2_control) StdoutLine: {'line': b'-- Up-to-date: /home/star/program/real/programming/grinding/ros2_build_ws/install/feixi_ros2_control/share/feixi_ros2_control/scenes/models/feixi/visual/link0.mtl\n'}
[3.527360] (feixi_ros2_control) StdoutLine: {'line': b'-- Up-to-date: /home/star/program/real/programming/grinding/ros2_build_ws/install/feixi_ros2_control/share/feixi_ros2_control/scenes/models/feixi/visual/link6.mtl\n'}
[3.527409] (feixi_ros2_control) StdoutLine: {'line': b'-- Up-to-date: /home/star/program/real/programming/grinding/ros2_build_ws/install/feixi_ros2_control/share/feixi_ros2_control/scenes/models/feixi/feixi_model.xml\n'}
[3.527456] (feixi_ros2_control) StdoutLine: {'line': b'-- Up-to-date: /home/star/program/real/programming/grinding/ros2_build_ws/install/feixi_ros2_control/share/feixi_ros2_control/scenes/models/hand\n'}
[3.527535] (feixi_ros2_control) StdoutLine: {'line': b'-- Up-to-date: /home/star/program/real/programming/grinding/ros2_build_ws/install/feixi_ros2_control/share/feixi_ros2_control/scenes/models/hand/hand.xml\n'}
[3.527583] (feixi_ros2_control) StdoutLine: {'line': b'-- Up-to-date: /home/star/program/real/programming/grinding/ros2_build_ws/install/feixi_ros2_control/share/feixi_ros2_control/scenes/models/hand/collision\n'}
[3.527629] (feixi_ros2_control) StdoutLine: {'line': b'-- Up-to-date: /home/star/program/real/programming/grinding/ros2_build_ws/install/feixi_ros2_control/share/feixi_ros2_control/scenes/models/hand/collision/right_inner_knuckle.stl\n'}
[3.527678] (feixi_ros2_control) StdoutLine: {'line': b'-- Up-to-date: /home/star/program/real/programming/grinding/ros2_build_ws/install/feixi_ros2_control/share/feixi_ros2_control/scenes/models/hand/collision/right_outer_knuckle.stl\n'}
[3.527724] (feixi_ros2_control) StdoutLine: {'line': b'-- Up-to-date: /home/star/program/real/programming/grinding/ros2_build_ws/install/feixi_ros2_control/share/feixi_ros2_control/scenes/models/hand/collision/right_finger.stl\n'}
[3.527771] (feixi_ros2_control) StdoutLine: {'line': b'-- Up-to-date: /home/star/program/real/programming/grinding/ros2_build_ws/install/feixi_ros2_control/share/feixi_ros2_control/scenes/models/hand/collision/left_outer_knuckle.stl\n'}
[3.527897] (feixi_ros2_control) StdoutLine: {'line': b'-- Up-to-date: /home/star/program/real/programming/grinding/ros2_build_ws/install/feixi_ros2_control/share/feixi_ros2_control/scenes/models/hand/collision/left_finger.stl\n'}
[3.527944] (feixi_ros2_control) StdoutLine: {'line': b'-- Up-to-date: /home/star/program/real/programming/grinding/ros2_build_ws/install/feixi_ros2_control/share/feixi_ros2_control/scenes/models/hand/collision/left_inner_knuckle.stl\n'}
[3.527992] (feixi_ros2_control) StdoutLine: {'line': b'-- Up-to-date: /home/star/program/real/programming/grinding/ros2_build_ws/install/feixi_ros2_control/share/feixi_ros2_control/scenes/models/hand/collision/base_link.stl\n'}
[3.528040] (feixi_ros2_control) StdoutLine: {'line': b'-- Up-to-date: /home/star/program/real/programming/grinding/ros2_build_ws/install/feixi_ros2_control/share/feixi_ros2_control/scenes/models/hand/visual\n'}
[3.528085] (feixi_ros2_control) StdoutLine: {'line': b'-- Up-to-date: /home/star/program/real/programming/grinding/ros2_build_ws/install/feixi_ros2_control/share/feixi_ros2_control/scenes/models/hand/visual/right_inner_knuckle.stl\n'}
[3.528133] (feixi_ros2_control) StdoutLine: {'line': b'-- Up-to-date: /home/star/program/real/programming/grinding/ros2_build_ws/install/feixi_ros2_control/share/feixi_ros2_control/scenes/models/hand/visual/right_outer_knuckle.stl\n'}
[3.528179] (feixi_ros2_control) StdoutLine: {'line': b'-- Up-to-date: /home/star/program/real/programming/grinding/ros2_build_ws/install/feixi_ros2_control/share/feixi_ros2_control/scenes/models/hand/visual/right_finger.stl\n'}
[3.528231] (feixi_ros2_control) StdoutLine: {'line': b'-- Up-to-date: /home/star/program/real/programming/grinding/ros2_build_ws/install/feixi_ros2_control/share/feixi_ros2_control/scenes/models/hand/visual/left_outer_knuckle.stl\n'}
[3.528277] (feixi_ros2_control) StdoutLine: {'line': b'-- Up-to-date: /home/star/program/real/programming/grinding/ros2_build_ws/install/feixi_ros2_control/share/feixi_ros2_control/scenes/models/hand/visual/left_finger.stl\n'}
[3.528322] (feixi_ros2_control) StdoutLine: {'line': b'-- Up-to-date: /home/star/program/real/programming/grinding/ros2_build_ws/install/feixi_ros2_control/share/feixi_ros2_control/scenes/models/hand/visual/left_inner_knuckle.stl\n'}
[3.528366] (feixi_ros2_control) StdoutLine: {'line': b'-- Up-to-date: /home/star/program/real/programming/grinding/ros2_build_ws/install/feixi_ros2_control/share/feixi_ros2_control/scenes/models/hand/visual/base_link.stl\n'}
[3.528415] (feixi_ros2_control) StdoutLine: {'line': b'-- Up-to-date: /home/star/program/real/programming/grinding/ros2_build_ws/install/feixi_ros2_control/share/feixi_ros2_control/scenes/arm_with_gripper.xml\n'}
[3.528485] (feixi_ros2_control) StdoutLine: {'line': b'-- Up-to-date: /home/star/program/real/programming/grinding/ros2_build_ws/install/feixi_ros2_control/share/feixi_ros2_control/scenes/arm_only.xml\n'}
[3.528541] (feixi_ros2_control) StdoutLine: {'line': b'-- Up-to-date: /home/star/program/real/programming/grinding/ros2_build_ws/install/feixi_ros2_control/share/feixi_ros2_control/environment/library_path.sh\n'}
[3.528592] (feixi_ros2_control) StdoutLine: {'line': b'-- Up-to-date: /home/star/program/real/programming/grinding/ros2_build_ws/install/feixi_ros2_control/share/feixi_ros2_control/environment/library_path.dsv\n'}
[3.528722] (feixi_ros2_control) StdoutLine: {'line': b'-- Up-to-date: /home/star/program/real/programming/grinding/ros2_build_ws/install/feixi_ros2_control/share/ament_index/resource_index/package_run_dependencies/feixi_ros2_control\n'}
[3.528781] (feixi_ros2_control) StdoutLine: {'line': b'-- Up-to-date: /home/star/program/real/programming/grinding/ros2_build_ws/install/feixi_ros2_control/share/ament_index/resource_index/parent_prefix_path/feixi_ros2_control\n'}
[3.528832] (feixi_ros2_control) StdoutLine: {'line': b'-- Up-to-date: /home/star/program/real/programming/grinding/ros2_build_ws/install/feixi_ros2_control/share/feixi_ros2_control/environment/ament_prefix_path.sh\n'}
[3.528889] (feixi_ros2_control) StdoutLine: {'line': b'-- Up-to-date: /home/star/program/real/programming/grinding/ros2_build_ws/install/feixi_ros2_control/share/feixi_ros2_control/environment/ament_prefix_path.dsv\n'}
[3.528942] (feixi_ros2_control) StdoutLine: {'line': b'-- Up-to-date: /home/star/program/real/programming/grinding/ros2_build_ws/install/feixi_ros2_control/share/feixi_ros2_control/environment/path.sh\n'}
[3.528993] (feixi_ros2_control) StdoutLine: {'line': b'-- Up-to-date: /home/star/program/real/programming/grinding/ros2_build_ws/install/feixi_ros2_control/share/feixi_ros2_control/environment/path.dsv\n'}
[3.529046] (feixi_ros2_control) StdoutLine: {'line': b'-- Up-to-date: /home/star/program/real/programming/grinding/ros2_build_ws/install/feixi_ros2_control/share/feixi_ros2_control/local_setup.bash\n'}
[3.529100] (feixi_ros2_control) StdoutLine: {'line': b'-- Up-to-date: /home/star/program/real/programming/grinding/ros2_build_ws/install/feixi_ros2_control/share/feixi_ros2_control/local_setup.sh\n'}
[3.529152] (feixi_ros2_control) StdoutLine: {'line': b'-- Up-to-date: /home/star/program/real/programming/grinding/ros2_build_ws/install/feixi_ros2_control/share/feixi_ros2_control/local_setup.zsh\n'}
[3.529224] (feixi_ros2_control) StdoutLine: {'line': b'-- Up-to-date: /home/star/program/real/programming/grinding/ros2_build_ws/install/feixi_ros2_control/share/feixi_ros2_control/local_setup.dsv\n'}
[3.529277] (feixi_ros2_control) StdoutLine: {'line': b'-- Installing: /home/star/program/real/programming/grinding/ros2_build_ws/install/feixi_ros2_control/share/feixi_ros2_control/package.dsv\n'}
[3.529327] (feixi_ros2_control) StdoutLine: {'line': b'-- Up-to-date: /home/star/program/real/programming/grinding/ros2_build_ws/install/feixi_ros2_control/share/ament_index/resource_index/packages/feixi_ros2_control\n'}
[3.529377] (feixi_ros2_control) StdoutLine: {'line': b'-- Up-to-date: /home/star/program/real/programming/grinding/ros2_build_ws/install/feixi_ros2_control/share/ament_index/resource_index/hardware_interface__pluginlib__plugin/feixi_ros2_control\n'}
[3.529428] (feixi_ros2_control) StdoutLine: {'line': b'-- Up-to-date: /home/star/program/real/programming/grinding/ros2_build_ws/install/feixi_ros2_control/share/feixi_ros2_control/cmake/ament_cmake_export_include_directories-extras.cmake\n'}
[3.529481] (feixi_ros2_control) StdoutLine: {'line': b'-- Up-to-date: /home/star/program/real/programming/grinding/ros2_build_ws/install/feixi_ros2_control/share/feixi_ros2_control/cmake/ament_cmake_export_dependencies-extras.cmake\n'}
[3.529530] (feixi_ros2_control) StdoutLine: {'line': b'-- Up-to-date: /home/star/program/real/programming/grinding/ros2_build_ws/install/feixi_ros2_control/share/feixi_ros2_control/cmake/ament_cmake_export_libraries-extras.cmake\n'}
[3.529584] (feixi_ros2_control) StdoutLine: {'line': b'-- Up-to-date: /home/star/program/real/programming/grinding/ros2_build_ws/install/feixi_ros2_control/share/feixi_ros2_control/cmake/feixi_ros2_controlConfig.cmake\n'}
[3.529635] (feixi_ros2_control) StdoutLine: {'line': b'-- Up-to-date: /home/star/program/real/programming/grinding/ros2_build_ws/install/feixi_ros2_control/share/feixi_ros2_control/cmake/feixi_ros2_controlConfig-version.cmake\n'}
[3.529683] (feixi_ros2_control) StdoutLine: {'line': b'-- Up-to-date: /home/star/program/real/programming/grinding/ros2_build_ws/install/feixi_ros2_control/share/feixi_ros2_control/package.xml\n'}
[3.529735] (feixi_ros2_control) CommandEnded: {'returncode': 0}
[3.546136] (feixi_ros2_control) JobEnded: {'identifier': 'feixi_ros2_control', 'rc': 0}
[3.546555] (-) EventReactorShutdown: {}
