[0.059s] DEBUG:colcon:Command line arguments: ['/usr/bin/colcon', 'build', '--packages-select', 'feixi_ros2_control']
[0.059s] DEBUG:colcon:Parsed command line arguments: Namespace(log_base=None, log_level=None, verb_name='build', build_base='build', install_base='install', merge_install=False, symlink_install=False, test_result_base=None, continue_on_error=False, executor='parallel', parallel_workers=20, event_handlers=None, ignore_user_meta=False, metas=['./colcon.meta'], base_paths=['.'], packages_ignore=None, packages_ignore_regex=None, paths=None, packages_up_to=None, packages_up_to_regex=None, packages_above=None, packages_above_and_dependencies=None, packages_above_depth=None, packages_select_by_dep=None, packages_skip_by_dep=None, packages_skip_up_to=None, packages_select_build_failed=False, packages_skip_build_finished=False, packages_select_test_failures=False, packages_skip_test_passed=False, packages_select=['feixi_ros2_control'], packages_skip=None, packages_select_regex=None, packages_skip_regex=None, packages_start=None, packages_end=None, allow_overriding=[], cmake_args=None, cmake_target=None, cmake_target_skip_unavailable=False, cmake_clean_cache=False, cmake_clean_first=False, cmake_force_configure=False, ament_cmake_args=None, catkin_cmake_args=None, catkin_skip_building_tests=False, verb_parser=<colcon_defaults.argument_parser.defaults.DefaultArgumentsDecorator object at 0x7b1f8e085d30>, verb_extension=<colcon_core.verb.build.BuildVerb object at 0x7b1f8e085b20>, main=<bound method BuildVerb.main of <colcon_core.verb.build.BuildVerb object at 0x7b1f8e085b20>>)
[0.082s] Level 1:colcon.colcon_core.package_discovery:discover_packages(colcon_meta) check parameters
[0.082s] Level 1:colcon.colcon_core.package_discovery:discover_packages(recursive) check parameters
[0.082s] Level 1:colcon.colcon_core.package_discovery:discover_packages(ignore) check parameters
[0.082s] Level 1:colcon.colcon_core.package_discovery:discover_packages(path) check parameters
[0.082s] Level 1:colcon.colcon_core.package_discovery:discover_packages(colcon_meta) discover
[0.082s] Level 1:colcon.colcon_core.package_discovery:discover_packages(recursive) discover
[0.082s] INFO:colcon.colcon_core.package_discovery:Crawling recursively for packages in '/home/star/program/real/programming/grinding/ros2_build_ws'
[0.083s] Level 1:colcon.colcon_core.package_identification:_identify(.) by extensions ['ignore', 'ignore_ament_install']
[0.083s] Level 1:colcon.colcon_core.package_identification:_identify(.) by extension 'ignore'
[0.083s] Level 1:colcon.colcon_core.package_identification:_identify(.) by extension 'ignore_ament_install'
[0.083s] Level 1:colcon.colcon_core.package_identification:_identify(.) by extensions ['colcon_pkg']
[0.083s] Level 1:colcon.colcon_core.package_identification:_identify(.) by extension 'colcon_pkg'
[0.083s] Level 1:colcon.colcon_core.package_identification:_identify(.) by extensions ['colcon_meta']
[0.083s] Level 1:colcon.colcon_core.package_identification:_identify(.) by extension 'colcon_meta'
[0.083s] Level 1:colcon.colcon_core.package_identification:_identify(.) by extensions ['ros']
[0.083s] Level 1:colcon.colcon_core.package_identification:_identify(.) by extension 'ros'
[0.099s] Level 1:colcon.colcon_core.package_identification:_identify(.) by extensions ['cmake', 'python']
[0.099s] Level 1:colcon.colcon_core.package_identification:_identify(.) by extension 'cmake'
[0.099s] Level 1:colcon.colcon_core.package_identification:_identify(.) by extension 'python'
[0.099s] Level 1:colcon.colcon_core.package_identification:_identify(.) by extensions ['python_setup_py']
[0.099s] Level 1:colcon.colcon_core.package_identification:_identify(.) by extension 'python_setup_py'
[0.099s] Level 1:colcon.colcon_core.package_identification:_identify(build) by extensions ['ignore', 'ignore_ament_install']
[0.099s] Level 1:colcon.colcon_core.package_identification:_identify(build) by extension 'ignore'
[0.099s] Level 1:colcon.colcon_core.package_identification:_identify(build) ignored
[0.099s] Level 1:colcon.colcon_core.package_identification:_identify(install) by extensions ['ignore', 'ignore_ament_install']
[0.099s] Level 1:colcon.colcon_core.package_identification:_identify(install) by extension 'ignore'
[0.099s] Level 1:colcon.colcon_core.package_identification:_identify(install) ignored
[0.099s] Level 1:colcon.colcon_core.package_identification:_identify(log) by extensions ['ignore', 'ignore_ament_install']
[0.099s] Level 1:colcon.colcon_core.package_identification:_identify(log) by extension 'ignore'
[0.099s] Level 1:colcon.colcon_core.package_identification:_identify(log) ignored
[0.099s] Level 1:colcon.colcon_core.package_identification:_identify(src) by extensions ['ignore', 'ignore_ament_install']
[0.099s] Level 1:colcon.colcon_core.package_identification:_identify(src) by extension 'ignore'
[0.100s] Level 1:colcon.colcon_core.package_identification:_identify(src) by extension 'ignore_ament_install'
[0.100s] Level 1:colcon.colcon_core.package_identification:_identify(src) by extensions ['colcon_pkg']
[0.100s] Level 1:colcon.colcon_core.package_identification:_identify(src) by extension 'colcon_pkg'
[0.100s] Level 1:colcon.colcon_core.package_identification:_identify(src) by extensions ['colcon_meta']
[0.100s] Level 1:colcon.colcon_core.package_identification:_identify(src) by extension 'colcon_meta'
[0.100s] Level 1:colcon.colcon_core.package_identification:_identify(src) by extensions ['ros']
[0.100s] Level 1:colcon.colcon_core.package_identification:_identify(src) by extension 'ros'
[0.100s] Level 1:colcon.colcon_core.package_identification:_identify(src) by extensions ['cmake', 'python']
[0.100s] Level 1:colcon.colcon_core.package_identification:_identify(src) by extension 'cmake'
[0.100s] Level 1:colcon.colcon_core.package_identification:_identify(src) by extension 'python'
[0.100s] Level 1:colcon.colcon_core.package_identification:_identify(src) by extensions ['python_setup_py']
[0.100s] Level 1:colcon.colcon_core.package_identification:_identify(src) by extension 'python_setup_py'
[0.100s] Level 1:colcon.colcon_core.package_identification:_identify(src/feixi_ros2_control) by extensions ['ignore', 'ignore_ament_install']
[0.100s] Level 1:colcon.colcon_core.package_identification:_identify(src/feixi_ros2_control) by extension 'ignore'
[0.100s] Level 1:colcon.colcon_core.package_identification:_identify(src/feixi_ros2_control) by extension 'ignore_ament_install'
[0.100s] Level 1:colcon.colcon_core.package_identification:_identify(src/feixi_ros2_control) by extensions ['colcon_pkg']
[0.100s] Level 1:colcon.colcon_core.package_identification:_identify(src/feixi_ros2_control) by extension 'colcon_pkg'
[0.100s] Level 1:colcon.colcon_core.package_identification:_identify(src/feixi_ros2_control) by extensions ['colcon_meta']
[0.100s] Level 1:colcon.colcon_core.package_identification:_identify(src/feixi_ros2_control) by extension 'colcon_meta'
[0.100s] Level 1:colcon.colcon_core.package_identification:_identify(src/feixi_ros2_control) by extensions ['ros']
[0.100s] Level 1:colcon.colcon_core.package_identification:_identify(src/feixi_ros2_control) by extension 'ros'
[0.102s] DEBUG:colcon.colcon_core.package_identification:Package 'src/feixi_ros2_control' with type 'ros.ament_cmake' and name 'feixi_ros2_control'
[0.102s] Level 1:colcon.colcon_core.package_discovery:discover_packages(recursive) using defaults
[0.102s] Level 1:colcon.colcon_core.package_discovery:discover_packages(ignore) discover
[0.102s] Level 1:colcon.colcon_core.package_discovery:discover_packages(ignore) using defaults
[0.102s] Level 1:colcon.colcon_core.package_discovery:discover_packages(path) discover
[0.102s] Level 1:colcon.colcon_core.package_discovery:discover_packages(path) using defaults
[0.114s] Level 1:colcon.colcon_core.package_discovery:discover_packages(prefix_path) check parameters
[0.114s] Level 1:colcon.colcon_core.package_discovery:discover_packages(prefix_path) discover
[0.115s] DEBUG:colcon.colcon_installed_package_information.package_discovery:Found 1 installed packages in /home/star/program/real/programming/grinding/ros2_build_ws/install
[0.115s] DEBUG:colcon.colcon_installed_package_information.package_discovery:Found 341 installed packages in /opt/ros/jazzy
[0.116s] Level 1:colcon.colcon_core.package_discovery:discover_packages(prefix_path) using defaults
[0.140s] Level 5:colcon.colcon_core.verb:set package 'feixi_ros2_control' build argument 'cmake_args' from command line to 'None'
[0.140s] Level 5:colcon.colcon_core.verb:set package 'feixi_ros2_control' build argument 'cmake_target' from command line to 'None'
[0.140s] Level 5:colcon.colcon_core.verb:set package 'feixi_ros2_control' build argument 'cmake_target_skip_unavailable' from command line to 'False'
[0.140s] Level 5:colcon.colcon_core.verb:set package 'feixi_ros2_control' build argument 'cmake_clean_cache' from command line to 'False'
[0.140s] Level 5:colcon.colcon_core.verb:set package 'feixi_ros2_control' build argument 'cmake_clean_first' from command line to 'False'
[0.140s] Level 5:colcon.colcon_core.verb:set package 'feixi_ros2_control' build argument 'cmake_force_configure' from command line to 'False'
[0.140s] Level 5:colcon.colcon_core.verb:set package 'feixi_ros2_control' build argument 'ament_cmake_args' from command line to 'None'
[0.140s] Level 5:colcon.colcon_core.verb:set package 'feixi_ros2_control' build argument 'catkin_cmake_args' from command line to 'None'
[0.140s] Level 5:colcon.colcon_core.verb:set package 'feixi_ros2_control' build argument 'catkin_skip_building_tests' from command line to 'False'
[0.140s] DEBUG:colcon.colcon_core.verb:Building package 'feixi_ros2_control' with the following arguments: {'ament_cmake_args': None, 'build_base': '/home/star/program/real/programming/grinding/ros2_build_ws/build/feixi_ros2_control', 'catkin_cmake_args': None, 'catkin_skip_building_tests': False, 'cmake_args': None, 'cmake_clean_cache': False, 'cmake_clean_first': False, 'cmake_force_configure': False, 'cmake_target': None, 'cmake_target_skip_unavailable': False, 'install_base': '/home/star/program/real/programming/grinding/ros2_build_ws/install/feixi_ros2_control', 'merge_install': False, 'path': '/home/star/program/real/programming/grinding/ros2_build_ws/src/feixi_ros2_control', 'symlink_install': False, 'test_result_base': None}
[0.140s] INFO:colcon.colcon_core.executor:Executing jobs using 'parallel' executor
[0.141s] DEBUG:colcon.colcon_parallel_executor.executor.parallel:run_until_complete
[0.141s] INFO:colcon.colcon_ros.task.ament_cmake.build:Building ROS package in '/home/star/program/real/programming/grinding/ros2_build_ws/src/feixi_ros2_control' with build type 'ament_cmake'
[0.141s] INFO:colcon.colcon_cmake.task.cmake.build:Building CMake package in '/home/star/program/real/programming/grinding/ros2_build_ws/src/feixi_ros2_control'
[0.142s] INFO:colcon.colcon_core.plugin_system:Skipping extension 'colcon_core.shell.bat': Not used on non-Windows systems
[0.142s] INFO:colcon.colcon_core.shell:Skip shell extension 'powershell' for command environment: Not usable outside of PowerShell
[0.142s] DEBUG:colcon.colcon_core.shell:Skip shell extension 'dsv' for command environment
[0.149s] DEBUG:colcon.colcon_core.event_handler.log_command:Invoking command in '/home/star/program/real/programming/grinding/ros2_build_ws/build/feixi_ros2_control': CMAKE_PREFIX_PATH=${CMAKE_PREFIX_PATH}:/opt/ros/jazzy DEBUGINFOD_URLS=https://debuginfod.ubuntu.com /usr/bin/cmake --build /home/star/program/real/programming/grinding/ros2_build_ws/build/feixi_ros2_control -- -j20 -l20
[3.645s] DEBUG:colcon.colcon_core.event_handler.log_command:Invoked command in '/home/star/program/real/programming/grinding/ros2_build_ws/build/feixi_ros2_control' returned '0': CMAKE_PREFIX_PATH=${CMAKE_PREFIX_PATH}:/opt/ros/jazzy DEBUGINFOD_URLS=https://debuginfod.ubuntu.com /usr/bin/cmake --build /home/star/program/real/programming/grinding/ros2_build_ws/build/feixi_ros2_control -- -j20 -l20
[3.651s] DEBUG:colcon.colcon_core.event_handler.log_command:Invoking command in '/home/star/program/real/programming/grinding/ros2_build_ws/build/feixi_ros2_control': CMAKE_PREFIX_PATH=${CMAKE_PREFIX_PATH}:/opt/ros/jazzy DEBUGINFOD_URLS=https://debuginfod.ubuntu.com /usr/bin/cmake --install /home/star/program/real/programming/grinding/ros2_build_ws/build/feixi_ros2_control
[3.667s] Level 1:colcon.colcon_core.environment:create_environment_scripts_only(feixi_ros2_control)
[3.671s] DEBUG:colcon.colcon_core.event_handler.log_command:Invoked command in '/home/star/program/real/programming/grinding/ros2_build_ws/build/feixi_ros2_control' returned '0': CMAKE_PREFIX_PATH=${CMAKE_PREFIX_PATH}:/opt/ros/jazzy DEBUGINFOD_URLS=https://debuginfod.ubuntu.com /usr/bin/cmake --install /home/star/program/real/programming/grinding/ros2_build_ws/build/feixi_ros2_control
[3.674s] Level 1:colcon.colcon_core.environment:checking '/home/star/program/real/programming/grinding/ros2_build_ws/install/feixi_ros2_control' for CMake module files
[3.675s] Level 1:colcon.colcon_core.environment:checking '/home/star/program/real/programming/grinding/ros2_build_ws/install/feixi_ros2_control' for CMake config files
[3.675s] Level 1:colcon.colcon_core.shell:create_environment_hook('feixi_ros2_control', 'cmake_prefix_path')
[3.675s] INFO:colcon.colcon_core.shell:Creating environment hook '/home/star/program/real/programming/grinding/ros2_build_ws/install/feixi_ros2_control/share/feixi_ros2_control/hook/cmake_prefix_path.ps1'
[3.676s] INFO:colcon.colcon_core.shell:Creating environment descriptor '/home/star/program/real/programming/grinding/ros2_build_ws/install/feixi_ros2_control/share/feixi_ros2_control/hook/cmake_prefix_path.dsv'
[3.677s] INFO:colcon.colcon_core.shell:Creating environment hook '/home/star/program/real/programming/grinding/ros2_build_ws/install/feixi_ros2_control/share/feixi_ros2_control/hook/cmake_prefix_path.sh'
[3.677s] Level 1:colcon.colcon_core.environment:checking '/home/star/program/real/programming/grinding/ros2_build_ws/install/feixi_ros2_control/lib'
[3.678s] Level 1:colcon.colcon_core.shell:create_environment_hook('feixi_ros2_control', 'ld_library_path_lib')
[3.678s] INFO:colcon.colcon_core.shell:Creating environment hook '/home/star/program/real/programming/grinding/ros2_build_ws/install/feixi_ros2_control/share/feixi_ros2_control/hook/ld_library_path_lib.ps1'
[3.678s] INFO:colcon.colcon_core.shell:Creating environment descriptor '/home/star/program/real/programming/grinding/ros2_build_ws/install/feixi_ros2_control/share/feixi_ros2_control/hook/ld_library_path_lib.dsv'
[3.679s] INFO:colcon.colcon_core.shell:Creating environment hook '/home/star/program/real/programming/grinding/ros2_build_ws/install/feixi_ros2_control/share/feixi_ros2_control/hook/ld_library_path_lib.sh'
[3.679s] Level 1:colcon.colcon_core.environment:checking '/home/star/program/real/programming/grinding/ros2_build_ws/install/feixi_ros2_control/bin'
[3.679s] Level 1:colcon.colcon_core.environment:checking '/home/star/program/real/programming/grinding/ros2_build_ws/install/feixi_ros2_control/lib/pkgconfig/feixi_ros2_control.pc'
[3.679s] Level 1:colcon.colcon_core.environment:checking '/home/star/program/real/programming/grinding/ros2_build_ws/install/feixi_ros2_control/lib/python3.12/site-packages'
[3.680s] Level 1:colcon.colcon_core.environment:checking '/home/star/program/real/programming/grinding/ros2_build_ws/install/feixi_ros2_control/bin'
[3.680s] INFO:colcon.colcon_core.shell:Creating package script '/home/star/program/real/programming/grinding/ros2_build_ws/install/feixi_ros2_control/share/feixi_ros2_control/package.ps1'
[3.680s] INFO:colcon.colcon_core.shell:Creating package descriptor '/home/star/program/real/programming/grinding/ros2_build_ws/install/feixi_ros2_control/share/feixi_ros2_control/package.dsv'
[3.681s] INFO:colcon.colcon_core.shell:Creating package script '/home/star/program/real/programming/grinding/ros2_build_ws/install/feixi_ros2_control/share/feixi_ros2_control/package.sh'
[3.681s] INFO:colcon.colcon_core.shell:Creating package script '/home/star/program/real/programming/grinding/ros2_build_ws/install/feixi_ros2_control/share/feixi_ros2_control/package.bash'
[3.681s] INFO:colcon.colcon_core.shell:Creating package script '/home/star/program/real/programming/grinding/ros2_build_ws/install/feixi_ros2_control/share/feixi_ros2_control/package.zsh'
[3.682s] Level 1:colcon.colcon_core.environment:create_file_with_runtime_dependencies(/home/star/program/real/programming/grinding/ros2_build_ws/install/feixi_ros2_control/share/colcon-core/packages/feixi_ros2_control)
[3.682s] Level 1:colcon.colcon_core.environment:create_environment_scripts_only(feixi_ros2_control)
[3.682s] Level 1:colcon.colcon_core.environment:checking '/home/star/program/real/programming/grinding/ros2_build_ws/install/feixi_ros2_control' for CMake module files
[3.682s] Level 1:colcon.colcon_core.environment:checking '/home/star/program/real/programming/grinding/ros2_build_ws/install/feixi_ros2_control' for CMake config files
[3.683s] Level 1:colcon.colcon_core.shell:create_environment_hook('feixi_ros2_control', 'cmake_prefix_path')
[3.683s] INFO:colcon.colcon_core.shell:Creating environment hook '/home/star/program/real/programming/grinding/ros2_build_ws/install/feixi_ros2_control/share/feixi_ros2_control/hook/cmake_prefix_path.ps1'
[3.683s] INFO:colcon.colcon_core.shell:Creating environment descriptor '/home/star/program/real/programming/grinding/ros2_build_ws/install/feixi_ros2_control/share/feixi_ros2_control/hook/cmake_prefix_path.dsv'
[3.683s] INFO:colcon.colcon_core.shell:Creating environment hook '/home/star/program/real/programming/grinding/ros2_build_ws/install/feixi_ros2_control/share/feixi_ros2_control/hook/cmake_prefix_path.sh'
[3.684s] Level 1:colcon.colcon_core.environment:checking '/home/star/program/real/programming/grinding/ros2_build_ws/install/feixi_ros2_control/lib'
[3.684s] Level 1:colcon.colcon_core.shell:create_environment_hook('feixi_ros2_control', 'ld_library_path_lib')
[3.684s] INFO:colcon.colcon_core.shell:Creating environment hook '/home/star/program/real/programming/grinding/ros2_build_ws/install/feixi_ros2_control/share/feixi_ros2_control/hook/ld_library_path_lib.ps1'
[3.684s] INFO:colcon.colcon_core.shell:Creating environment descriptor '/home/star/program/real/programming/grinding/ros2_build_ws/install/feixi_ros2_control/share/feixi_ros2_control/hook/ld_library_path_lib.dsv'
[3.684s] INFO:colcon.colcon_core.shell:Creating environment hook '/home/star/program/real/programming/grinding/ros2_build_ws/install/feixi_ros2_control/share/feixi_ros2_control/hook/ld_library_path_lib.sh'
[3.685s] Level 1:colcon.colcon_core.environment:checking '/home/star/program/real/programming/grinding/ros2_build_ws/install/feixi_ros2_control/bin'
[3.685s] Level 1:colcon.colcon_core.environment:checking '/home/star/program/real/programming/grinding/ros2_build_ws/install/feixi_ros2_control/lib/pkgconfig/feixi_ros2_control.pc'
[3.685s] Level 1:colcon.colcon_core.environment:checking '/home/star/program/real/programming/grinding/ros2_build_ws/install/feixi_ros2_control/lib/python3.12/site-packages'
[3.685s] Level 1:colcon.colcon_core.environment:checking '/home/star/program/real/programming/grinding/ros2_build_ws/install/feixi_ros2_control/bin'
[3.685s] INFO:colcon.colcon_core.shell:Creating package script '/home/star/program/real/programming/grinding/ros2_build_ws/install/feixi_ros2_control/share/feixi_ros2_control/package.ps1'
[3.686s] INFO:colcon.colcon_core.shell:Creating package descriptor '/home/star/program/real/programming/grinding/ros2_build_ws/install/feixi_ros2_control/share/feixi_ros2_control/package.dsv'
[3.686s] INFO:colcon.colcon_core.shell:Creating package script '/home/star/program/real/programming/grinding/ros2_build_ws/install/feixi_ros2_control/share/feixi_ros2_control/package.sh'
[3.686s] INFO:colcon.colcon_core.shell:Creating package script '/home/star/program/real/programming/grinding/ros2_build_ws/install/feixi_ros2_control/share/feixi_ros2_control/package.bash'
[3.686s] INFO:colcon.colcon_core.shell:Creating package script '/home/star/program/real/programming/grinding/ros2_build_ws/install/feixi_ros2_control/share/feixi_ros2_control/package.zsh'
[3.687s] Level 1:colcon.colcon_core.environment:create_file_with_runtime_dependencies(/home/star/program/real/programming/grinding/ros2_build_ws/install/feixi_ros2_control/share/colcon-core/packages/feixi_ros2_control)
[3.687s] DEBUG:colcon.colcon_parallel_executor.executor.parallel:closing loop
[3.687s] DEBUG:colcon.colcon_parallel_executor.executor.parallel:loop closed
[3.687s] DEBUG:colcon.colcon_parallel_executor.executor.parallel:run_until_complete finished with '0'
[3.687s] DEBUG:colcon.colcon_core.event_reactor:joining thread
[3.691s] INFO:colcon.colcon_core.plugin_system:Skipping extension 'colcon_notification.desktop_notification.terminal_notifier': Not used on non-Darwin systems
[3.691s] INFO:colcon.colcon_core.plugin_system:Skipping extension 'colcon_notification.desktop_notification.win32': Not used on non-Windows systems
[3.691s] INFO:colcon.colcon_notification.desktop_notification:Sending desktop notification using 'notify2'
[3.702s] DEBUG:colcon.colcon_core.event_reactor:joined thread
[3.703s] INFO:colcon.colcon_core.shell:Creating prefix script '/home/star/program/real/programming/grinding/ros2_build_ws/install/local_setup.ps1'
[3.704s] INFO:colcon.colcon_core.shell:Creating prefix util module '/home/star/program/real/programming/grinding/ros2_build_ws/install/_local_setup_util_ps1.py'
[3.705s] INFO:colcon.colcon_core.shell:Creating prefix chain script '/home/star/program/real/programming/grinding/ros2_build_ws/install/setup.ps1'
[3.705s] INFO:colcon.colcon_core.shell:Creating prefix script '/home/star/program/real/programming/grinding/ros2_build_ws/install/local_setup.sh'
[3.706s] INFO:colcon.colcon_core.shell:Creating prefix util module '/home/star/program/real/programming/grinding/ros2_build_ws/install/_local_setup_util_sh.py'
[3.706s] INFO:colcon.colcon_core.shell:Creating prefix chain script '/home/star/program/real/programming/grinding/ros2_build_ws/install/setup.sh'
[3.707s] INFO:colcon.colcon_core.shell:Creating prefix script '/home/star/program/real/programming/grinding/ros2_build_ws/install/local_setup.bash'
[3.707s] INFO:colcon.colcon_core.shell:Creating prefix chain script '/home/star/program/real/programming/grinding/ros2_build_ws/install/setup.bash'
[3.708s] INFO:colcon.colcon_core.shell:Creating prefix script '/home/star/program/real/programming/grinding/ros2_build_ws/install/local_setup.zsh'
[3.708s] INFO:colcon.colcon_core.shell:Creating prefix chain script '/home/star/program/real/programming/grinding/ros2_build_ws/install/setup.zsh'
