[0.007s] Invoking command in '/home/star/program/real/programming/grinding/ros2_build_ws/build/feixi_ros2_control': CMAKE_PREFIX_PATH=${CMAKE_PREFIX_PATH}:/opt/ros/jazzy DEBUGINFOD_URLS=https://debuginfod.ubuntu.com /usr/bin/cmake --build /home/star/program/real/programming/grinding/ros2_build_ws/build/feixi_ros2_control -- -j20 -l20
[0.057s] [100%] Built target feixi_mujoco_hardware_plugin
[0.071s] Invoked command in '/home/star/program/real/programming/grinding/ros2_build_ws/build/feixi_ros2_control' returned '0': CMAKE_PREFIX_PATH=${CMAKE_PREFIX_PATH}:/opt/ros/jazzy DEBUGINFOD_URLS=https://debuginfod.ubuntu.com /usr/bin/cmake --build /home/star/program/real/programming/grinding/ros2_build_ws/build/feixi_ros2_control -- -j20 -l20
[0.083s] Invoking command in '/home/star/program/real/programming/grinding/ros2_build_ws/build/feixi_ros2_control': CMAKE_PREFIX_PATH=${CMAKE_PREFIX_PATH}:/opt/ros/jazzy DEBUGINFOD_URLS=https://debuginfod.ubuntu.com /usr/bin/cmake --install /home/star/program/real/programming/grinding/ros2_build_ws/build/feixi_ros2_control
[0.095s] -- Install configuration: "Release"
[0.095s] -- Up-to-date: /home/star/program/real/programming/grinding/ros2_build_ws/install/feixi_ros2_control/share/feixi_ros2_control/feixi_mujoco_hardware.xml
[0.095s] -- Up-to-date: /home/star/program/real/programming/grinding/ros2_build_ws/install/feixi_ros2_control/include
[0.095s] -- Up-to-date: /home/star/program/real/programming/grinding/ros2_build_ws/install/feixi_ros2_control/include/feixi_ros2_control
[0.095s] -- Up-to-date: /home/star/program/real/programming/grinding/ros2_build_ws/install/feixi_ros2_control/include/feixi_ros2_control/mj_view.hpp
[0.095s] -- Up-to-date: /home/star/program/real/programming/grinding/ros2_build_ws/install/feixi_ros2_control/include/feixi_ros2_control/feixi_mujoco_hardware.hpp
[0.096s] -- Up-to-date: /home/star/program/real/programming/grinding/ros2_build_ws/install/feixi_ros2_control/lib/libfeixi_mujoco_hardware_plugin.so
[0.096s] -- Up-to-date: /home/star/program/real/programming/grinding/ros2_build_ws/install/feixi_ros2_control/share/feixi_ros2_control/urdf
[0.096s] -- Up-to-date: /home/star/program/real/programming/grinding/ros2_build_ws/install/feixi_ros2_control/share/feixi_ros2_control/urdf/feixi_mock.urdf.xacro
[0.096s] -- Up-to-date: /home/star/program/real/programming/grinding/ros2_build_ws/install/feixi_ros2_control/share/feixi_ros2_control/urdf/feixi.urdf.xacro
[0.096s] -- Up-to-date: /home/star/program/real/programming/grinding/ros2_build_ws/install/feixi_ros2_control/share/feixi_ros2_control/launch
[0.096s] -- Up-to-date: /home/star/program/real/programming/grinding/ros2_build_ws/install/feixi_ros2_control/share/feixi_ros2_control/launch/feixi_mujoco_ros2_control.launch.py
[0.096s] -- Up-to-date: /home/star/program/real/programming/grinding/ros2_build_ws/install/feixi_ros2_control/share/feixi_ros2_control/launch/feixi_mock_ros2_control.launch.py
[0.097s] -- Up-to-date: /home/star/program/real/programming/grinding/ros2_build_ws/install/feixi_ros2_control/share/feixi_ros2_control/config
[0.097s] -- Up-to-date: /home/star/program/real/programming/grinding/ros2_build_ws/install/feixi_ros2_control/share/feixi_ros2_control/config/feixi_forward_position_controller.yaml
[0.097s] -- Up-to-date: /home/star/program/real/programming/grinding/ros2_build_ws/install/feixi_ros2_control/share/feixi_ros2_control/config/feixi_joint_trajectory_arm7_mock.yaml
[0.097s] -- Up-to-date: /home/star/program/real/programming/grinding/ros2_build_ws/install/feixi_ros2_control/share/feixi_ros2_control/config/feixi_joint_trajectory_controller.yaml
[0.097s] -- Up-to-date: /home/star/program/real/programming/grinding/ros2_build_ws/install/feixi_ros2_control/share/feixi_ros2_control/config/ros2_controllers.yaml
[0.097s] -- Up-to-date: /home/star/program/real/programming/grinding/ros2_build_ws/install/feixi_ros2_control/share/feixi_ros2_control/config/feixi_joint_trajectory_effort.yaml
[0.097s] -- Up-to-date: /home/star/program/real/programming/grinding/ros2_build_ws/install/feixi_ros2_control/lib/feixi_ros2_control/send_feixi_demo_trajectory
[0.097s] -- Up-to-date: /home/star/program/real/programming/grinding/ros2_build_ws/install/feixi_ros2_control/lib/feixi_ros2_control/stream_feixi_joint_commands
[0.097s] -- Up-to-date: /home/star/program/real/programming/grinding/ros2_build_ws/install/feixi_ros2_control/share/feixi_ros2_control/scenes
[0.097s] -- Up-to-date: /home/star/program/real/programming/grinding/ros2_build_ws/install/feixi_ros2_control/share/feixi_ros2_control/scenes/models
[0.097s] -- Up-to-date: /home/star/program/real/programming/grinding/ros2_build_ws/install/feixi_ros2_control/share/feixi_ros2_control/scenes/models/feixi
[0.097s] -- Up-to-date: /home/star/program/real/programming/grinding/ros2_build_ws/install/feixi_ros2_control/share/feixi_ros2_control/scenes/models/feixi/feixi_with_gripper.xml
[0.098s] -- Up-to-date: /home/star/program/real/programming/grinding/ros2_build_ws/install/feixi_ros2_control/share/feixi_ros2_control/scenes/models/feixi/collision
[0.098s] -- Up-to-date: /home/star/program/real/programming/grinding/ros2_build_ws/install/feixi_ros2_control/share/feixi_ros2_control/scenes/models/feixi/collision/link6.stl
[0.098s] -- Up-to-date: /home/star/program/real/programming/grinding/ros2_build_ws/install/feixi_ros2_control/share/feixi_ros2_control/scenes/models/feixi/collision/link1.stl
[0.098s] -- Up-to-date: /home/star/program/real/programming/grinding/ros2_build_ws/install/feixi_ros2_control/share/feixi_ros2_control/scenes/models/feixi/collision/link7.stl
[0.098s] -- Up-to-date: /home/star/program/real/programming/grinding/ros2_build_ws/install/feixi_ros2_control/share/feixi_ros2_control/scenes/models/feixi/collision/link4.stl
[0.098s] -- Up-to-date: /home/star/program/real/programming/grinding/ros2_build_ws/install/feixi_ros2_control/share/feixi_ros2_control/scenes/models/feixi/collision/link3.stl
[0.098s] -- Up-to-date: /home/star/program/real/programming/grinding/ros2_build_ws/install/feixi_ros2_control/share/feixi_ros2_control/scenes/models/feixi/collision/link2.stl
[0.098s] -- Up-to-date: /home/star/program/real/programming/grinding/ros2_build_ws/install/feixi_ros2_control/share/feixi_ros2_control/scenes/models/feixi/collision/link5.stl
[0.098s] -- Up-to-date: /home/star/program/real/programming/grinding/ros2_build_ws/install/feixi_ros2_control/share/feixi_ros2_control/scenes/models/feixi/collision/link0.stl
[0.098s] -- Up-to-date: /home/star/program/real/programming/grinding/ros2_build_ws/install/feixi_ros2_control/share/feixi_ros2_control/scenes/models/feixi/visual
[0.098s] -- Up-to-date: /home/star/program/real/programming/grinding/ros2_build_ws/install/feixi_ros2_control/share/feixi_ros2_control/scenes/models/feixi/visual/link2.obj
[0.098s] -- Up-to-date: /home/star/program/real/programming/grinding/ros2_build_ws/install/feixi_ros2_control/share/feixi_ros2_control/scenes/models/feixi/visual/link5.mtl
[0.098s] -- Up-to-date: /home/star/program/real/programming/grinding/ros2_build_ws/install/feixi_ros2_control/share/feixi_ros2_control/scenes/models/feixi/visual/link1.obj
[0.099s] -- Up-to-date: /home/star/program/real/programming/grinding/ros2_build_ws/install/feixi_ros2_control/share/feixi_ros2_control/scenes/models/feixi/visual/link0.obj
[0.099s] -- Up-to-date: /home/star/program/real/programming/grinding/ros2_build_ws/install/feixi_ros2_control/share/feixi_ros2_control/scenes/models/feixi/visual/link3.mtl
[0.099s] -- Up-to-date: /home/star/program/real/programming/grinding/ros2_build_ws/install/feixi_ros2_control/share/feixi_ros2_control/scenes/models/feixi/visual/ring.mtl
[0.099s] -- Up-to-date: /home/star/program/real/programming/grinding/ros2_build_ws/install/feixi_ros2_control/share/feixi_ros2_control/scenes/models/feixi/visual/link5.obj
[0.099s] -- Up-to-date: /home/star/program/real/programming/grinding/ros2_build_ws/install/feixi_ros2_control/share/feixi_ros2_control/scenes/models/feixi/visual/link4.obj
[0.099s] -- Up-to-date: /home/star/program/real/programming/grinding/ros2_build_ws/install/feixi_ros2_control/share/feixi_ros2_control/scenes/models/feixi/visual/link2.mtl
[0.099s] -- Up-to-date: /home/star/program/real/programming/grinding/ros2_build_ws/install/feixi_ros2_control/share/feixi_ros2_control/scenes/models/feixi/visual/link7.obj
[0.099s] -- Up-to-date: /home/star/program/real/programming/grinding/ros2_build_ws/install/feixi_ros2_control/share/feixi_ros2_control/scenes/models/feixi/visual/ring.obj
[0.099s] -- Up-to-date: /home/star/program/real/programming/grinding/ros2_build_ws/install/feixi_ros2_control/share/feixi_ros2_control/scenes/models/feixi/visual/link4.mtl
[0.099s] -- Up-to-date: /home/star/program/real/programming/grinding/ros2_build_ws/install/feixi_ros2_control/share/feixi_ros2_control/scenes/models/feixi/visual/link7.mtl
[0.099s] -- Up-to-date: /home/star/program/real/programming/grinding/ros2_build_ws/install/feixi_ros2_control/share/feixi_ros2_control/scenes/models/feixi/visual/link3.obj
[0.099s] -- Up-to-date: /home/star/program/real/programming/grinding/ros2_build_ws/install/feixi_ros2_control/share/feixi_ros2_control/scenes/models/feixi/visual/link6.obj
[0.100s] -- Up-to-date: /home/star/program/real/programming/grinding/ros2_build_ws/install/feixi_ros2_control/share/feixi_ros2_control/scenes/models/feixi/visual/link1.mtl
[0.100s] -- Up-to-date: /home/star/program/real/programming/grinding/ros2_build_ws/install/feixi_ros2_control/share/feixi_ros2_control/scenes/models/feixi/visual/link0.mtl
[0.100s] -- Up-to-date: /home/star/program/real/programming/grinding/ros2_build_ws/install/feixi_ros2_control/share/feixi_ros2_control/scenes/models/feixi/visual/link6.mtl
[0.100s] -- Up-to-date: /home/star/program/real/programming/grinding/ros2_build_ws/install/feixi_ros2_control/share/feixi_ros2_control/scenes/models/feixi/feixi_model.xml
[0.100s] -- Up-to-date: /home/star/program/real/programming/grinding/ros2_build_ws/install/feixi_ros2_control/share/feixi_ros2_control/scenes/models/hand
[0.100s] -- Up-to-date: /home/star/program/real/programming/grinding/ros2_build_ws/install/feixi_ros2_control/share/feixi_ros2_control/scenes/models/hand/hand.xml
[0.100s] -- Up-to-date: /home/star/program/real/programming/grinding/ros2_build_ws/install/feixi_ros2_control/share/feixi_ros2_control/scenes/models/hand/collision
[0.100s] -- Up-to-date: /home/star/program/real/programming/grinding/ros2_build_ws/install/feixi_ros2_control/share/feixi_ros2_control/scenes/models/hand/collision/right_inner_knuckle.stl
[0.100s] -- Up-to-date: /home/star/program/real/programming/grinding/ros2_build_ws/install/feixi_ros2_control/share/feixi_ros2_control/scenes/models/hand/collision/right_outer_knuckle.stl
[0.101s] -- Up-to-date: /home/star/program/real/programming/grinding/ros2_build_ws/install/feixi_ros2_control/share/feixi_ros2_control/scenes/models/hand/collision/right_finger.stl
[0.101s] -- Up-to-date: /home/star/program/real/programming/grinding/ros2_build_ws/install/feixi_ros2_control/share/feixi_ros2_control/scenes/models/hand/collision/left_outer_knuckle.stl
[0.101s] -- Up-to-date: /home/star/program/real/programming/grinding/ros2_build_ws/install/feixi_ros2_control/share/feixi_ros2_control/scenes/models/hand/collision/left_finger.stl
[0.101s] -- Up-to-date: /home/star/program/real/programming/grinding/ros2_build_ws/install/feixi_ros2_control/share/feixi_ros2_control/scenes/models/hand/collision/left_inner_knuckle.stl
[0.101s] -- Up-to-date: /home/star/program/real/programming/grinding/ros2_build_ws/install/feixi_ros2_control/share/feixi_ros2_control/scenes/models/hand/collision/base_link.stl
[0.101s] -- Up-to-date: /home/star/program/real/programming/grinding/ros2_build_ws/install/feixi_ros2_control/share/feixi_ros2_control/scenes/models/hand/visual
[0.101s] -- Up-to-date: /home/star/program/real/programming/grinding/ros2_build_ws/install/feixi_ros2_control/share/feixi_ros2_control/scenes/models/hand/visual/right_inner_knuckle.stl
[0.101s] -- Up-to-date: /home/star/program/real/programming/grinding/ros2_build_ws/install/feixi_ros2_control/share/feixi_ros2_control/scenes/models/hand/visual/right_outer_knuckle.stl
[0.101s] -- Up-to-date: /home/star/program/real/programming/grinding/ros2_build_ws/install/feixi_ros2_control/share/feixi_ros2_control/scenes/models/hand/visual/right_finger.stl
[0.102s] -- Up-to-date: /home/star/program/real/programming/grinding/ros2_build_ws/install/feixi_ros2_control/share/feixi_ros2_control/scenes/models/hand/visual/left_outer_knuckle.stl
[0.102s] -- Up-to-date: /home/star/program/real/programming/grinding/ros2_build_ws/install/feixi_ros2_control/share/feixi_ros2_control/scenes/models/hand/visual/left_finger.stl
[0.102s] -- Up-to-date: /home/star/program/real/programming/grinding/ros2_build_ws/install/feixi_ros2_control/share/feixi_ros2_control/scenes/models/hand/visual/left_inner_knuckle.stl
[0.102s] -- Up-to-date: /home/star/program/real/programming/grinding/ros2_build_ws/install/feixi_ros2_control/share/feixi_ros2_control/scenes/models/hand/visual/base_link.stl
[0.102s] -- Up-to-date: /home/star/program/real/programming/grinding/ros2_build_ws/install/feixi_ros2_control/share/feixi_ros2_control/scenes/arm_with_gripper.xml
[0.102s] -- Up-to-date: /home/star/program/real/programming/grinding/ros2_build_ws/install/feixi_ros2_control/share/feixi_ros2_control/scenes/arm_only.xml
[0.102s] -- Up-to-date: /home/star/program/real/programming/grinding/ros2_build_ws/install/feixi_ros2_control/share/feixi_ros2_control/environment/library_path.sh
[0.102s] -- Up-to-date: /home/star/program/real/programming/grinding/ros2_build_ws/install/feixi_ros2_control/share/feixi_ros2_control/environment/library_path.dsv
[0.102s] -- Up-to-date: /home/star/program/real/programming/grinding/ros2_build_ws/install/feixi_ros2_control/share/ament_index/resource_index/package_run_dependencies/feixi_ros2_control
[0.102s] -- Up-to-date: /home/star/program/real/programming/grinding/ros2_build_ws/install/feixi_ros2_control/share/ament_index/resource_index/parent_prefix_path/feixi_ros2_control
[0.103s] -- Up-to-date: /home/star/program/real/programming/grinding/ros2_build_ws/install/feixi_ros2_control/share/feixi_ros2_control/environment/ament_prefix_path.sh
[0.103s] -- Up-to-date: /home/star/program/real/programming/grinding/ros2_build_ws/install/feixi_ros2_control/share/feixi_ros2_control/environment/ament_prefix_path.dsv
[0.103s] -- Up-to-date: /home/star/program/real/programming/grinding/ros2_build_ws/install/feixi_ros2_control/share/feixi_ros2_control/environment/path.sh
[0.103s] -- Up-to-date: /home/star/program/real/programming/grinding/ros2_build_ws/install/feixi_ros2_control/share/feixi_ros2_control/environment/path.dsv
[0.103s] -- Up-to-date: /home/star/program/real/programming/grinding/ros2_build_ws/install/feixi_ros2_control/share/feixi_ros2_control/local_setup.bash
[0.103s] -- Up-to-date: /home/star/program/real/programming/grinding/ros2_build_ws/install/feixi_ros2_control/share/feixi_ros2_control/local_setup.sh
[0.103s] -- Up-to-date: /home/star/program/real/programming/grinding/ros2_build_ws/install/feixi_ros2_control/share/feixi_ros2_control/local_setup.zsh
[0.103s] -- Up-to-date: /home/star/program/real/programming/grinding/ros2_build_ws/install/feixi_ros2_control/share/feixi_ros2_control/local_setup.dsv
[0.103s] -- Installing: /home/star/program/real/programming/grinding/ros2_build_ws/install/feixi_ros2_control/share/feixi_ros2_control/package.dsv
[0.103s] -- Up-to-date: /home/star/program/real/programming/grinding/ros2_build_ws/install/feixi_ros2_control/share/ament_index/resource_index/packages/feixi_ros2_control
[0.103s] -- Up-to-date: /home/star/program/real/programming/grinding/ros2_build_ws/install/feixi_ros2_control/share/ament_index/resource_index/hardware_interface__pluginlib__plugin/feixi_ros2_control
[0.103s] -- Up-to-date: /home/star/program/real/programming/grinding/ros2_build_ws/install/feixi_ros2_control/share/feixi_ros2_control/cmake/ament_cmake_export_include_directories-extras.cmake
[0.103s] -- Up-to-date: /home/star/program/real/programming/grinding/ros2_build_ws/install/feixi_ros2_control/share/feixi_ros2_control/cmake/ament_cmake_export_dependencies-extras.cmake
[0.103s] -- Up-to-date: /home/star/program/real/programming/grinding/ros2_build_ws/install/feixi_ros2_control/share/feixi_ros2_control/cmake/ament_cmake_export_libraries-extras.cmake
[0.104s] -- Up-to-date: /home/star/program/real/programming/grinding/ros2_build_ws/install/feixi_ros2_control/share/feixi_ros2_control/cmake/feixi_ros2_controlConfig.cmake
[0.104s] -- Up-to-date: /home/star/program/real/programming/grinding/ros2_build_ws/install/feixi_ros2_control/share/feixi_ros2_control/cmake/feixi_ros2_controlConfig-version.cmake
[0.104s] -- Up-to-date: /home/star/program/real/programming/grinding/ros2_build_ws/install/feixi_ros2_control/share/feixi_ros2_control/package.xml
[0.104s] Invoked command in '/home/star/program/real/programming/grinding/ros2_build_ws/build/feixi_ros2_control' returned '0': CMAKE_PREFIX_PATH=${CMAKE_PREFIX_PATH}:/opt/ros/jazzy DEBUGINFOD_URLS=https://debuginfod.ubuntu.com /usr/bin/cmake --install /home/star/program/real/programming/grinding/ros2_build_ws/build/feixi_ros2_control
