[0.000000] (-) TimerEvent: {}
[0.000141] (feixi_ros2_control) JobQueued: {'identifier': 'feixi_ros2_control', 'dependencies': OrderedDict()}
[0.000362] (feixi_ros2_control) JobStarted: {'identifier': 'feixi_ros2_control'}
[0.006292] (feixi_ros2_control) JobProgress: {'identifier': 'feixi_ros2_control', 'progress': 'cmake'}
[0.007103] (feixi_ros2_control) Command: {'cmd': ['/usr/bin/cmake', '/home/star/program/real/programming/grinding/ros2_build_ws/src/feixi_ros2_control', '-DCMAKE_INSTALL_PREFIX=/home/star/program/real/programming/grinding/ros2_build_ws/install/feixi_ros2_control'], 'cwd': '/home/star/program/real/programming/grinding/ros2_build_ws/build/feixi_ros2_control', 'env': OrderedDict({'GJS_DEBUG_TOPICS': 'JS ERROR;JS LOG', 'npm_config_devdir': '/tmp/cursor-sandbox-cache/38a69e94157fa1e965d8138afaf05ecb/node-gyp', 'LESSOPEN': '| /usr/bin/lesspipe %s', 'VSCODE_CWD': '/home/star', 'CURSOR_EXTENSION_HOST_ROLE': 'agent-exec', 'VSCODE_ESM_ENTRYPOINT': 'vs/workbench/api/node/extensionHostProcess', 'PUPPETEER_CACHE_DIR': '/tmp/cursor-sandbox-cache/38a69e94157fa1e965d8138afaf05ecb/puppeteer', 'USER': 'star', 'VSCODE_NLS_CONFIG': '{"userLocale":"en-us","osLocale":"zh-cn","resolvedLanguage":"en","defaultMessagesFile":"/usr/share/cursor/resources/app/out/nls.messages.json","locale":"en-us","availableLanguages":{}}', 'GZ_CONFIG_PATH': '/opt/ros/jazzy/opt/sdformat_vendor/share/gz', 'CARGO_TARGET_DIR': '/tmp/cursor-sandbox-cache/38a69e94157fa1e965d8138afaf05ecb/cargo-target', 'CCACHE_DIR': '/tmp/cursor-sandbox-cache/38a69e94157fa1e965d8138afaf05ecb/ccache', 'VSCODE_HANDLES_UNCAUGHT_ERRORS': 'true', 'XDG_SESSION_TYPE': 'x11', 'CURSOR_RIPGREP_PATH': '/usr/share/cursor/resources/app/node_modules/@vscode/ripgrep/bin/rg', 'PIP_CACHE_DIR': '/tmp/cursor-sandbox-cache/38a69e94157fa1e965d8138afaf05ecb/pip', 'NUGET_PACKAGES': '/tmp/cursor-sandbox-cache/38a69e94157fa1e965d8138afaf05ecb/nuget', 'HOMEBREW_CACHE': '/tmp/cursor-sandbox-cache/38a69e94157fa1e965d8138afaf05ecb/homebrew', 'CLUTTER_DISABLE_MIPMAPPED_TEXT': '1', 'SHLVL': '1', 'LD_LIBRARY_PATH': '/home/star/program/real/programming/grinding/ros2_build_ws/install/feixi_ros2_control/lib:/home/star/mujoco/lib:/opt/ros/jazzy/opt/sdformat_vendor/lib:/opt/ros/jazzy/opt/rviz_ogre_vendor/lib:/opt/ros/jazzy/lib/x86_64-linux-gnu:/opt/ros/jazzy/opt/gz_math_vendor/lib:/opt/ros/jazzy/opt/gz_utils_vendor/lib:/opt/ros/jazzy/opt/gz_tools_vendor/lib:/opt/ros/jazzy/opt/gz_cmake_vendor/lib:/opt/ros/jazzy/lib:/home/star/mujoco/lib::/home/star/.mujoco/mujoco210/bin:/home/star/.mujoco/mujoco210/bin', 'HOME': '/home/star', 'CHROME_DESKTOP': 'cursor.desktop', 'OLDPWD': '/home/star/program/real/programming/grinding/ros2_build_ws', 'DESKTOP_SESSION': 'ubuntu', 'VSCODE_IPC_HOOK': '/run/user/1000/vscode-f9916691-3.2.-main.sock', 'GIO_LAUNCHED_DESKTOP_FILE': '/usr/share/applications/cursor.desktop', 'ROS_PYTHON_VERSION': '3', 'GNOME_SHELL_SESSION_MODE': 'ubuntu', 'GTK_MODULES': 'gail:atk-bridge', 'CURSOR_ORIG_UID': '1000', 'CURSOR_WORKSPACE_LABEL': 'grinding', 'MANAGERPID': '2196', 'SYSTEMD_EXEC_PID': '2513', 'ROS_LOG_DIR': '/tmp/ros2_smoke', 'GSM_SKIP_SSH_AGENT_WORKAROUND': 'true', 'NO_COLOR': '1', 'CONDA_PKGS_DIRS': '/tmp/cursor-sandbox-cache/38a69e94157fa1e965d8138afaf05ecb/conda', 'DBUS_SESSION_BUS_ADDRESS': 'unix:path=/run/user/1000/bus', 'GIO_LAUNCHED_DESKTOP_FILE_PID': '7472', 'VSCODE_CRASH_REPORTER_PROCESS_TYPE': 'extensionHost', 'DEBUGINFOD_URLS': 'https://debuginfod.ubuntu.com', 'COMPOSER_HOME': '/tmp/cursor-sandbox-cache/38a69e94157fa1e965d8138afaf05ecb/composer', 'COLCON_PREFIX_PATH': '/home/star/program/real/programming/grinding/ros2_build_ws/install', 'ROS_DISTRO': 'jazzy', 'LOGNAME': 'star', 'FORCE_COLOR': '0', 'JOURNAL_STREAM': '9:30410', 'BUN_INSTALL_CACHE_DIR': '/tmp/cursor-sandbox-cache/38a69e94157fa1e965d8138afaf05ecb/bun', '_': '/usr/bin/colcon', 'ROS_VERSION': '2', 'MEMORY_PRESSURE_WATCH': '/sys/fs/cgroup/user.slice/user-1000.slice/user@1000.service/session.slice/org.gnome.Shell@x11.service/memory.pressure', 'CURSOR_LAYOUT': 'unifiedAgent', 'GOMODCACHE': '/tmp/cursor-sandbox-cache/38a69e94157fa1e965d8138afaf05ecb/go-mod', 'XDG_SESSION_CLASS': 'user', 'USERNAME': 'star', 'CP_HOME_DIR': '/tmp/cursor-sandbox-cache/38a69e94157fa1e965d8138afaf05ecb/cocoapods', 'TERM': 'dumb', 'GNOME_DESKTOP_SESSION_ID': 'this-is-deprecated', 'FC_FONTATIONS': '1', 'WINDOWPATH': '2', 'POETRY_CACHE_DIR': '/tmp/cursor-sandbox-cache/38a69e94157fa1e965d8138afaf05ecb/poetry', 'PATH': '/usr/share/cursor/resources/app/resources/helpers:/opt/ros/jazzy/opt/gz_tools_vendor/bin:/opt/ros/jazzy/bin:/usr/local/sbin:/usr/local/bin:/usr/sbin:/usr/bin:/sbin:/bin:/usr/games:/usr/local/games:/snap/bin:/snap/bin', 'SESSION_MANAGER': 'local/star-host:@/tmp/.ICE-unix/2483,unix/star-host:/tmp/.ICE-unix/2483', 'YARN_CACHE_FOLDER': '/tmp/cursor-sandbox-cache/38a69e94157fa1e965d8138afaf05ecb/yarn', 'INVOCATION_ID': '74c00cd418c441e3bb318744b3d91e09', 'UV_CACHE_DIR': '/tmp/cursor-sandbox-cache/38a69e94157fa1e965d8138afaf05ecb/uv', 'XDG_MENU_PREFIX': 'gnome-', 'VSCODE_PROCESS_TITLE': 'extension-host (agent-exec) grinding [1-4]', 'MUJOCO_DIR': '/home/star/mujoco', 'PLAYWRIGHT_BROWSERS_PATH': '/tmp/cursor-sandbox-cache/38a69e94157fa1e965d8138afaf05ecb/playwright', 'XDG_RUNTIME_DIR': '/run/user/1000', 'BUNDLE_PATH': '/tmp/cursor-sandbox-cache/38a69e94157fa1e965d8138afaf05ecb/bundle', 'GDK_BACKEND': 'x11', 'MUJOCO_PY_MUJOCO_PATH': '/home/star/.mujoco/mujoco210', 'CURSOR_AGENT': '1', 'DISPLAY': ':1', 'LANG': 'zh_CN.UTF-8', 'XDG_CURRENT_DESKTOP': 'ubuntu:GNOME', 'NX_CACHE_DIRECTORY': '/tmp/cursor-sandbox-cache/38a69e94157fa1e965d8138afaf05ecb/nx', 'XMODIFIERS': '@im=ibus', 'XDG_SESSION_DESKTOP': 'ubuntu', 'XAUTHORITY': '/run/user/1000/gdm/Xauthority', 'LS_COLORS': '', 'SBX_CHROME_API_RQ': '1', 'CYPRESS_CACHE_FOLDER': '/tmp/cursor-sandbox-cache/38a69e94157fa1e965d8138afaf05ecb/cypress', 'SSH_AUTH_SOCK': '/run/user/1000/keyring/ssh', 'PNPM_STORE_PATH': '/tmp/cursor-sandbox-cache/38a69e94157fa1e965d8138afaf05ecb/pnpm-store', 'AMENT_PREFIX_PATH': '/home/star/program/real/programming/grinding/ros2_build_ws/install/feixi_ros2_control:/opt/ros/jazzy', 'SHELL': '/bin/bash', 'GOCACHE': '/tmp/cursor-sandbox-cache/38a69e94157fa1e965d8138afaf05ecb/go-build', 'QT_ACCESSIBILITY': '1', 'ELECTRON_RUN_AS_NODE': '1', 'GDMSESSION': 'ubuntu', 'LESSCLOSE': '/usr/bin/lesspipe %s %s', 'GPG_AGENT_INFO': '/run/user/1000/gnupg/S.gpg-agent:0:1', 'GJS_DEBUG_OUTPUT': 'stderr', 'ROS_AUTOMATIC_DISCOVERY_RANGE': 'SUBNET', 'QT_IM_MODULE': 'ibus', 'NPM_CONFIG_CACHE': '/tmp/cursor-sandbox-cache/38a69e94157fa1e965d8138afaf05ecb/npm', 'PWD': '/home/star/program/real/programming/grinding/ros2_build_ws/build/feixi_ros2_control', 'GRADLE_USER_HOME': '/tmp/cursor-sandbox-cache/38a69e94157fa1e965d8138afaf05ecb/gradle', 'XDG_CONFIG_DIRS': '/etc/xdg/xdg-ubuntu:/etc/xdg', 'VSCODE_CODE_CACHE_PATH': '/home/star/.config/Cursor/CachedData/e9ee1339915a927dfb2df4a836dd9c8337e17cc0', 'CURSOR_ORIG_GID': '1000', 'XDG_DATA_DIRS': '/usr/share/ubuntu:/usr/share/gnome:/usr/local/share/:/usr/share/:/var/lib/snapd/desktop', 'PYTHONPATH': '/opt/ros/jazzy/lib/python3.12/site-packages', 'TURBO_CACHE_DIR': '/tmp/cursor-sandbox-cache/38a69e94157fa1e965d8138afaf05ecb/turbo', 'COLCON': '1', '_ZO_DOCTOR': '0', 'MEMORY_PRESSURE_WRITE': 'c29tZSAyMDAwMDAgMjAwMDAwMAA=', 'GEM_SPEC_CACHE': '/tmp/cursor-sandbox-cache/38a69e94157fa1e965d8138afaf05ecb/gem-specs', 'CMAKE_PREFIX_PATH': '/home/star/program/real/programming/grinding/ros2_build_ws/install/feixi_ros2_control:/opt/ros/jazzy/opt/sdformat_vendor:/opt/ros/jazzy/opt/gz_math_vendor:/opt/ros/jazzy/opt/gz_utils_vendor:/opt/ros/jazzy/opt/gz_tools_vendor:/opt/ros/jazzy/opt/gz_cmake_vendor:/opt/ros/jazzy', 'VSCODE_PID': '7472'}), 'shell': False}
[0.018607] (feixi_ros2_control) StdoutLine: {'line': b'-- Found ament_cmake: 2.5.6 (/opt/ros/jazzy/share/ament_cmake/cmake)\n'}
[0.099795] (-) TimerEvent: {}
[0.187009] (feixi_ros2_control) StdoutLine: {'line': b'-- Found hardware_interface: 4.44.0 (/opt/ros/jazzy/share/hardware_interface/cmake)\n'}
[0.199882] (-) TimerEvent: {}
[0.207344] (feixi_ros2_control) StdoutLine: {'line': b'-- Found rosidl_generator_c: 4.6.7 (/opt/ros/jazzy/share/rosidl_generator_c/cmake)\n'}
[0.212957] (feixi_ros2_control) StdoutLine: {'line': b'-- Found rosidl_generator_cpp: 4.6.7 (/opt/ros/jazzy/share/rosidl_generator_cpp/cmake)\n'}
[0.220991] (feixi_ros2_control) StdoutLine: {'line': b'-- Using all available rosidl_typesupport_c: rosidl_typesupport_fastrtps_c;rosidl_typesupport_introspection_c\n'}
[0.230527] (feixi_ros2_control) StdoutLine: {'line': b'-- Using all available rosidl_typesupport_cpp: rosidl_typesupport_fastrtps_cpp;rosidl_typesupport_introspection_cpp\n'}
[0.299969] (-) TimerEvent: {}
[0.377409] (feixi_ros2_control) StdoutLine: {'line': b'-- Found TinyXML2 via Config file: /usr/lib/x86_64-linux-gnu/cmake/tinyxml2\n'}
[0.400079] (-) TimerEvent: {}
[0.404450] (feixi_ros2_control) StdoutLine: {'line': b'-- Found rmw_implementation_cmake: 7.3.3 (/opt/ros/jazzy/share/rmw_implementation_cmake/cmake)\n'}
[0.405418] (feixi_ros2_control) StdoutLine: {'line': b'-- Found rmw_fastrtps_cpp: 8.4.3 (/opt/ros/jazzy/share/rmw_fastrtps_cpp/cmake)\n'}
[0.418904] (feixi_ros2_control) StdoutLine: {'line': b'-- Found TinyXML2 via Config file: /usr/lib/x86_64-linux-gnu/cmake/tinyxml2\n'}
[0.426000] (feixi_ros2_control) StdoutLine: {'line': b'-- Found TinyXML2 via Config file: /usr/lib/x86_64-linux-gnu/cmake/tinyxml2\n'}
[0.438279] (feixi_ros2_control) StdoutLine: {'line': b'-- Found TinyXML2 via Config file: /usr/lib/x86_64-linux-gnu/cmake/tinyxml2\n'}
[0.445210] (feixi_ros2_control) StdoutLine: {'line': b'-- Found TinyXML2 via Config file: /usr/lib/x86_64-linux-gnu/cmake/tinyxml2\n'}
[0.452424] (feixi_ros2_control) StdoutLine: {'line': b"-- Using RMW implementation 'rmw_fastrtps_cpp' as default\n"}
[0.500175] (-) TimerEvent: {}
[0.600408] (-) TimerEvent: {}
[0.606797] (feixi_ros2_control) StdoutLine: {'line': b'-- Configuring done (0.6s)\n'}
[0.620979] (feixi_ros2_control) StdoutLine: {'line': b'-- Generating done (0.0s)\n'}
[0.624140] (feixi_ros2_control) StdoutLine: {'line': b'-- Build files have been written to: /home/star/program/real/programming/grinding/ros2_build_ws/build/feixi_ros2_control\n'}
[0.630737] (feixi_ros2_control) CommandEnded: {'returncode': 0}
[0.631163] (feixi_ros2_control) JobProgress: {'identifier': 'feixi_ros2_control', 'progress': 'build'}
[0.631177] (feixi_ros2_control) Command: {'cmd': ['/usr/bin/cmake', '--build', '/home/star/program/real/programming/grinding/ros2_build_ws/build/feixi_ros2_control', '--', '-j20', '-l20'], 'cwd': '/home/star/program/real/programming/grinding/ros2_build_ws/build/feixi_ros2_control', 'env': OrderedDict({'GJS_DEBUG_TOPICS': 'JS ERROR;JS LOG', 'npm_config_devdir': '/tmp/cursor-sandbox-cache/38a69e94157fa1e965d8138afaf05ecb/node-gyp', 'LESSOPEN': '| /usr/bin/lesspipe %s', 'VSCODE_CWD': '/home/star', 'CURSOR_EXTENSION_HOST_ROLE': 'agent-exec', 'VSCODE_ESM_ENTRYPOINT': 'vs/workbench/api/node/extensionHostProcess', 'PUPPETEER_CACHE_DIR': '/tmp/cursor-sandbox-cache/38a69e94157fa1e965d8138afaf05ecb/puppeteer', 'USER': 'star', 'VSCODE_NLS_CONFIG': '{"userLocale":"en-us","osLocale":"zh-cn","resolvedLanguage":"en","defaultMessagesFile":"/usr/share/cursor/resources/app/out/nls.messages.json","locale":"en-us","availableLanguages":{}}', 'GZ_CONFIG_PATH': '/opt/ros/jazzy/opt/sdformat_vendor/share/gz', 'CARGO_TARGET_DIR': '/tmp/cursor-sandbox-cache/38a69e94157fa1e965d8138afaf05ecb/cargo-target', 'CCACHE_DIR': '/tmp/cursor-sandbox-cache/38a69e94157fa1e965d8138afaf05ecb/ccache', 'VSCODE_HANDLES_UNCAUGHT_ERRORS': 'true', 'XDG_SESSION_TYPE': 'x11', 'CURSOR_RIPGREP_PATH': '/usr/share/cursor/resources/app/node_modules/@vscode/ripgrep/bin/rg', 'PIP_CACHE_DIR': '/tmp/cursor-sandbox-cache/38a69e94157fa1e965d8138afaf05ecb/pip', 'NUGET_PACKAGES': '/tmp/cursor-sandbox-cache/38a69e94157fa1e965d8138afaf05ecb/nuget', 'HOMEBREW_CACHE': '/tmp/cursor-sandbox-cache/38a69e94157fa1e965d8138afaf05ecb/homebrew', 'CLUTTER_DISABLE_MIPMAPPED_TEXT': '1', 'SHLVL': '1', 'LD_LIBRARY_PATH': '/home/star/program/real/programming/grinding/ros2_build_ws/install/feixi_ros2_control/lib:/home/star/mujoco/lib:/opt/ros/jazzy/opt/sdformat_vendor/lib:/opt/ros/jazzy/opt/rviz_ogre_vendor/lib:/opt/ros/jazzy/lib/x86_64-linux-gnu:/opt/ros/jazzy/opt/gz_math_vendor/lib:/opt/ros/jazzy/opt/gz_utils_vendor/lib:/opt/ros/jazzy/opt/gz_tools_vendor/lib:/opt/ros/jazzy/opt/gz_cmake_vendor/lib:/opt/ros/jazzy/lib:/home/star/mujoco/lib::/home/star/.mujoco/mujoco210/bin:/home/star/.mujoco/mujoco210/bin', 'HOME': '/home/star', 'CHROME_DESKTOP': 'cursor.desktop', 'OLDPWD': '/home/star/program/real/programming/grinding/ros2_build_ws', 'DESKTOP_SESSION': 'ubuntu', 'VSCODE_IPC_HOOK': '/run/user/1000/vscode-f9916691-3.2.-main.sock', 'GIO_LAUNCHED_DESKTOP_FILE': '/usr/share/applications/cursor.desktop', 'ROS_PYTHON_VERSION': '3', 'GNOME_SHELL_SESSION_MODE': 'ubuntu', 'GTK_MODULES': 'gail:atk-bridge', 'CURSOR_ORIG_UID': '1000', 'CURSOR_WORKSPACE_LABEL': 'grinding', 'MANAGERPID': '2196', 'SYSTEMD_EXEC_PID': '2513', 'ROS_LOG_DIR': '/tmp/ros2_smoke', 'GSM_SKIP_SSH_AGENT_WORKAROUND': 'true', 'NO_COLOR': '1', 'CONDA_PKGS_DIRS': '/tmp/cursor-sandbox-cache/38a69e94157fa1e965d8138afaf05ecb/conda', 'DBUS_SESSION_BUS_ADDRESS': 'unix:path=/run/user/1000/bus', 'GIO_LAUNCHED_DESKTOP_FILE_PID': '7472', 'VSCODE_CRASH_REPORTER_PROCESS_TYPE': 'extensionHost', 'DEBUGINFOD_URLS': 'https://debuginfod.ubuntu.com', 'COMPOSER_HOME': '/tmp/cursor-sandbox-cache/38a69e94157fa1e965d8138afaf05ecb/composer', 'COLCON_PREFIX_PATH': '/home/star/program/real/programming/grinding/ros2_build_ws/install', 'ROS_DISTRO': 'jazzy', 'LOGNAME': 'star', 'FORCE_COLOR': '0', 'JOURNAL_STREAM': '9:30410', 'BUN_INSTALL_CACHE_DIR': '/tmp/cursor-sandbox-cache/38a69e94157fa1e965d8138afaf05ecb/bun', '_': '/usr/bin/colcon', 'ROS_VERSION': '2', 'MEMORY_PRESSURE_WATCH': '/sys/fs/cgroup/user.slice/user-1000.slice/user@1000.service/session.slice/org.gnome.Shell@x11.service/memory.pressure', 'CURSOR_LAYOUT': 'unifiedAgent', 'GOMODCACHE': '/tmp/cursor-sandbox-cache/38a69e94157fa1e965d8138afaf05ecb/go-mod', 'XDG_SESSION_CLASS': 'user', 'USERNAME': 'star', 'CP_HOME_DIR': '/tmp/cursor-sandbox-cache/38a69e94157fa1e965d8138afaf05ecb/cocoapods', 'TERM': 'dumb', 'GNOME_DESKTOP_SESSION_ID': 'this-is-deprecated', 'FC_FONTATIONS': '1', 'WINDOWPATH': '2', 'POETRY_CACHE_DIR': '/tmp/cursor-sandbox-cache/38a69e94157fa1e965d8138afaf05ecb/poetry', 'PATH': '/usr/share/cursor/resources/app/resources/helpers:/opt/ros/jazzy/opt/gz_tools_vendor/bin:/opt/ros/jazzy/bin:/usr/local/sbin:/usr/local/bin:/usr/sbin:/usr/bin:/sbin:/bin:/usr/games:/usr/local/games:/snap/bin:/snap/bin', 'SESSION_MANAGER': 'local/star-host:@/tmp/.ICE-unix/2483,unix/star-host:/tmp/.ICE-unix/2483', 'YARN_CACHE_FOLDER': '/tmp/cursor-sandbox-cache/38a69e94157fa1e965d8138afaf05ecb/yarn', 'INVOCATION_ID': '74c00cd418c441e3bb318744b3d91e09', 'UV_CACHE_DIR': '/tmp/cursor-sandbox-cache/38a69e94157fa1e965d8138afaf05ecb/uv', 'XDG_MENU_PREFIX': 'gnome-', 'VSCODE_PROCESS_TITLE': 'extension-host (agent-exec) grinding [1-4]', 'MUJOCO_DIR': '/home/star/mujoco', 'PLAYWRIGHT_BROWSERS_PATH': '/tmp/cursor-sandbox-cache/38a69e94157fa1e965d8138afaf05ecb/playwright', 'XDG_RUNTIME_DIR': '/run/user/1000', 'BUNDLE_PATH': '/tmp/cursor-sandbox-cache/38a69e94157fa1e965d8138afaf05ecb/bundle', 'GDK_BACKEND': 'x11', 'MUJOCO_PY_MUJOCO_PATH': '/home/star/.mujoco/mujoco210', 'CURSOR_AGENT': '1', 'DISPLAY': ':1', 'LANG': 'zh_CN.UTF-8', 'XDG_CURRENT_DESKTOP': 'ubuntu:GNOME', 'NX_CACHE_DIRECTORY': '/tmp/cursor-sandbox-cache/38a69e94157fa1e965d8138afaf05ecb/nx', 'XMODIFIERS': '@im=ibus', 'XDG_SESSION_DESKTOP': 'ubuntu', 'XAUTHORITY': '/run/user/1000/gdm/Xauthority', 'LS_COLORS': '', 'SBX_CHROME_API_RQ': '1', 'CYPRESS_CACHE_FOLDER': '/tmp/cursor-sandbox-cache/38a69e94157fa1e965d8138afaf05ecb/cypress', 'SSH_AUTH_SOCK': '/run/user/1000/keyring/ssh', 'PNPM_STORE_PATH': '/tmp/cursor-sandbox-cache/38a69e94157fa1e965d8138afaf05ecb/pnpm-store', 'AMENT_PREFIX_PATH': '/home/star/program/real/programming/grinding/ros2_build_ws/install/feixi_ros2_control:/opt/ros/jazzy', 'SHELL': '/bin/bash', 'GOCACHE': '/tmp/cursor-sandbox-cache/38a69e94157fa1e965d8138afaf05ecb/go-build', 'QT_ACCESSIBILITY': '1', 'ELECTRON_RUN_AS_NODE': '1', 'GDMSESSION': 'ubuntu', 'LESSCLOSE': '/usr/bin/lesspipe %s %s', 'GPG_AGENT_INFO': '/run/user/1000/gnupg/S.gpg-agent:0:1', 'GJS_DEBUG_OUTPUT': 'stderr', 'ROS_AUTOMATIC_DISCOVERY_RANGE': 'SUBNET', 'QT_IM_MODULE': 'ibus', 'NPM_CONFIG_CACHE': '/tmp/cursor-sandbox-cache/38a69e94157fa1e965d8138afaf05ecb/npm', 'PWD': '/home/star/program/real/programming/grinding/ros2_build_ws/build/feixi_ros2_control', 'GRADLE_USER_HOME': '/tmp/cursor-sandbox-cache/38a69e94157fa1e965d8138afaf05ecb/gradle', 'XDG_CONFIG_DIRS': '/etc/xdg/xdg-ubuntu:/etc/xdg', 'VSCODE_CODE_CACHE_PATH': '/home/star/.config/Cursor/CachedData/e9ee1339915a927dfb2df4a836dd9c8337e17cc0', 'CURSOR_ORIG_GID': '1000', 'XDG_DATA_DIRS': '/usr/share/ubuntu:/usr/share/gnome:/usr/local/share/:/usr/share/:/var/lib/snapd/desktop', 'PYTHONPATH': '/opt/ros/jazzy/lib/python3.12/site-packages', 'TURBO_CACHE_DIR': '/tmp/cursor-sandbox-cache/38a69e94157fa1e965d8138afaf05ecb/turbo', 'COLCON': '1', '_ZO_DOCTOR': '0', 'MEMORY_PRESSURE_WRITE': 'c29tZSAyMDAwMDAgMjAwMDAwMAA=', 'GEM_SPEC_CACHE': '/tmp/cursor-sandbox-cache/38a69e94157fa1e965d8138afaf05ecb/gem-specs', 'CMAKE_PREFIX_PATH': '/home/star/program/real/programming/grinding/ros2_build_ws/install/feixi_ros2_control:/opt/ros/jazzy/opt/sdformat_vendor:/opt/ros/jazzy/opt/gz_math_vendor:/opt/ros/jazzy/opt/gz_utils_vendor:/opt/ros/jazzy/opt/gz_tools_vendor:/opt/ros/jazzy/opt/gz_cmake_vendor:/opt/ros/jazzy', 'VSCODE_PID': '7472'}), 'shell': False}
[0.697600] (feixi_ros2_control) StdoutLine: {'line': b'[ 33%] Building CXX object CMakeFiles/feixi_mujoco_hardware_plugin.dir/src/feixi_mujoco_hardware.cpp.o\n'}
[0.700495] (-) TimerEvent: {}
[0.800616] (-) TimerEvent: {}
[0.900790] (-) TimerEvent: {}
[1.001044] (-) TimerEvent: {}
[1.101205] (-) TimerEvent: {}
[1.201381] (-) TimerEvent: {}
[1.301524] (-) TimerEvent: {}
[1.401697] (-) TimerEvent: {}
[1.501878] (-) TimerEvent: {}
[1.602062] (-) TimerEvent: {}
[1.702303] (-) TimerEvent: {}
[1.802490] (-) TimerEvent: {}
[1.902655] (-) TimerEvent: {}
[2.002828] (-) TimerEvent: {}
[2.102993] (-) TimerEvent: {}
[2.203172] (-) TimerEvent: {}
[2.303358] (-) TimerEvent: {}
[2.403541] (-) TimerEvent: {}
[2.503715] (-) TimerEvent: {}
[2.603897] (-) TimerEvent: {}
[2.704087] (-) TimerEvent: {}
[2.804285] (-) TimerEvent: {}
[2.904481] (-) TimerEvent: {}
[3.004674] (-) TimerEvent: {}
[3.104870] (-) TimerEvent: {}
[3.205061] (-) TimerEvent: {}
[3.305250] (-) TimerEvent: {}
[3.405463] (-) TimerEvent: {}
[3.505643] (-) TimerEvent: {}
[3.605847] (-) TimerEvent: {}
[3.706021] (-) TimerEvent: {}
[3.806198] (-) TimerEvent: {}
[3.906390] (-) TimerEvent: {}
[3.943831] (feixi_ros2_control) StdoutLine: {'line': b'[ 66%] Linking CXX shared library libfeixi_mujoco_hardware_plugin.so\n'}
[4.006481] (-) TimerEvent: {}
[4.076070] (feixi_ros2_control) StdoutLine: {'line': b'[100%] Built target feixi_mujoco_hardware_plugin\n'}
[4.086225] (feixi_ros2_control) CommandEnded: {'returncode': 0}
[4.086796] (feixi_ros2_control) JobProgress: {'identifier': 'feixi_ros2_control', 'progress': 'install'}
[4.102716] (feixi_ros2_control) Command: {'cmd': ['/usr/bin/cmake', '--install', '/home/star/program/real/programming/grinding/ros2_build_ws/build/feixi_ros2_control'], 'cwd': '/home/star/program/real/programming/grinding/ros2_build_ws/build/feixi_ros2_control', 'env': OrderedDict({'GJS_DEBUG_TOPICS': 'JS ERROR;JS LOG', 'npm_config_devdir': '/tmp/cursor-sandbox-cache/38a69e94157fa1e965d8138afaf05ecb/node-gyp', 'LESSOPEN': '| /usr/bin/lesspipe %s', 'VSCODE_CWD': '/home/star', 'CURSOR_EXTENSION_HOST_ROLE': 'agent-exec', 'VSCODE_ESM_ENTRYPOINT': 'vs/workbench/api/node/extensionHostProcess', 'PUPPETEER_CACHE_DIR': '/tmp/cursor-sandbox-cache/38a69e94157fa1e965d8138afaf05ecb/puppeteer', 'USER': 'star', 'VSCODE_NLS_CONFIG': '{"userLocale":"en-us","osLocale":"zh-cn","resolvedLanguage":"en","defaultMessagesFile":"/usr/share/cursor/resources/app/out/nls.messages.json","locale":"en-us","availableLanguages":{}}', 'GZ_CONFIG_PATH': '/opt/ros/jazzy/opt/sdformat_vendor/share/gz', 'CARGO_TARGET_DIR': '/tmp/cursor-sandbox-cache/38a69e94157fa1e965d8138afaf05ecb/cargo-target', 'CCACHE_DIR': '/tmp/cursor-sandbox-cache/38a69e94157fa1e965d8138afaf05ecb/ccache', 'VSCODE_HANDLES_UNCAUGHT_ERRORS': 'true', 'XDG_SESSION_TYPE': 'x11', 'CURSOR_RIPGREP_PATH': '/usr/share/cursor/resources/app/node_modules/@vscode/ripgrep/bin/rg', 'PIP_CACHE_DIR': '/tmp/cursor-sandbox-cache/38a69e94157fa1e965d8138afaf05ecb/pip', 'NUGET_PACKAGES': '/tmp/cursor-sandbox-cache/38a69e94157fa1e965d8138afaf05ecb/nuget', 'HOMEBREW_CACHE': '/tmp/cursor-sandbox-cache/38a69e94157fa1e965d8138afaf05ecb/homebrew', 'CLUTTER_DISABLE_MIPMAPPED_TEXT': '1', 'SHLVL': '1', 'LD_LIBRARY_PATH': '/home/star/program/real/programming/grinding/ros2_build_ws/install/feixi_ros2_control/lib:/home/star/mujoco/lib:/opt/ros/jazzy/opt/sdformat_vendor/lib:/opt/ros/jazzy/opt/rviz_ogre_vendor/lib:/opt/ros/jazzy/lib/x86_64-linux-gnu:/opt/ros/jazzy/opt/gz_math_vendor/lib:/opt/ros/jazzy/opt/gz_utils_vendor/lib:/opt/ros/jazzy/opt/gz_tools_vendor/lib:/opt/ros/jazzy/opt/gz_cmake_vendor/lib:/opt/ros/jazzy/lib:/home/star/mujoco/lib::/home/star/.mujoco/mujoco210/bin:/home/star/.mujoco/mujoco210/bin', 'HOME': '/home/star', 'CHROME_DESKTOP': 'cursor.desktop', 'OLDPWD': '/home/star/program/real/programming/grinding/ros2_build_ws', 'DESKTOP_SESSION': 'ubuntu', 'VSCODE_IPC_HOOK': '/run/user/1000/vscode-f9916691-3.2.-main.sock', 'GIO_LAUNCHED_DESKTOP_FILE': '/usr/share/applications/cursor.desktop', 'ROS_PYTHON_VERSION': '3', 'GNOME_SHELL_SESSION_MODE': 'ubuntu', 'GTK_MODULES': 'gail:atk-bridge', 'CURSOR_ORIG_UID': '1000', 'CURSOR_WORKSPACE_LABEL': 'grinding', 'MANAGERPID': '2196', 'SYSTEMD_EXEC_PID': '2513', 'ROS_LOG_DIR': '/tmp/ros2_smoke', 'GSM_SKIP_SSH_AGENT_WORKAROUND': 'true', 'NO_COLOR': '1', 'CONDA_PKGS_DIRS': '/tmp/cursor-sandbox-cache/38a69e94157fa1e965d8138afaf05ecb/conda', 'DBUS_SESSION_BUS_ADDRESS': 'unix:path=/run/user/1000/bus', 'GIO_LAUNCHED_DESKTOP_FILE_PID': '7472', 'VSCODE_CRASH_REPORTER_PROCESS_TYPE': 'extensionHost', 'DEBUGINFOD_URLS': 'https://debuginfod.ubuntu.com', 'COMPOSER_HOME': '/tmp/cursor-sandbox-cache/38a69e94157fa1e965d8138afaf05ecb/composer', 'COLCON_PREFIX_PATH': '/home/star/program/real/programming/grinding/ros2_build_ws/install', 'ROS_DISTRO': 'jazzy', 'LOGNAME': 'star', 'FORCE_COLOR': '0', 'JOURNAL_STREAM': '9:30410', 'BUN_INSTALL_CACHE_DIR': '/tmp/cursor-sandbox-cache/38a69e94157fa1e965d8138afaf05ecb/bun', '_': '/usr/bin/colcon', 'ROS_VERSION': '2', 'MEMORY_PRESSURE_WATCH': '/sys/fs/cgroup/user.slice/user-1000.slice/user@1000.service/session.slice/org.gnome.Shell@x11.service/memory.pressure', 'CURSOR_LAYOUT': 'unifiedAgent', 'GOMODCACHE': '/tmp/cursor-sandbox-cache/38a69e94157fa1e965d8138afaf05ecb/go-mod', 'XDG_SESSION_CLASS': 'user', 'USERNAME': 'star', 'CP_HOME_DIR': '/tmp/cursor-sandbox-cache/38a69e94157fa1e965d8138afaf05ecb/cocoapods', 'TERM': 'dumb', 'GNOME_DESKTOP_SESSION_ID': 'this-is-deprecated', 'FC_FONTATIONS': '1', 'WINDOWPATH': '2', 'POETRY_CACHE_DIR': '/tmp/cursor-sandbox-cache/38a69e94157fa1e965d8138afaf05ecb/poetry', 'PATH': '/usr/share/cursor/resources/app/resources/helpers:/opt/ros/jazzy/opt/gz_tools_vendor/bin:/opt/ros/jazzy/bin:/usr/local/sbin:/usr/local/bin:/usr/sbin:/usr/bin:/sbin:/bin:/usr/games:/usr/local/games:/snap/bin:/snap/bin', 'SESSION_MANAGER': 'local/star-host:@/tmp/.ICE-unix/2483,unix/star-host:/tmp/.ICE-unix/2483', 'YARN_CACHE_FOLDER': '/tmp/cursor-sandbox-cache/38a69e94157fa1e965d8138afaf05ecb/yarn', 'INVOCATION_ID': '74c00cd418c441e3bb318744b3d91e09', 'UV_CACHE_DIR': '/tmp/cursor-sandbox-cache/38a69e94157fa1e965d8138afaf05ecb/uv', 'XDG_MENU_PREFIX': 'gnome-', 'VSCODE_PROCESS_TITLE': 'extension-host (agent-exec) grinding [1-4]', 'MUJOCO_DIR': '/home/star/mujoco', 'PLAYWRIGHT_BROWSERS_PATH': '/tmp/cursor-sandbox-cache/38a69e94157fa1e965d8138afaf05ecb/playwright', 'XDG_RUNTIME_DIR': '/run/user/1000', 'BUNDLE_PATH': '/tmp/cursor-sandbox-cache/38a69e94157fa1e965d8138afaf05ecb/bundle', 'GDK_BACKEND': 'x11', 'MUJOCO_PY_MUJOCO_PATH': '/home/star/.mujoco/mujoco210', 'CURSOR_AGENT': '1', 'DISPLAY': ':1', 'LANG': 'zh_CN.UTF-8', 'XDG_CURRENT_DESKTOP': 'ubuntu:GNOME', 'NX_CACHE_DIRECTORY': '/tmp/cursor-sandbox-cache/38a69e94157fa1e965d8138afaf05ecb/nx', 'XMODIFIERS': '@im=ibus', 'XDG_SESSION_DESKTOP': 'ubuntu', 'XAUTHORITY': '/run/user/1000/gdm/Xauthority', 'LS_COLORS': '', 'SBX_CHROME_API_RQ': '1', 'CYPRESS_CACHE_FOLDER': '/tmp/cursor-sandbox-cache/38a69e94157fa1e965d8138afaf05ecb/cypress', 'SSH_AUTH_SOCK': '/run/user/1000/keyring/ssh', 'PNPM_STORE_PATH': '/tmp/cursor-sandbox-cache/38a69e94157fa1e965d8138afaf05ecb/pnpm-store', 'AMENT_PREFIX_PATH': '/home/star/program/real/programming/grinding/ros2_build_ws/install/feixi_ros2_control:/opt/ros/jazzy', 'SHELL': '/bin/bash', 'GOCACHE': '/tmp/cursor-sandbox-cache/38a69e94157fa1e965d8138afaf05ecb/go-build', 'QT_ACCESSIBILITY': '1', 'ELECTRON_RUN_AS_NODE': '1', 'GDMSESSION': 'ubuntu', 'LESSCLOSE': '/usr/bin/lesspipe %s %s', 'GPG_AGENT_INFO': '/run/user/1000/gnupg/S.gpg-agent:0:1', 'GJS_DEBUG_OUTPUT': 'stderr', 'ROS_AUTOMATIC_DISCOVERY_RANGE': 'SUBNET', 'QT_IM_MODULE': 'ibus', 'NPM_CONFIG_CACHE': '/tmp/cursor-sandbox-cache/38a69e94157fa1e965d8138afaf05ecb/npm', 'PWD': '/home/star/program/real/programming/grinding/ros2_build_ws/build/feixi_ros2_control', 'GRADLE_USER_HOME': '/tmp/cursor-sandbox-cache/38a69e94157fa1e965d8138afaf05ecb/gradle', 'XDG_CONFIG_DIRS': '/etc/xdg/xdg-ubuntu:/etc/xdg', 'VSCODE_CODE_CACHE_PATH': '/home/star/.config/Cursor/CachedData/e9ee1339915a927dfb2df4a836dd9c8337e17cc0', 'CURSOR_ORIG_GID': '1000', 'XDG_DATA_DIRS': '/usr/share/ubuntu:/usr/share/gnome:/usr/local/share/:/usr/share/:/var/lib/snapd/desktop', 'PYTHONPATH': '/opt/ros/jazzy/lib/python3.12/site-packages', 'TURBO_CACHE_DIR': '/tmp/cursor-sandbox-cache/38a69e94157fa1e965d8138afaf05ecb/turbo', 'COLCON': '1', '_ZO_DOCTOR': '0', 'MEMORY_PRESSURE_WRITE': 'c29tZSAyMDAwMDAgMjAwMDAwMAA=', 'GEM_SPEC_CACHE': '/tmp/cursor-sandbox-cache/38a69e94157fa1e965d8138afaf05ecb/gem-specs', 'CMAKE_PREFIX_PATH': '/home/star/program/real/programming/grinding/ros2_build_ws/install/feixi_ros2_control:/opt/ros/jazzy/opt/sdformat_vendor:/opt/ros/jazzy/opt/gz_math_vendor:/opt/ros/jazzy/opt/gz_utils_vendor:/opt/ros/jazzy/opt/gz_tools_vendor:/opt/ros/jazzy/opt/gz_cmake_vendor:/opt/ros/jazzy', 'VSCODE_PID': '7472'}), 'shell': False}
[4.106576] (-) TimerEvent: {}
[4.114074] (feixi_ros2_control) StdoutLine: {'line': b'-- Install configuration: "Release"\n'}
[4.114288] (feixi_ros2_control) StdoutLine: {'line': b'-- Up-to-date: /home/star/program/real/programming/grinding/ros2_build_ws/install/feixi_ros2_control/share/feixi_ros2_control/feixi_mujoco_hardware.xml\n'}
[4.114352] (feixi_ros2_control) StdoutLine: {'line': b'-- Up-to-date: /home/star/program/real/programming/grinding/ros2_build_ws/install/feixi_ros2_control/include\n'}
[4.114406] (feixi_ros2_control) StdoutLine: {'line': b'-- Up-to-date: /home/star/program/real/programming/grinding/ros2_build_ws/install/feixi_ros2_control/include/feixi_ros2_control\n'}
[4.114453] (feixi_ros2_control) StdoutLine: {'line': b'-- Up-to-date: /home/star/program/real/programming/grinding/ros2_build_ws/install/feixi_ros2_control/include/feixi_ros2_control/mj_view.hpp\n'}
[4.114509] (feixi_ros2_control) StdoutLine: {'line': b'-- Up-to-date: /home/star/program/real/programming/grinding/ros2_build_ws/install/feixi_ros2_control/include/feixi_ros2_control/feixi_mujoco_hardware.hpp\n'}
[4.114555] (feixi_ros2_control) StdoutLine: {'line': b'-- Installing: /home/star/program/real/programming/grinding/ros2_build_ws/install/feixi_ros2_control/lib/libfeixi_mujoco_hardware_plugin.so\n'}
[4.114680] (feixi_ros2_control) StdoutLine: {'line': b'-- Set non-toolchain portion of runtime path of "/home/star/program/real/programming/grinding/ros2_build_ws/install/feixi_ros2_control/lib/libfeixi_mujoco_hardware_plugin.so" to ""\n'}
[4.114779] (feixi_ros2_control) StdoutLine: {'line': b'-- Up-to-date: /home/star/program/real/programming/grinding/ros2_build_ws/install/feixi_ros2_control/share/feixi_ros2_control/urdf\n'}
[4.114830] (feixi_ros2_control) StdoutLine: {'line': b'-- Up-to-date: /home/star/program/real/programming/grinding/ros2_build_ws/install/feixi_ros2_control/share/feixi_ros2_control/urdf/feixi_mock.urdf.xacro\n'}
[4.114879] (feixi_ros2_control) StdoutLine: {'line': b'-- Up-to-date: /home/star/program/real/programming/grinding/ros2_build_ws/install/feixi_ros2_control/share/feixi_ros2_control/urdf/feixi.urdf.xacro\n'}
[4.115001] (feixi_ros2_control) StdoutLine: {'line': b'-- Up-to-date: /home/star/program/real/programming/grinding/ros2_build_ws/install/feixi_ros2_control/share/feixi_ros2_control/launch\n'}
[4.115048] (feixi_ros2_control) StdoutLine: {'line': b'-- Up-to-date: /home/star/program/real/programming/grinding/ros2_build_ws/install/feixi_ros2_control/share/feixi_ros2_control/launch/feixi_mujoco_ros2_control.launch.py\n'}
[4.115093] (feixi_ros2_control) StdoutLine: {'line': b'-- Up-to-date: /home/star/program/real/programming/grinding/ros2_build_ws/install/feixi_ros2_control/share/feixi_ros2_control/launch/feixi_mock_ros2_control.launch.py\n'}
[4.115161] (feixi_ros2_control) StdoutLine: {'line': b'-- Up-to-date: /home/star/program/real/programming/grinding/ros2_build_ws/install/feixi_ros2_control/share/feixi_ros2_control/config\n'}
[4.115207] (feixi_ros2_control) StdoutLine: {'line': b'-- Up-to-date: /home/star/program/real/programming/grinding/ros2_build_ws/install/feixi_ros2_control/share/feixi_ros2_control/config/feixi_forward_position_controller.yaml\n'}
[4.115253] (feixi_ros2_control) StdoutLine: {'line': b'-- Up-to-date: /home/star/program/real/programming/grinding/ros2_build_ws/install/feixi_ros2_control/share/feixi_ros2_control/config/feixi_joint_trajectory_arm7_mock.yaml\n'}
[4.115301] (feixi_ros2_control) StdoutLine: {'line': b'-- Up-to-date: /home/star/program/real/programming/grinding/ros2_build_ws/install/feixi_ros2_control/share/feixi_ros2_control/config/feixi_joint_trajectory_controller.yaml\n'}
[4.115477] (feixi_ros2_control) StdoutLine: {'line': b'-- Up-to-date: /home/star/program/real/programming/grinding/ros2_build_ws/install/feixi_ros2_control/share/feixi_ros2_control/config/ros2_controllers.yaml\n'}
[4.115525] (feixi_ros2_control) StdoutLine: {'line': b'-- Up-to-date: /home/star/program/real/programming/grinding/ros2_build_ws/install/feixi_ros2_control/share/feixi_ros2_control/config/feixi_joint_trajectory_effort.yaml\n'}
[4.115572] (feixi_ros2_control) StdoutLine: {'line': b'-- Up-to-date: /home/star/program/real/programming/grinding/ros2_build_ws/install/feixi_ros2_control/lib/feixi_ros2_control/send_feixi_demo_trajectory\n'}
[4.115634] (feixi_ros2_control) StdoutLine: {'line': b'-- Up-to-date: /home/star/program/real/programming/grinding/ros2_build_ws/install/feixi_ros2_control/lib/feixi_ros2_control/stream_feixi_joint_commands\n'}
[4.115681] (feixi_ros2_control) StdoutLine: {'line': b'-- Up-to-date: /home/star/program/real/programming/grinding/ros2_build_ws/install/feixi_ros2_control/share/feixi_ros2_control/scenes\n'}
[4.115729] (feixi_ros2_control) StdoutLine: {'line': b'-- Up-to-date: /home/star/program/real/programming/grinding/ros2_build_ws/install/feixi_ros2_control/share/feixi_ros2_control/scenes/models\n'}
[4.115774] (feixi_ros2_control) StdoutLine: {'line': b'-- Up-to-date: /home/star/program/real/programming/grinding/ros2_build_ws/install/feixi_ros2_control/share/feixi_ros2_control/scenes/models/feixi\n'}
[4.115822] (feixi_ros2_control) StdoutLine: {'line': b'-- Up-to-date: /home/star/program/real/programming/grinding/ros2_build_ws/install/feixi_ros2_control/share/feixi_ros2_control/scenes/models/feixi/feixi_with_gripper.xml\n'}
[4.115866] (feixi_ros2_control) StdoutLine: {'line': b'-- Up-to-date: /home/star/program/real/programming/grinding/ros2_build_ws/install/feixi_ros2_control/share/feixi_ros2_control/scenes/models/feixi/collision\n'}
[4.115914] (feixi_ros2_control) StdoutLine: {'line': b'-- Up-to-date: /home/star/program/real/programming/grinding/ros2_build_ws/install/feixi_ros2_control/share/feixi_ros2_control/scenes/models/feixi/collision/link6.stl\n'}
[4.115962] (feixi_ros2_control) StdoutLine: {'line': b'-- Up-to-date: /home/star/program/real/programming/grinding/ros2_build_ws/install/feixi_ros2_control/share/feixi_ros2_control/scenes/models/feixi/collision/link1.stl\n'}
[4.116008] (feixi_ros2_control) StdoutLine: {'line': b'-- Up-to-date: /home/star/program/real/programming/grinding/ros2_build_ws/install/feixi_ros2_control/share/feixi_ros2_control/scenes/models/feixi/collision/link7.stl\n'}
[4.116161] (feixi_ros2_control) StdoutLine: {'line': b'-- Up-to-date: /home/star/program/real/programming/grinding/ros2_build_ws/install/feixi_ros2_control/share/feixi_ros2_control/scenes/models/feixi/collision/link4.stl\n'}
[4.116239] (feixi_ros2_control) StdoutLine: {'line': b'-- Up-to-date: /home/star/program/real/programming/grinding/ros2_build_ws/install/feixi_ros2_control/share/feixi_ros2_control/scenes/models/feixi/collision/link3.stl\n'}
[4.116289] (feixi_ros2_control) StdoutLine: {'line': b'-- Up-to-date: /home/star/program/real/programming/grinding/ros2_build_ws/install/feixi_ros2_control/share/feixi_ros2_control/scenes/models/feixi/collision/link2.stl\n'}
[4.116345] (feixi_ros2_control) StdoutLine: {'line': b'-- Up-to-date: /home/star/program/real/programming/grinding/ros2_build_ws/install/feixi_ros2_control/share/feixi_ros2_control/scenes/models/feixi/collision/link5.stl\n'}
[4.116393] (feixi_ros2_control) StdoutLine: {'line': b'-- Up-to-date: /home/star/program/real/programming/grinding/ros2_build_ws/install/feixi_ros2_control/share/feixi_ros2_control/scenes/models/feixi/collision/link0.stl\n'}
[4.116439] (feixi_ros2_control) StdoutLine: {'line': b'-- Up-to-date: /home/star/program/real/programming/grinding/ros2_build_ws/install/feixi_ros2_control/share/feixi_ros2_control/scenes/models/feixi/visual\n'}
[4.116486] (feixi_ros2_control) StdoutLine: {'line': b'-- Up-to-date: /home/star/program/real/programming/grinding/ros2_build_ws/install/feixi_ros2_control/share/feixi_ros2_control/scenes/models/feixi/visual/link2.obj\n'}
[4.116535] (feixi_ros2_control) StdoutLine: {'line': b'-- Up-to-date: /home/star/program/real/programming/grinding/ros2_build_ws/install/feixi_ros2_control/share/feixi_ros2_control/scenes/models/feixi/visual/link5.mtl\n'}
[4.116592] (feixi_ros2_control) StdoutLine: {'line': b'-- Up-to-date: /home/star/program/real/programming/grinding/ros2_build_ws/install/feixi_ros2_control/share/feixi_ros2_control/scenes/models/feixi/visual/link1.obj\n'}
[4.116632] (feixi_ros2_control) StdoutLine: {'line': b'-- Up-to-date: /home/star/program/real/programming/grinding/ros2_build_ws/install/feixi_ros2_control/share/feixi_ros2_control/scenes/models/feixi/visual/link0.obj\n'}
[4.116669] (feixi_ros2_control) StdoutLine: {'line': b'-- Up-to-date: /home/star/program/real/programming/grinding/ros2_build_ws/install/feixi_ros2_control/share/feixi_ros2_control/scenes/models/feixi/visual/link3.mtl\n'}
[4.116707] (feixi_ros2_control) StdoutLine: {'line': b'-- Up-to-date: /home/star/program/real/programming/grinding/ros2_build_ws/install/feixi_ros2_control/share/feixi_ros2_control/scenes/models/feixi/visual/ring.mtl\n'}
[4.116744] (feixi_ros2_control) StdoutLine: {'line': b'-- Up-to-date: /home/star/program/real/programming/grinding/ros2_build_ws/install/feixi_ros2_control/share/feixi_ros2_control/scenes/models/feixi/visual/link5.obj\n'}
[4.116781] (feixi_ros2_control) StdoutLine: {'line': b'-- Up-to-date: /home/star/program/real/programming/grinding/ros2_build_ws/install/feixi_ros2_control/share/feixi_ros2_control/scenes/models/feixi/visual/link4.obj\n'}
[4.116842] (feixi_ros2_control) StdoutLine: {'line': b'-- Up-to-date: /home/star/program/real/programming/grinding/ros2_build_ws/install/feixi_ros2_control/share/feixi_ros2_control/scenes/models/feixi/visual/link2.mtl\n'}
[4.116876] (feixi_ros2_control) StdoutLine: {'line': b'-- Up-to-date: /home/star/program/real/programming/grinding/ros2_build_ws/install/feixi_ros2_control/share/feixi_ros2_control/scenes/models/feixi/visual/link7.obj\n'}
[4.116911] (feixi_ros2_control) StdoutLine: {'line': b'-- Up-to-date: /home/star/program/real/programming/grinding/ros2_build_ws/install/feixi_ros2_control/share/feixi_ros2_control/scenes/models/feixi/visual/ring.obj\n'}
[4.116945] (feixi_ros2_control) StdoutLine: {'line': b'-- Up-to-date: /home/star/program/real/programming/grinding/ros2_build_ws/install/feixi_ros2_control/share/feixi_ros2_control/scenes/models/feixi/visual/link4.mtl\n'}
[4.116982] (feixi_ros2_control) StdoutLine: {'line': b'-- Up-to-date: /home/star/program/real/programming/grinding/ros2_build_ws/install/feixi_ros2_control/share/feixi_ros2_control/scenes/models/feixi/visual/link7.mtl\n'}
[4.117017] (feixi_ros2_control) StdoutLine: {'line': b'-- Up-to-date: /home/star/program/real/programming/grinding/ros2_build_ws/install/feixi_ros2_control/share/feixi_ros2_control/scenes/models/feixi/visual/link3.obj\n'}
[4.117053] (feixi_ros2_control) StdoutLine: {'line': b'-- Up-to-date: /home/star/program/real/programming/grinding/ros2_build_ws/install/feixi_ros2_control/share/feixi_ros2_control/scenes/models/feixi/visual/link6.obj\n'}
[4.117087] (feixi_ros2_control) StdoutLine: {'line': b'-- Up-to-date: /home/star/program/real/programming/grinding/ros2_build_ws/install/feixi_ros2_control/share/feixi_ros2_control/scenes/models/feixi/visual/link1.mtl\n'}
[4.117121] (feixi_ros2_control) StdoutLine: {'line': b'-- Up-to-date: /home/star/program/real/programming/grinding/ros2_build_ws/install/feixi_ros2_control/share/feixi_ros2_control/scenes/models/feixi/visual/link0.mtl\n'}
[4.117154] (feixi_ros2_control) StdoutLine: {'line': b'-- Up-to-date: /home/star/program/real/programming/grinding/ros2_build_ws/install/feixi_ros2_control/share/feixi_ros2_control/scenes/models/feixi/visual/link6.mtl\n'}
[4.117192] (feixi_ros2_control) StdoutLine: {'line': b'-- Up-to-date: /home/star/program/real/programming/grinding/ros2_build_ws/install/feixi_ros2_control/share/feixi_ros2_control/scenes/models/feixi/feixi_model.xml\n'}
[4.117235] (feixi_ros2_control) StdoutLine: {'line': b'-- Up-to-date: /home/star/program/real/programming/grinding/ros2_build_ws/install/feixi_ros2_control/share/feixi_ros2_control/scenes/models/hand\n'}
[4.117275] (feixi_ros2_control) StdoutLine: {'line': b'-- Up-to-date: /home/star/program/real/programming/grinding/ros2_build_ws/install/feixi_ros2_control/share/feixi_ros2_control/scenes/models/hand/hand.xml\n'}
[4.117311] (feixi_ros2_control) StdoutLine: {'line': b'-- Up-to-date: /home/star/program/real/programming/grinding/ros2_build_ws/install/feixi_ros2_control/share/feixi_ros2_control/scenes/models/hand/collision\n'}
[4.117359] (feixi_ros2_control) StdoutLine: {'line': b'-- Up-to-date: /home/star/program/real/programming/grinding/ros2_build_ws/install/feixi_ros2_control/share/feixi_ros2_control/scenes/models/hand/collision/right_inner_knuckle.stl\n'}
[4.117396] (feixi_ros2_control) StdoutLine: {'line': b'-- Up-to-date: /home/star/program/real/programming/grinding/ros2_build_ws/install/feixi_ros2_control/share/feixi_ros2_control/scenes/models/hand/collision/right_outer_knuckle.stl\n'}
[4.117476] (feixi_ros2_control) StdoutLine: {'line': b'-- Up-to-date: /home/star/program/real/programming/grinding/ros2_build_ws/install/feixi_ros2_control/share/feixi_ros2_control/scenes/models/hand/collision/right_finger.stl\n'}
[4.117515] (feixi_ros2_control) StdoutLine: {'line': b'-- Up-to-date: /home/star/program/real/programming/grinding/ros2_build_ws/install/feixi_ros2_control/share/feixi_ros2_control/scenes/models/hand/collision/left_outer_knuckle.stl\n'}
[4.117549] (feixi_ros2_control) StdoutLine: {'line': b'-- Up-to-date: /home/star/program/real/programming/grinding/ros2_build_ws/install/feixi_ros2_control/share/feixi_ros2_control/scenes/models/hand/collision/left_finger.stl\n'}
[4.117586] (feixi_ros2_control) StdoutLine: {'line': b'-- Up-to-date: /home/star/program/real/programming/grinding/ros2_build_ws/install/feixi_ros2_control/share/feixi_ros2_control/scenes/models/hand/collision/left_inner_knuckle.stl\n'}
[4.117622] (feixi_ros2_control) StdoutLine: {'line': b'-- Up-to-date: /home/star/program/real/programming/grinding/ros2_build_ws/install/feixi_ros2_control/share/feixi_ros2_control/scenes/models/hand/collision/base_link.stl\n'}
[4.117658] (feixi_ros2_control) StdoutLine: {'line': b'-- Up-to-date: /home/star/program/real/programming/grinding/ros2_build_ws/install/feixi_ros2_control/share/feixi_ros2_control/scenes/models/hand/visual\n'}
[4.117721] (feixi_ros2_control) StdoutLine: {'line': b'-- Up-to-date: /home/star/program/real/programming/grinding/ros2_build_ws/install/feixi_ros2_control/share/feixi_ros2_control/scenes/models/hand/visual/right_inner_knuckle.stl\n'}
[4.117757] (feixi_ros2_control) StdoutLine: {'line': b'-- Up-to-date: /home/star/program/real/programming/grinding/ros2_build_ws/install/feixi_ros2_control/share/feixi_ros2_control/scenes/models/hand/visual/right_outer_knuckle.stl\n'}
[4.117794] (feixi_ros2_control) StdoutLine: {'line': b'-- Up-to-date: /home/star/program/real/programming/grinding/ros2_build_ws/install/feixi_ros2_control/share/feixi_ros2_control/scenes/models/hand/visual/right_finger.stl\n'}
[4.117868] (feixi_ros2_control) StdoutLine: {'line': b'-- Up-to-date: /home/star/program/real/programming/grinding/ros2_build_ws/install/feixi_ros2_control/share/feixi_ros2_control/scenes/models/hand/visual/left_outer_knuckle.stl\n'}
[4.117907] (feixi_ros2_control) StdoutLine: {'line': b'-- Up-to-date: /home/star/program/real/programming/grinding/ros2_build_ws/install/feixi_ros2_control/share/feixi_ros2_control/scenes/models/hand/visual/left_finger.stl\n'}
[4.117943] (feixi_ros2_control) StdoutLine: {'line': b'-- Up-to-date: /home/star/program/real/programming/grinding/ros2_build_ws/install/feixi_ros2_control/share/feixi_ros2_control/scenes/models/hand/visual/left_inner_knuckle.stl\n'}
[4.117979] (feixi_ros2_control) StdoutLine: {'line': b'-- Up-to-date: /home/star/program/real/programming/grinding/ros2_build_ws/install/feixi_ros2_control/share/feixi_ros2_control/scenes/models/hand/visual/base_link.stl\n'}
[4.118027] (feixi_ros2_control) StdoutLine: {'line': b'-- Up-to-date: /home/star/program/real/programming/grinding/ros2_build_ws/install/feixi_ros2_control/share/feixi_ros2_control/scenes/arm_with_gripper.xml\n'}
[4.118063] (feixi_ros2_control) StdoutLine: {'line': b'-- Up-to-date: /home/star/program/real/programming/grinding/ros2_build_ws/install/feixi_ros2_control/share/feixi_ros2_control/scenes/arm_only.xml\n'}
[4.118099] (feixi_ros2_control) StdoutLine: {'line': b'-- Up-to-date: /home/star/program/real/programming/grinding/ros2_build_ws/install/feixi_ros2_control/share/feixi_ros2_control/environment/library_path.sh\n'}
[4.118130] (feixi_ros2_control) StdoutLine: {'line': b'-- Up-to-date: /home/star/program/real/programming/grinding/ros2_build_ws/install/feixi_ros2_control/share/feixi_ros2_control/environment/library_path.dsv\n'}
[4.118175] (feixi_ros2_control) StdoutLine: {'line': b'-- Up-to-date: /home/star/program/real/programming/grinding/ros2_build_ws/install/feixi_ros2_control/share/ament_index/resource_index/package_run_dependencies/feixi_ros2_control\n'}
[4.118206] (feixi_ros2_control) StdoutLine: {'line': b'-- Installing: /home/star/program/real/programming/grinding/ros2_build_ws/install/feixi_ros2_control/share/ament_index/resource_index/parent_prefix_path/feixi_ros2_control\n'}
[4.118237] (feixi_ros2_control) StdoutLine: {'line': b'-- Up-to-date: /home/star/program/real/programming/grinding/ros2_build_ws/install/feixi_ros2_control/share/feixi_ros2_control/environment/ament_prefix_path.sh\n'}
[4.118270] (feixi_ros2_control) StdoutLine: {'line': b'-- Up-to-date: /home/star/program/real/programming/grinding/ros2_build_ws/install/feixi_ros2_control/share/feixi_ros2_control/environment/ament_prefix_path.dsv\n'}
[4.118301] (feixi_ros2_control) StdoutLine: {'line': b'-- Up-to-date: /home/star/program/real/programming/grinding/ros2_build_ws/install/feixi_ros2_control/share/feixi_ros2_control/environment/path.sh\n'}
[4.118339] (feixi_ros2_control) StdoutLine: {'line': b'-- Up-to-date: /home/star/program/real/programming/grinding/ros2_build_ws/install/feixi_ros2_control/share/feixi_ros2_control/environment/path.dsv\n'}
[4.118371] (feixi_ros2_control) StdoutLine: {'line': b'-- Up-to-date: /home/star/program/real/programming/grinding/ros2_build_ws/install/feixi_ros2_control/share/feixi_ros2_control/local_setup.bash\n'}
[4.118403] (feixi_ros2_control) StdoutLine: {'line': b'-- Up-to-date: /home/star/program/real/programming/grinding/ros2_build_ws/install/feixi_ros2_control/share/feixi_ros2_control/local_setup.sh\n'}
[4.118601] (feixi_ros2_control) StdoutLine: {'line': b'-- Up-to-date: /home/star/program/real/programming/grinding/ros2_build_ws/install/feixi_ros2_control/share/feixi_ros2_control/local_setup.zsh\n'}
[4.118635] (feixi_ros2_control) StdoutLine: {'line': b'-- Up-to-date: /home/star/program/real/programming/grinding/ros2_build_ws/install/feixi_ros2_control/share/feixi_ros2_control/local_setup.dsv\n'}
[4.118665] (feixi_ros2_control) StdoutLine: {'line': b'-- Installing: /home/star/program/real/programming/grinding/ros2_build_ws/install/feixi_ros2_control/share/feixi_ros2_control/package.dsv\n'}
[4.118696] (feixi_ros2_control) StdoutLine: {'line': b'-- Up-to-date: /home/star/program/real/programming/grinding/ros2_build_ws/install/feixi_ros2_control/share/ament_index/resource_index/packages/feixi_ros2_control\n'}
[4.118843] (feixi_ros2_control) StdoutLine: {'line': b'-- Up-to-date: /home/star/program/real/programming/grinding/ros2_build_ws/install/feixi_ros2_control/share/ament_index/resource_index/hardware_interface__pluginlib__plugin/feixi_ros2_control\n'}
[4.118878] (feixi_ros2_control) StdoutLine: {'line': b'-- Up-to-date: /home/star/program/real/programming/grinding/ros2_build_ws/install/feixi_ros2_control/share/feixi_ros2_control/cmake/ament_cmake_export_include_directories-extras.cmake\n'}
[4.118910] (feixi_ros2_control) StdoutLine: {'line': b'-- Up-to-date: /home/star/program/real/programming/grinding/ros2_build_ws/install/feixi_ros2_control/share/feixi_ros2_control/cmake/ament_cmake_export_dependencies-extras.cmake\n'}
[4.118940] (feixi_ros2_control) StdoutLine: {'line': b'-- Up-to-date: /home/star/program/real/programming/grinding/ros2_build_ws/install/feixi_ros2_control/share/feixi_ros2_control/cmake/ament_cmake_export_libraries-extras.cmake\n'}
[4.118971] (feixi_ros2_control) StdoutLine: {'line': b'-- Up-to-date: /home/star/program/real/programming/grinding/ros2_build_ws/install/feixi_ros2_control/share/feixi_ros2_control/cmake/feixi_ros2_controlConfig.cmake\n'}
[4.119042] (feixi_ros2_control) StdoutLine: {'line': b'-- Up-to-date: /home/star/program/real/programming/grinding/ros2_build_ws/install/feixi_ros2_control/share/feixi_ros2_control/cmake/feixi_ros2_controlConfig-version.cmake\n'}
[4.119077] (feixi_ros2_control) StdoutLine: {'line': b'-- Up-to-date: /home/star/program/real/programming/grinding/ros2_build_ws/install/feixi_ros2_control/share/feixi_ros2_control/package.xml\n'}
[4.119111] (feixi_ros2_control) CommandEnded: {'returncode': 0}
[4.131364] (feixi_ros2_control) JobEnded: {'identifier': 'feixi_ros2_control', 'rc': 0}
[4.131702] (-) EventReactorShutdown: {}
